This file contains any messages produced by compilers while
running configure, to aid debugging if configure makes a mistake.

It was created by GNU C Runtime Library configure 1.0, which was
generated by GNU Autoconf 2.64.  Invocation command line was

  $ /home/lsoave/Docker/TMP/buildroot-2013.05/output/toolchain/gcc-4.7.3/libgcc/configure --cache-file=./config.cache --with-cross-host=x86_64-unknown-linux-gnu --prefix=/home/lsoave/Docker/TMP/buildroot-2013.05/output/host/usr --with-sysroot=/home/lsoave/Docker/TMP/buildroot-2013.05/output/toolchain/uClibc_dev/ --disable-__cxa_atexit --enable-target-optspace --disable-libquadmath --disable-libgomp --with-gnu-ld --enable-shared --disable-libssp --disable-multilib --enable-tls --disable-nls --enable-threads --disable-decimal-float --with-tune=generic --disable-largefile --with-pkgversion=Buildroot 2013.05 --with-bugurl=http://bugs.buildroot.net/ --enable-languages=c,lto --program-transform-name=s&^&x86_64-buildroot-linux-uclibc-& --disable-option-checking --with-target-subdir=x86_64-buildroot-linux-uclibc --build=x86_64-unknown-linux-gnu --host=x86_64-buildroot-linux-uclibc --target=x86_64-buildroot-linux-uclibc --srcdir=/home/lsoave/Docker/TMP/buildroot-2013.05/output/toolchain/gcc-4.7.3/libgcc

## --------- ##
## Platform. ##
## --------- ##

hostname = basenode
uname -m = x86_64
uname -r = 3.11.0-14-generic
uname -s = Linux
uname -v = #21-Ubuntu SMP Tue Nov 12 17:04:55 UTC 2013

/usr/bin/uname -p = unknown
/bin/uname -X     = unknown

/bin/arch              = unknown
/usr/bin/arch -k       = unknown
/usr/convex/getsysinfo = unknown
/usr/bin/hostinfo      = unknown
/bin/machine           = unknown
/usr/bin/oslevel       = unknown
/bin/universe          = unknown

PATH: /home/lsoave/Docker/TMP/buildroot-2013.05/output/host/bin
PATH: /home/lsoave/Docker/TMP/buildroot-2013.05/output/host/usr/bin
PATH: /usr/local/sbin
PATH: /usr/local/bin
PATH: /usr/sbin
PATH: /usr/bin
PATH: /sbin
PATH: /bin


## ----------- ##
## Core tests. ##
## ----------- ##

configure:1976: creating cache ./config.cache
configure:2144: checking build system type
configure:2158: result: x86_64-unknown-linux-gnu
configure:2178: checking host system type
configure:2191: result: x86_64-buildroot-linux-uclibc
configure:2289: checking for --enable-version-specific-runtime-libs
configure:2302: result: no
configure:2350: checking for a BSD-compatible install
configure:2418: result: /usr/bin/install -c
configure:2434: checking for gawk
configure:2461: result: mawk
configure:2561: checking for x86_64-buildroot-linux-uclibc-ar
configure:2588: result: /home/lsoave/Docker/TMP/buildroot-2013.05/output/host/usr/x86_64-buildroot-linux-uclibc/bin/ar
configure:2653: checking for x86_64-buildroot-linux-uclibc-lipo
configure:2680: result: x86_64-buildroot-linux-uclibc-lipo
configure:2745: checking for x86_64-buildroot-linux-uclibc-nm
configure:2772: result: /home/lsoave/Docker/TMP/buildroot-2013.05/output/toolchain/gcc-4.7.3-intermediate/./gcc/nm
configure:2837: checking for x86_64-buildroot-linux-uclibc-ranlib
configure:2864: result: /home/lsoave/Docker/TMP/buildroot-2013.05/output/host/usr/x86_64-buildroot-linux-uclibc/bin/ranlib
configure:2929: checking for x86_64-buildroot-linux-uclibc-strip
configure:2956: result: /home/lsoave/Docker/TMP/buildroot-2013.05/output/host/usr/x86_64-buildroot-linux-uclibc/bin/strip
configure:3018: checking whether ln -s works
configure:3022: result: yes
configure:3039: checking for x86_64-buildroot-linux-uclibc-gcc
configure:3066: result:  /home/lsoave/Docker/TMP/buildroot-2013.05/output/toolchain/gcc-4.7.3-intermediate/./gcc/xgcc -B/home/lsoave/Docker/TMP/buildroot-2013.05/output/toolchain/gcc-4.7.3-intermediate/./gcc/ -B/home/lsoave/Docker/TMP/buildroot-2013.05/output/host/usr/x86_64-buildroot-linux-uclibc/bin/ -B/home/lsoave/Docker/TMP/buildroot-2013.05/output/host/usr/x86_64-buildroot-linux-uclibc/lib/ -isystem /home/lsoave/Docker/TMP/buildroot-2013.05/output/host/usr/x86_64-buildroot-linux-uclibc/include -isystem /home/lsoave/Docker/TMP/buildroot-2013.05/output/host/usr/x86_64-buildroot-linux-uclibc/sys-include   
configure:3335: checking for C compiler version
configure:3344:  /home/lsoave/Docker/TMP/buildroot-2013.05/output/toolchain/gcc-4.7.3-intermediate/./gcc/xgcc -B/home/lsoave/Docker/TMP/buildroot-2013.05/output/toolchain/gcc-4.7.3-intermediate/./gcc/ -B/home/lsoave/Docker/TMP/buildroot-2013.05/output/host/usr/x86_64-buildroot-linux-uclibc/bin/ -B/home/lsoave/Docker/TMP/buildroot-2013.05/output/host/usr/x86_64-buildroot-linux-uclibc/lib/ -isystem /home/lsoave/Docker/TMP/buildroot-2013.05/output/host/usr/x86_64-buildroot-linux-uclibc/include -isystem /home/lsoave/Docker/TMP/buildroot-2013.05/output/host/usr/x86_64-buildroot-linux-uclibc/sys-include    --version >&5
xgcc (Buildroot 2013.05) 4.7.3
Copyright (C) 2012 Free Software Foundation, Inc.
This is free software; see the source for copying conditions.  There is NO
warranty; not even for MERCHANTABILITY or FITNESS FOR A PARTICULAR PURPOSE.

configure:3355: $? = 0
configure:3344:  /home/lsoave/Docker/TMP/buildroot-2013.05/output/toolchain/gcc-4.7.3-intermediate/./gcc/xgcc -B/home/lsoave/Docker/TMP/buildroot-2013.05/output/toolchain/gcc-4.7.3-intermediate/./gcc/ -B/home/lsoave/Docker/TMP/buildroot-2013.05/output/host/usr/x86_64-buildroot-linux-uclibc/bin/ -B/home/lsoave/Docker/TMP/buildroot-2013.05/output/host/usr/x86_64-buildroot-linux-uclibc/lib/ -isystem /home/lsoave/Docker/TMP/buildroot-2013.05/output/host/usr/x86_64-buildroot-linux-uclibc/include -isystem /home/lsoave/Docker/TMP/buildroot-2013.05/output/host/usr/x86_64-buildroot-linux-uclibc/sys-include    -v >&5
Reading specs from /home/lsoave/Docker/TMP/buildroot-2013.05/output/toolchain/gcc-4.7.3-intermediate/./gcc/specs
COLLECT_GCC=/home/lsoave/Docker/TMP/buildroot-2013.05/output/toolchain/gcc-4.7.3-intermediate/./gcc/xgcc
COLLECT_LTO_WRAPPER=/home/lsoave/Docker/TMP/buildroot-2013.05/output/toolchain/gcc-4.7.3-intermediate/./gcc/lto-wrapper
Target: x86_64-buildroot-linux-uclibc
Configured with: /home/lsoave/Docker/TMP/buildroot-2013.05/output/toolchain/gcc-4.7.3/configure --prefix=/home/lsoave/Docker/TMP/buildroot-2013.05/output/host/usr --build=x86_64-unknown-linux-gnu --host=x86_64-unknown-linux-gnu --target=x86_64-buildroot-linux-uclibc --enable-languages=c --with-sysroot=/home/lsoave/Docker/TMP/buildroot-2013.05/output/toolchain/uClibc_dev/ --disable-__cxa_atexit --enable-target-optspace --disable-libquadmath --disable-libgomp --with-gnu-ld --enable-shared --disable-libssp --disable-multilib --enable-tls --with-gmp=/home/lsoave/Docker/TMP/buildroot-2013.05/output/host/usr --with-mpfr=/home/lsoave/Docker/TMP/buildroot-2013.05/output/host/usr --with-mpc=/home/lsoave/Docker/TMP/buildroot-2013.05/output/host/usr --disable-nls --enable-threads --disable-decimal-float --with-tune=generic --disable-largefile --with-pkgversion='Buildroot 2013.05' --with-bugurl=http://bugs.buildroot.net/
Thread model: posix
gcc version 4.7.3 (Buildroot 2013.05) 
configure:3355: $? = 0
configure:3344:  /home/lsoave/Docker/TMP/buildroot-2013.05/output/toolchain/gcc-4.7.3-intermediate/./gcc/xgcc -B/home/lsoave/Docker/TMP/buildroot-2013.05/output/toolchain/gcc-4.7.3-intermediate/./gcc/ -B/home/lsoave/Docker/TMP/buildroot-2013.05/output/host/usr/x86_64-buildroot-linux-uclibc/bin/ -B/home/lsoave/Docker/TMP/buildroot-2013.05/output/host/usr/x86_64-buildroot-linux-uclibc/lib/ -isystem /home/lsoave/Docker/TMP/buildroot-2013.05/output/host/usr/x86_64-buildroot-linux-uclibc/include -isystem /home/lsoave/Docker/TMP/buildroot-2013.05/output/host/usr/x86_64-buildroot-linux-uclibc/sys-include    -V >&5
xgcc: error: unrecognized command line option '-V'
xgcc: fatal error: no input files
compilation terminated.
configure:3355: $? = 1
configure:3344:  /home/lsoave/Docker/TMP/buildroot-2013.05/output/toolchain/gcc-4.7.3-intermediate/./gcc/xgcc -B/home/lsoave/Docker/TMP/buildroot-2013.05/output/toolchain/gcc-4.7.3-intermediate/./gcc/ -B/home/lsoave/Docker/TMP/buildroot-2013.05/output/host/usr/x86_64-buildroot-linux-uclibc/bin/ -B/home/lsoave/Docker/TMP/buildroot-2013.05/output/host/usr/x86_64-buildroot-linux-uclibc/lib/ -isystem /home/lsoave/Docker/TMP/buildroot-2013.05/output/host/usr/x86_64-buildroot-linux-uclibc/include -isystem /home/lsoave/Docker/TMP/buildroot-2013.05/output/host/usr/x86_64-buildroot-linux-uclibc/sys-include    -qversion >&5
xgcc: error: unrecognized command line option '-qversion'
xgcc: fatal error: no input files
compilation terminated.
configure:3355: $? = 1
configure:3371:  /home/lsoave/Docker/TMP/buildroot-2013.05/output/toolchain/gcc-4.7.3-intermediate/./gcc/xgcc -B/home/lsoave/Docker/TMP/buildroot-2013.05/output/toolchain/gcc-4.7.3-intermediate/./gcc/ -B/home/lsoave/Docker/TMP/buildroot-2013.05/output/host/usr/x86_64-buildroot-linux-uclibc/bin/ -B/home/lsoave/Docker/TMP/buildroot-2013.05/output/host/usr/x86_64-buildroot-linux-uclibc/lib/ -isystem /home/lsoave/Docker/TMP/buildroot-2013.05/output/host/usr/x86_64-buildroot-linux-uclibc/include -isystem /home/lsoave/Docker/TMP/buildroot-2013.05/output/host/usr/x86_64-buildroot-linux-uclibc/sys-include    -o conftest -g -Os   conftest.c  >&5
/home/lsoave/Docker/TMP/buildroot-2013.05/output/host/usr/x86_64-buildroot-linux-uclibc/bin/ld: cannot find crtbegin.o: No such file or directory
/home/lsoave/Docker/TMP/buildroot-2013.05/output/host/usr/x86_64-buildroot-linux-uclibc/bin/ld: cannot find -lgcc
/home/lsoave/Docker/TMP/buildroot-2013.05/output/host/usr/x86_64-buildroot-linux-uclibc/bin/ld: cannot find -lgcc_s
/home/lsoave/Docker/TMP/buildroot-2013.05/output/host/usr/x86_64-buildroot-linux-uclibc/bin/ld: cannot find -lgcc
/home/lsoave/Docker/TMP/buildroot-2013.05/output/host/usr/x86_64-buildroot-linux-uclibc/bin/ld: cannot find -lgcc_s
/home/lsoave/Docker/TMP/buildroot-2013.05/output/host/usr/x86_64-buildroot-linux-uclibc/bin/ld: cannot find crtend.o: No such file or directory
collect2: error: ld returned 1 exit status
configure:3374: $? = 1
configure:3562: checking for suffix of object files
configure:3584:  /home/lsoave/Docker/TMP/buildroot-2013.05/output/toolchain/gcc-4.7.3-intermediate/./gcc/xgcc -B/home/lsoave/Docker/TMP/buildroot-2013.05/output/toolchain/gcc-4.7.3-intermediate/./gcc/ -B/home/lsoave/Docker/TMP/buildroot-2013.05/output/host/usr/x86_64-buildroot-linux-uclibc/bin/ -B/home/lsoave/Docker/TMP/buildroot-2013.05/output/host/usr/x86_64-buildroot-linux-uclibc/lib/ -isystem /home/lsoave/Docker/TMP/buildroot-2013.05/output/host/usr/x86_64-buildroot-linux-uclibc/include -isystem /home/lsoave/Docker/TMP/buildroot-2013.05/output/host/usr/x86_64-buildroot-linux-uclibc/sys-include    -c -g -Os  conftest.c >&5
configure:3588: $? = 0
configure:3609: result: o
configure:3613: checking whether we are using the GNU C compiler
configure:3632:  /home/lsoave/Docker/TMP/buildroot-2013.05/output/toolchain/gcc-4.7.3-intermediate/./gcc/xgcc -B/home/lsoave/Docker/TMP/buildroot-2013.05/output/toolchain/gcc-4.7.3-intermediate/./gcc/ -B/home/lsoave/Docker/TMP/buildroot-2013.05/output/host/usr/x86_64-buildroot-linux-uclibc/bin/ -B/home/lsoave/Docker/TMP/buildroot-2013.05/output/host/usr/x86_64-buildroot-linux-uclibc/lib/ -isystem /home/lsoave/Docker/TMP/buildroot-2013.05/output/host/usr/x86_64-buildroot-linux-uclibc/include -isystem /home/lsoave/Docker/TMP/buildroot-2013.05/output/host/usr/x86_64-buildroot-linux-uclibc/sys-include    -c -g -Os  conftest.c >&5
configure:3632: $? = 0
configure:3641: result: yes
configure:3650: checking whether  /home/lsoave/Docker/TMP/buildroot-2013.05/output/toolchain/gcc-4.7.3-intermediate/./gcc/xgcc -B/home/lsoave/Docker/TMP/buildroot-2013.05/output/toolchain/gcc-4.7.3-intermediate/./gcc/ -B/home/lsoave/Docker/TMP/buildroot-2013.05/output/host/usr/x86_64-buildroot-linux-uclibc/bin/ -B/home/lsoave/Docker/TMP/buildroot-2013.05/output/host/usr/x86_64-buildroot-linux-uclibc/lib/ -isystem /home/lsoave/Docker/TMP/buildroot-2013.05/output/host/usr/x86_64-buildroot-linux-uclibc/include -isystem /home/lsoave/Docker/TMP/buildroot-2013.05/output/host/usr/x86_64-buildroot-linux-uclibc/sys-include    accepts -g
configure:3670:  /home/lsoave/Docker/TMP/buildroot-2013.05/output/toolchain/gcc-4.7.3-intermediate/./gcc/xgcc -B/home/lsoave/Docker/TMP/buildroot-2013.05/output/toolchain/gcc-4.7.3-intermediate/./gcc/ -B/home/lsoave/Docker/TMP/buildroot-2013.05/output/host/usr/x86_64-buildroot-linux-uclibc/bin/ -B/home/lsoave/Docker/TMP/buildroot-2013.05/output/host/usr/x86_64-buildroot-linux-uclibc/lib/ -isystem /home/lsoave/Docker/TMP/buildroot-2013.05/output/host/usr/x86_64-buildroot-linux-uclibc/include -isystem /home/lsoave/Docker/TMP/buildroot-2013.05/output/host/usr/x86_64-buildroot-linux-uclibc/sys-include    -c -g  conftest.c >&5
configure:3670: $? = 0
configure:3711: result: yes
configure:3728: checking for  /home/lsoave/Docker/TMP/buildroot-2013.05/output/toolchain/gcc-4.7.3-intermediate/./gcc/xgcc -B/home/lsoave/Docker/TMP/buildroot-2013.05/output/toolchain/gcc-4.7.3-intermediate/./gcc/ -B/home/lsoave/Docker/TMP/buildroot-2013.05/output/host/usr/x86_64-buildroot-linux-uclibc/bin/ -B/home/lsoave/Docker/TMP/buildroot-2013.05/output/host/usr/x86_64-buildroot-linux-uclibc/lib/ -isystem /home/lsoave/Docker/TMP/buildroot-2013.05/output/host/usr/x86_64-buildroot-linux-uclibc/include -isystem /home/lsoave/Docker/TMP/buildroot-2013.05/output/host/usr/x86_64-buildroot-linux-uclibc/sys-include    option to accept ISO C89
configure:3792:  /home/lsoave/Docker/TMP/buildroot-2013.05/output/toolchain/gcc-4.7.3-intermediate/./gcc/xgcc -B/home/lsoave/Docker/TMP/buildroot-2013.05/output/toolchain/gcc-4.7.3-intermediate/./gcc/ -B/home/lsoave/Docker/TMP/buildroot-2013.05/output/host/usr/x86_64-buildroot-linux-uclibc/bin/ -B/home/lsoave/Docker/TMP/buildroot-2013.05/output/host/usr/x86_64-buildroot-linux-uclibc/lib/ -isystem /home/lsoave/Docker/TMP/buildroot-2013.05/output/host/usr/x86_64-buildroot-linux-uclibc/include -isystem /home/lsoave/Docker/TMP/buildroot-2013.05/output/host/usr/x86_64-buildroot-linux-uclibc/sys-include     -c -g -Os  conftest.c >&5
configure:3792: $? = 0
configure:3805: result: none needed
configure:3830: checking how to run the C preprocessor
configure:3861:  /home/lsoave/Docker/TMP/buildroot-2013.05/output/toolchain/gcc-4.7.3-intermediate/./gcc/xgcc -B/home/lsoave/Docker/TMP/buildroot-2013.05/output/toolchain/gcc-4.7.3-intermediate/./gcc/ -B/home/lsoave/Docker/TMP/buildroot-2013.05/output/host/usr/x86_64-buildroot-linux-uclibc/bin/ -B/home/lsoave/Docker/TMP/buildroot-2013.05/output/host/usr/x86_64-buildroot-linux-uclibc/lib/ -isystem /home/lsoave/Docker/TMP/buildroot-2013.05/output/host/usr/x86_64-buildroot-linux-uclibc/include -isystem /home/lsoave/Docker/TMP/buildroot-2013.05/output/host/usr/x86_64-buildroot-linux-uclibc/sys-include    -E  conftest.c
configure:3861: $? = 0
configure:3875:  /home/lsoave/Docker/TMP/buildroot-2013.05/output/toolchain/gcc-4.7.3-intermediate/./gcc/xgcc -B/home/lsoave/Docker/TMP/buildroot-2013.05/output/toolchain/gcc-4.7.3-intermediate/./gcc/ -B/home/lsoave/Docker/TMP/buildroot-2013.05/output/host/usr/x86_64-buildroot-linux-uclibc/bin/ -B/home/lsoave/Docker/TMP/buildroot-2013.05/output/host/usr/x86_64-buildroot-linux-uclibc/lib/ -isystem /home/lsoave/Docker/TMP/buildroot-2013.05/output/host/usr/x86_64-buildroot-linux-uclibc/include -isystem /home/lsoave/Docker/TMP/buildroot-2013.05/output/host/usr/x86_64-buildroot-linux-uclibc/sys-include    -E  conftest.c
conftest.c:9:28: fatal error: ac_nonexistent.h: No such file or directory
compilation terminated.
configure:3875: $? = 1
configure: failed program was:
| /* confdefs.h */
| #define PACKAGE_NAME "GNU C Runtime Library"
| #define PACKAGE_TARNAME "libgcc"
| #define PACKAGE_VERSION "1.0"
| #define PACKAGE_STRING "GNU C Runtime Library 1.0"
| #define PACKAGE_BUGREPORT ""
| #define PACKAGE_URL "http://www.gnu.org/software/libgcc/"
| /* end confdefs.h.  */
| #include <ac_nonexistent.h>
configure:3900: result:  /home/lsoave/Docker/TMP/buildroot-2013.05/output/toolchain/gcc-4.7.3-intermediate/./gcc/xgcc -B/home/lsoave/Docker/TMP/buildroot-2013.05/output/toolchain/gcc-4.7.3-intermediate/./gcc/ -B/home/lsoave/Docker/TMP/buildroot-2013.05/output/host/usr/x86_64-buildroot-linux-uclibc/bin/ -B/home/lsoave/Docker/TMP/buildroot-2013.05/output/host/usr/x86_64-buildroot-linux-uclibc/lib/ -isystem /home/lsoave/Docker/TMP/buildroot-2013.05/output/host/usr/x86_64-buildroot-linux-uclibc/include -isystem /home/lsoave/Docker/TMP/buildroot-2013.05/output/host/usr/x86_64-buildroot-linux-uclibc/sys-include    -E
configure:3920:  /home/lsoave/Docker/TMP/buildroot-2013.05/output/toolchain/gcc-4.7.3-intermediate/./gcc/xgcc -B/home/lsoave/Docker/TMP/buildroot-2013.05/output/toolchain/gcc-4.7.3-intermediate/./gcc/ -B/home/lsoave/Docker/TMP/buildroot-2013.05/output/host/usr/x86_64-buildroot-linux-uclibc/bin/ -B/home/lsoave/Docker/TMP/buildroot-2013.05/output/host/usr/x86_64-buildroot-linux-uclibc/lib/ -isystem /home/lsoave/Docker/TMP/buildroot-2013.05/output/host/usr/x86_64-buildroot-linux-uclibc/include -isystem /home/lsoave/Docker/TMP/buildroot-2013.05/output/host/usr/x86_64-buildroot-linux-uclibc/sys-include    -E  conftest.c
configure:3920: $? = 0
configure:3934:  /home/lsoave/Docker/TMP/buildroot-2013.05/output/toolchain/gcc-4.7.3-intermediate/./gcc/xgcc -B/home/lsoave/Docker/TMP/buildroot-2013.05/output/toolchain/gcc-4.7.3-intermediate/./gcc/ -B/home/lsoave/Docker/TMP/buildroot-2013.05/output/host/usr/x86_64-buildroot-linux-uclibc/bin/ -B/home/lsoave/Docker/TMP/buildroot-2013.05/output/host/usr/x86_64-buildroot-linux-uclibc/lib/ -isystem /home/lsoave/Docker/TMP/buildroot-2013.05/output/host/usr/x86_64-buildroot-linux-uclibc/include -isystem /home/lsoave/Docker/TMP/buildroot-2013.05/output/host/usr/x86_64-buildroot-linux-uclibc/sys-include    -E  conftest.c
conftest.c:9:28: fatal error: ac_nonexistent.h: No such file or directory
compilation terminated.
configure:3934: $? = 1
configure: failed program was:
| /* confdefs.h */
| #define PACKAGE_NAME "GNU C Runtime Library"
| #define PACKAGE_TARNAME "libgcc"
| #define PACKAGE_VERSION "1.0"
| #define PACKAGE_STRING "GNU C Runtime Library 1.0"
| #define PACKAGE_BUGREPORT ""
| #define PACKAGE_URL "http://www.gnu.org/software/libgcc/"
| /* end confdefs.h.  */
| #include <ac_nonexistent.h>
configure:3971: checking size of double
configure:3976:  /home/lsoave/Docker/TMP/buildroot-2013.05/output/toolchain/gcc-4.7.3-intermediate/./gcc/xgcc -B/home/lsoave/Docker/TMP/buildroot-2013.05/output/toolchain/gcc-4.7.3-intermediate/./gcc/ -B/home/lsoave/Docker/TMP/buildroot-2013.05/output/host/usr/x86_64-buildroot-linux-uclibc/bin/ -B/home/lsoave/Docker/TMP/buildroot-2013.05/output/host/usr/x86_64-buildroot-linux-uclibc/lib/ -isystem /home/lsoave/Docker/TMP/buildroot-2013.05/output/host/usr/x86_64-buildroot-linux-uclibc/include -isystem /home/lsoave/Docker/TMP/buildroot-2013.05/output/host/usr/x86_64-buildroot-linux-uclibc/sys-include    -c -g -Os  conftest.c >&5
configure:3976: $? = 0
configure:3976:  /home/lsoave/Docker/TMP/buildroot-2013.05/output/toolchain/gcc-4.7.3-intermediate/./gcc/xgcc -B/home/lsoave/Docker/TMP/buildroot-2013.05/output/toolchain/gcc-4.7.3-intermediate/./gcc/ -B/home/lsoave/Docker/TMP/buildroot-2013.05/output/host/usr/x86_64-buildroot-linux-uclibc/bin/ -B/home/lsoave/Docker/TMP/buildroot-2013.05/output/host/usr/x86_64-buildroot-linux-uclibc/lib/ -isystem /home/lsoave/Docker/TMP/buildroot-2013.05/output/host/usr/x86_64-buildroot-linux-uclibc/include -isystem /home/lsoave/Docker/TMP/buildroot-2013.05/output/host/usr/x86_64-buildroot-linux-uclibc/sys-include    -c -g -Os  conftest.c >&5
conftest.c: In function 'main':
conftest.c:13:12: error: size of array 'test_array' is negative
configure:3976: $? = 1
configure: failed program was:
| /* confdefs.h */
| #define PACKAGE_NAME "GNU C Runtime Library"
| #define PACKAGE_TARNAME "libgcc"
| #define PACKAGE_VERSION "1.0"
| #define PACKAGE_STRING "GNU C Runtime Library 1.0"
| #define PACKAGE_BUGREPORT ""
| #define PACKAGE_URL "http://www.gnu.org/software/libgcc/"
| /* end confdefs.h.  */
| /* none */
| int
| main ()
| {
| static int test_array [1 - 2 * !(((long int) (sizeof (double))) <= 0)];
| test_array [0] = 0
| 
|   ;
|   return 0;
| }
configure:3976:  /home/lsoave/Docker/TMP/buildroot-2013.05/output/toolchain/gcc-4.7.3-intermediate/./gcc/xgcc -B/home/lsoave/Docker/TMP/buildroot-2013.05/output/toolchain/gcc-4.7.3-intermediate/./gcc/ -B/home/lsoave/Docker/TMP/buildroot-2013.05/output/host/usr/x86_64-buildroot-linux-uclibc/bin/ -B/home/lsoave/Docker/TMP/buildroot-2013.05/output/host/usr/x86_64-buildroot-linux-uclibc/lib/ -isystem /home/lsoave/Docker/TMP/buildroot-2013.05/output/host/usr/x86_64-buildroot-linux-uclibc/include -isystem /home/lsoave/Docker/TMP/buildroot-2013.05/output/host/usr/x86_64-buildroot-linux-uclibc/sys-include    -c -g -Os  conftest.c >&5
conftest.c: In function 'main':
conftest.c:13:12: error: size of array 'test_array' is negative
configure:3976: $? = 1
configure: failed program was:
| /* confdefs.h */
| #define PACKAGE_NAME "GNU C Runtime Library"
| #define PACKAGE_TARNAME "libgcc"
| #define PACKAGE_VERSION "1.0"
| #define PACKAGE_STRING "GNU C Runtime Library 1.0"
| #define PACKAGE_BUGREPORT ""
| #define PACKAGE_URL "http://www.gnu.org/software/libgcc/"
| /* end confdefs.h.  */
| /* none */
| int
| main ()
| {
| static int test_array [1 - 2 * !(((long int) (sizeof (double))) <= 1)];
| test_array [0] = 0
| 
|   ;
|   return 0;
| }
configure:3976:  /home/lsoave/Docker/TMP/buildroot-2013.05/output/toolchain/gcc-4.7.3-intermediate/./gcc/xgcc -B/home/lsoave/Docker/TMP/buildroot-2013.05/output/toolchain/gcc-4.7.3-intermediate/./gcc/ -B/home/lsoave/Docker/TMP/buildroot-2013.05/output/host/usr/x86_64-buildroot-linux-uclibc/bin/ -B/home/lsoave/Docker/TMP/buildroot-2013.05/output/host/usr/x86_64-buildroot-linux-uclibc/lib/ -isystem /home/lsoave/Docker/TMP/buildroot-2013.05/output/host/usr/x86_64-buildroot-linux-uclibc/include -isystem /home/lsoave/Docker/TMP/buildroot-2013.05/output/host/usr/x86_64-buildroot-linux-uclibc/sys-include    -c -g -Os  conftest.c >&5
conftest.c: In function 'main':
conftest.c:13:12: error: size of array 'test_array' is negative
configure:3976: $? = 1
configure: failed program was:
| /* confdefs.h */
| #define PACKAGE_NAME "GNU C Runtime Library"
| #define PACKAGE_TARNAME "libgcc"
| #define PACKAGE_VERSION "1.0"
| #define PACKAGE_STRING "GNU C Runtime Library 1.0"
| #define PACKAGE_BUGREPORT ""
| #define PACKAGE_URL "http://www.gnu.org/software/libgcc/"
| /* end confdefs.h.  */
| /* none */
| int
| main ()
| {
| static int test_array [1 - 2 * !(((long int) (sizeof (double))) <= 3)];
| test_array [0] = 0
| 
|   ;
|   return 0;
| }
configure:3976:  /home/lsoave/Docker/TMP/buildroot-2013.05/output/toolchain/gcc-4.7.3-intermediate/./gcc/xgcc -B/home/lsoave/Docker/TMP/buildroot-2013.05/output/toolchain/gcc-4.7.3-intermediate/./gcc/ -B/home/lsoave/Docker/TMP/buildroot-2013.05/output/host/usr/x86_64-buildroot-linux-uclibc/bin/ -B/home/lsoave/Docker/TMP/buildroot-2013.05/output/host/usr/x86_64-buildroot-linux-uclibc/lib/ -isystem /home/lsoave/Docker/TMP/buildroot-2013.05/output/host/usr/x86_64-buildroot-linux-uclibc/include -isystem /home/lsoave/Docker/TMP/buildroot-2013.05/output/host/usr/x86_64-buildroot-linux-uclibc/sys-include    -c -g -Os  conftest.c >&5
conftest.c: In function 'main':
conftest.c:13:12: error: size of array 'test_array' is negative
configure:3976: $? = 1
configure: failed program was:
| /* confdefs.h */
| #define PACKAGE_NAME "GNU C Runtime Library"
| #define PACKAGE_TARNAME "libgcc"
| #define PACKAGE_VERSION "1.0"
| #define PACKAGE_STRING "GNU C Runtime Library 1.0"
| #define PACKAGE_BUGREPORT ""
| #define PACKAGE_URL "http://www.gnu.org/software/libgcc/"
| /* end confdefs.h.  */
| /* none */
| int
| main ()
| {
| static int test_array [1 - 2 * !(((long int) (sizeof (double))) <= 7)];
| test_array [0] = 0
| 
|   ;
|   return 0;
| }
configure:3976:  /home/lsoave/Docker/TMP/buildroot-2013.05/output/toolchain/gcc-4.7.3-intermediate/./gcc/xgcc -B/home/lsoave/Docker/TMP/buildroot-2013.05/output/toolchain/gcc-4.7.3-intermediate/./gcc/ -B/home/lsoave/Docker/TMP/buildroot-2013.05/output/host/usr/x86_64-buildroot-linux-uclibc/bin/ -B/home/lsoave/Docker/TMP/buildroot-2013.05/output/host/usr/x86_64-buildroot-linux-uclibc/lib/ -isystem /home/lsoave/Docker/TMP/buildroot-2013.05/output/host/usr/x86_64-buildroot-linux-uclibc/include -isystem /home/lsoave/Docker/TMP/buildroot-2013.05/output/host/usr/x86_64-buildroot-linux-uclibc/sys-include    -c -g -Os  conftest.c >&5
configure:3976: $? = 0
configure:3976:  /home/lsoave/Docker/TMP/buildroot-2013.05/output/toolchain/gcc-4.7.3-intermediate/./gcc/xgcc -B/home/lsoave/Docker/TMP/buildroot-2013.05/output/toolchain/gcc-4.7.3-intermediate/./gcc/ -B/home/lsoave/Docker/TMP/buildroot-2013.05/output/host/usr/x86_64-buildroot-linux-uclibc/bin/ -B/home/lsoave/Docker/TMP/buildroot-2013.05/output/host/usr/x86_64-buildroot-linux-uclibc/lib/ -isystem /home/lsoave/Docker/TMP/buildroot-2013.05/output/host/usr/x86_64-buildroot-linux-uclibc/include -isystem /home/lsoave/Docker/TMP/buildroot-2013.05/output/host/usr/x86_64-buildroot-linux-uclibc/sys-include    -c -g -Os  conftest.c >&5
configure:3976: $? = 0
configure:3976:  /home/lsoave/Docker/TMP/buildroot-2013.05/output/toolchain/gcc-4.7.3-intermediate/./gcc/xgcc -B/home/lsoave/Docker/TMP/buildroot-2013.05/output/toolchain/gcc-4.7.3-intermediate/./gcc/ -B/home/lsoave/Docker/TMP/buildroot-2013.05/output/host/usr/x86_64-buildroot-linux-uclibc/bin/ -B/home/lsoave/Docker/TMP/buildroot-2013.05/output/host/usr/x86_64-buildroot-linux-uclibc/lib/ -isystem /home/lsoave/Docker/TMP/buildroot-2013.05/output/host/usr/x86_64-buildroot-linux-uclibc/include -isystem /home/lsoave/Docker/TMP/buildroot-2013.05/output/host/usr/x86_64-buildroot-linux-uclibc/sys-include    -c -g -Os  conftest.c >&5
configure:3976: $? = 0
configure:3976:  /home/lsoave/Docker/TMP/buildroot-2013.05/output/toolchain/gcc-4.7.3-intermediate/./gcc/xgcc -B/home/lsoave/Docker/TMP/buildroot-2013.05/output/toolchain/gcc-4.7.3-intermediate/./gcc/ -B/home/lsoave/Docker/TMP/buildroot-2013.05/output/host/usr/x86_64-buildroot-linux-uclibc/bin/ -B/home/lsoave/Docker/TMP/buildroot-2013.05/output/host/usr/x86_64-buildroot-linux-uclibc/lib/ -isystem /home/lsoave/Docker/TMP/buildroot-2013.05/output/host/usr/x86_64-buildroot-linux-uclibc/include -isystem /home/lsoave/Docker/TMP/buildroot-2013.05/output/host/usr/x86_64-buildroot-linux-uclibc/sys-include    -c -g -Os  conftest.c >&5
configure:3976: $? = 0
configure:3991: result: 8
configure:4005: checking size of long double
configure:4010:  /home/lsoave/Docker/TMP/buildroot-2013.05/output/toolchain/gcc-4.7.3-intermediate/./gcc/xgcc -B/home/lsoave/Docker/TMP/buildroot-2013.05/output/toolchain/gcc-4.7.3-intermediate/./gcc/ -B/home/lsoave/Docker/TMP/buildroot-2013.05/output/host/usr/x86_64-buildroot-linux-uclibc/bin/ -B/home/lsoave/Docker/TMP/buildroot-2013.05/output/host/usr/x86_64-buildroot-linux-uclibc/lib/ -isystem /home/lsoave/Docker/TMP/buildroot-2013.05/output/host/usr/x86_64-buildroot-linux-uclibc/include -isystem /home/lsoave/Docker/TMP/buildroot-2013.05/output/host/usr/x86_64-buildroot-linux-uclibc/sys-include    -c -g -Os  conftest.c >&5
configure:4010: $? = 0
configure:4010:  /home/lsoave/Docker/TMP/buildroot-2013.05/output/toolchain/gcc-4.7.3-intermediate/./gcc/xgcc -B/home/lsoave/Docker/TMP/buildroot-2013.05/output/toolchain/gcc-4.7.3-intermediate/./gcc/ -B/home/lsoave/Docker/TMP/buildroot-2013.05/output/host/usr/x86_64-buildroot-linux-uclibc/bin/ -B/home/lsoave/Docker/TMP/buildroot-2013.05/output/host/usr/x86_64-buildroot-linux-uclibc/lib/ -isystem /home/lsoave/Docker/TMP/buildroot-2013.05/output/host/usr/x86_64-buildroot-linux-uclibc/include -isystem /home/lsoave/Docker/TMP/buildroot-2013.05/output/host/usr/x86_64-buildroot-linux-uclibc/sys-include    -c -g -Os  conftest.c >&5
conftest.c: In function 'main':
conftest.c:14:12: error: size of array 'test_array' is negative
configure:4010: $? = 1
configure: failed program was:
| /* confdefs.h */
| #define PACKAGE_NAME "GNU C Runtime Library"
| #define PACKAGE_TARNAME "libgcc"
| #define PACKAGE_VERSION "1.0"
| #define PACKAGE_STRING "GNU C Runtime Library 1.0"
| #define PACKAGE_BUGREPORT ""
| #define PACKAGE_URL "http://www.gnu.org/software/libgcc/"
| #define SIZEOF_DOUBLE 8
| /* end confdefs.h.  */
| /* none */
| int
| main ()
| {
| static int test_array [1 - 2 * !(((long int) (sizeof (long double))) <= 0)];
| test_array [0] = 0
| 
|   ;
|   return 0;
| }
configure:4010:  /home/lsoave/Docker/TMP/buildroot-2013.05/output/toolchain/gcc-4.7.3-intermediate/./gcc/xgcc -B/home/lsoave/Docker/TMP/buildroot-2013.05/output/toolchain/gcc-4.7.3-intermediate/./gcc/ -B/home/lsoave/Docker/TMP/buildroot-2013.05/output/host/usr/x86_64-buildroot-linux-uclibc/bin/ -B/home/lsoave/Docker/TMP/buildroot-2013.05/output/host/usr/x86_64-buildroot-linux-uclibc/lib/ -isystem /home/lsoave/Docker/TMP/buildroot-2013.05/output/host/usr/x86_64-buildroot-linux-uclibc/include -isystem /home/lsoave/Docker/TMP/buildroot-2013.05/output/host/usr/x86_64-buildroot-linux-uclibc/sys-include    -c -g -Os  conftest.c >&5
conftest.c: In function 'main':
conftest.c:14:12: error: size of array 'test_array' is negative
configure:4010: $? = 1
configure: failed program was:
| /* confdefs.h */
| #define PACKAGE_NAME "GNU C Runtime Library"
| #define PACKAGE_TARNAME "libgcc"
| #define PACKAGE_VERSION "1.0"
| #define PACKAGE_STRING "GNU C Runtime Library 1.0"
| #define PACKAGE_BUGREPORT ""
| #define PACKAGE_URL "http://www.gnu.org/software/libgcc/"
| #define SIZEOF_DOUBLE 8
| /* end confdefs.h.  */
| /* none */
| int
| main ()
| {
| static int test_array [1 - 2 * !(((long int) (sizeof (long double))) <= 1)];
| test_array [0] = 0
| 
|   ;
|   return 0;
| }
configure:4010:  /home/lsoave/Docker/TMP/buildroot-2013.05/output/toolchain/gcc-4.7.3-intermediate/./gcc/xgcc -B/home/lsoave/Docker/TMP/buildroot-2013.05/output/toolchain/gcc-4.7.3-intermediate/./gcc/ -B/home/lsoave/Docker/TMP/buildroot-2013.05/output/host/usr/x86_64-buildroot-linux-uclibc/bin/ -B/home/lsoave/Docker/TMP/buildroot-2013.05/output/host/usr/x86_64-buildroot-linux-uclibc/lib/ -isystem /home/lsoave/Docker/TMP/buildroot-2013.05/output/host/usr/x86_64-buildroot-linux-uclibc/include -isystem /home/lsoave/Docker/TMP/buildroot-2013.05/output/host/usr/x86_64-buildroot-linux-uclibc/sys-include    -c -g -Os  conftest.c >&5
conftest.c: In function 'main':
conftest.c:14:12: error: size of array 'test_array' is negative
configure:4010: $? = 1
configure: failed program was:
| /* confdefs.h */
| #define PACKAGE_NAME "GNU C Runtime Library"
| #define PACKAGE_TARNAME "libgcc"
| #define PACKAGE_VERSION "1.0"
| #define PACKAGE_STRING "GNU C Runtime Library 1.0"
| #define PACKAGE_BUGREPORT ""
| #define PACKAGE_URL "http://www.gnu.org/software/libgcc/"
| #define SIZEOF_DOUBLE 8
| /* end confdefs.h.  */
| /* none */
| int
| main ()
| {
| static int test_array [1 - 2 * !(((long int) (sizeof (long double))) <= 3)];
| test_array [0] = 0
| 
|   ;
|   return 0;
| }
configure:4010:  /home/lsoave/Docker/TMP/buildroot-2013.05/output/toolchain/gcc-4.7.3-intermediate/./gcc/xgcc -B/home/lsoave/Docker/TMP/buildroot-2013.05/output/toolchain/gcc-4.7.3-intermediate/./gcc/ -B/home/lsoave/Docker/TMP/buildroot-2013.05/output/host/usr/x86_64-buildroot-linux-uclibc/bin/ -B/home/lsoave/Docker/TMP/buildroot-2013.05/output/host/usr/x86_64-buildroot-linux-uclibc/lib/ -isystem /home/lsoave/Docker/TMP/buildroot-2013.05/output/host/usr/x86_64-buildroot-linux-uclibc/include -isystem /home/lsoave/Docker/TMP/buildroot-2013.05/output/host/usr/x86_64-buildroot-linux-uclibc/sys-include    -c -g -Os  conftest.c >&5
conftest.c: In function 'main':
conftest.c:14:12: error: size of array 'test_array' is negative
configure:4010: $? = 1
configure: failed program was:
| /* confdefs.h */
| #define PACKAGE_NAME "GNU C Runtime Library"
| #define PACKAGE_TARNAME "libgcc"
| #define PACKAGE_VERSION "1.0"
| #define PACKAGE_STRING "GNU C Runtime Library 1.0"
| #define PACKAGE_BUGREPORT ""
| #define PACKAGE_URL "http://www.gnu.org/software/libgcc/"
| #define SIZEOF_DOUBLE 8
| /* end confdefs.h.  */
| /* none */
| int
| main ()
| {
| static int test_array [1 - 2 * !(((long int) (sizeof (long double))) <= 7)];
| test_array [0] = 0
| 
|   ;
|   return 0;
| }
configure:4010:  /home/lsoave/Docker/TMP/buildroot-2013.05/output/toolchain/gcc-4.7.3-intermediate/./gcc/xgcc -B/home/lsoave/Docker/TMP/buildroot-2013.05/output/toolchain/gcc-4.7.3-intermediate/./gcc/ -B/home/lsoave/Docker/TMP/buildroot-2013.05/output/host/usr/x86_64-buildroot-linux-uclibc/bin/ -B/home/lsoave/Docker/TMP/buildroot-2013.05/output/host/usr/x86_64-buildroot-linux-uclibc/lib/ -isystem /home/lsoave/Docker/TMP/buildroot-2013.05/output/host/usr/x86_64-buildroot-linux-uclibc/include -isystem /home/lsoave/Docker/TMP/buildroot-2013.05/output/host/usr/x86_64-buildroot-linux-uclibc/sys-include    -c -g -Os  conftest.c >&5
conftest.c: In function 'main':
conftest.c:14:12: error: size of array 'test_array' is negative
configure:4010: $? = 1
configure: failed program was:
| /* confdefs.h */
| #define PACKAGE_NAME "GNU C Runtime Library"
| #define PACKAGE_TARNAME "libgcc"
| #define PACKAGE_VERSION "1.0"
| #define PACKAGE_STRING "GNU C Runtime Library 1.0"
| #define PACKAGE_BUGREPORT ""
| #define PACKAGE_URL "http://www.gnu.org/software/libgcc/"
| #define SIZEOF_DOUBLE 8
| /* end confdefs.h.  */
| /* none */
| int
| main ()
| {
| static int test_array [1 - 2 * !(((long int) (sizeof (long double))) <= 15)];
| test_array [0] = 0
| 
|   ;
|   return 0;
| }
configure:4010:  /home/lsoave/Docker/TMP/buildroot-2013.05/output/toolchain/gcc-4.7.3-intermediate/./gcc/xgcc -B/home/lsoave/Docker/TMP/buildroot-2013.05/output/toolchain/gcc-4.7.3-intermediate/./gcc/ -B/home/lsoave/Docker/TMP/buildroot-2013.05/output/host/usr/x86_64-buildroot-linux-uclibc/bin/ -B/home/lsoave/Docker/TMP/buildroot-2013.05/output/host/usr/x86_64-buildroot-linux-uclibc/lib/ -isystem /home/lsoave/Docker/TMP/buildroot-2013.05/output/host/usr/x86_64-buildroot-linux-uclibc/include -isystem /home/lsoave/Docker/TMP/buildroot-2013.05/output/host/usr/x86_64-buildroot-linux-uclibc/sys-include    -c -g -Os  conftest.c >&5
configure:4010: $? = 0
configure:4010:  /home/lsoave/Docker/TMP/buildroot-2013.05/output/toolchain/gcc-4.7.3-intermediate/./gcc/xgcc -B/home/lsoave/Docker/TMP/buildroot-2013.05/output/toolchain/gcc-4.7.3-intermediate/./gcc/ -B/home/lsoave/Docker/TMP/buildroot-2013.05/output/host/usr/x86_64-buildroot-linux-uclibc/bin/ -B/home/lsoave/Docker/TMP/buildroot-2013.05/output/host/usr/x86_64-buildroot-linux-uclibc/lib/ -isystem /home/lsoave/Docker/TMP/buildroot-2013.05/output/host/usr/x86_64-buildroot-linux-uclibc/include -isystem /home/lsoave/Docker/TMP/buildroot-2013.05/output/host/usr/x86_64-buildroot-linux-uclibc/sys-include    -c -g -Os  conftest.c >&5
configure:4010: $? = 0
configure:4010:  /home/lsoave/Docker/TMP/buildroot-2013.05/output/toolchain/gcc-4.7.3-intermediate/./gcc/xgcc -B/home/lsoave/Docker/TMP/buildroot-2013.05/output/toolchain/gcc-4.7.3-intermediate/./gcc/ -B/home/lsoave/Docker/TMP/buildroot-2013.05/output/host/usr/x86_64-buildroot-linux-uclibc/bin/ -B/home/lsoave/Docker/TMP/buildroot-2013.05/output/host/usr/x86_64-buildroot-linux-uclibc/lib/ -isystem /home/lsoave/Docker/TMP/buildroot-2013.05/output/host/usr/x86_64-buildroot-linux-uclibc/include -isystem /home/lsoave/Docker/TMP/buildroot-2013.05/output/host/usr/x86_64-buildroot-linux-uclibc/sys-include    -c -g -Os  conftest.c >&5
configure:4010: $? = 0
configure:4010:  /home/lsoave/Docker/TMP/buildroot-2013.05/output/toolchain/gcc-4.7.3-intermediate/./gcc/xgcc -B/home/lsoave/Docker/TMP/buildroot-2013.05/output/toolchain/gcc-4.7.3-intermediate/./gcc/ -B/home/lsoave/Docker/TMP/buildroot-2013.05/output/host/usr/x86_64-buildroot-linux-uclibc/bin/ -B/home/lsoave/Docker/TMP/buildroot-2013.05/output/host/usr/x86_64-buildroot-linux-uclibc/lib/ -isystem /home/lsoave/Docker/TMP/buildroot-2013.05/output/host/usr/x86_64-buildroot-linux-uclibc/include -isystem /home/lsoave/Docker/TMP/buildroot-2013.05/output/host/usr/x86_64-buildroot-linux-uclibc/sys-include    -c -g -Os  conftest.c >&5
configure:4010: $? = 0
configure:4010:  /home/lsoave/Docker/TMP/buildroot-2013.05/output/toolchain/gcc-4.7.3-intermediate/./gcc/xgcc -B/home/lsoave/Docker/TMP/buildroot-2013.05/output/toolchain/gcc-4.7.3-intermediate/./gcc/ -B/home/lsoave/Docker/TMP/buildroot-2013.05/output/host/usr/x86_64-buildroot-linux-uclibc/bin/ -B/home/lsoave/Docker/TMP/buildroot-2013.05/output/host/usr/x86_64-buildroot-linux-uclibc/lib/ -isystem /home/lsoave/Docker/TMP/buildroot-2013.05/output/host/usr/x86_64-buildroot-linux-uclibc/include -isystem /home/lsoave/Docker/TMP/buildroot-2013.05/output/host/usr/x86_64-buildroot-linux-uclibc/sys-include    -c -g -Os  conftest.c >&5
configure:4010: $? = 0
configure:4025: result: 16
configure:4041: checking whether decimal floating point is supported
configure:4050:  /home/lsoave/Docker/TMP/buildroot-2013.05/output/toolchain/gcc-4.7.3-intermediate/./gcc/xgcc -B/home/lsoave/Docker/TMP/buildroot-2013.05/output/toolchain/gcc-4.7.3-intermediate/./gcc/ -B/home/lsoave/Docker/TMP/buildroot-2013.05/output/host/usr/x86_64-buildroot-linux-uclibc/bin/ -B/home/lsoave/Docker/TMP/buildroot-2013.05/output/host/usr/x86_64-buildroot-linux-uclibc/lib/ -isystem /home/lsoave/Docker/TMP/buildroot-2013.05/output/host/usr/x86_64-buildroot-linux-uclibc/include -isystem /home/lsoave/Docker/TMP/buildroot-2013.05/output/host/usr/x86_64-buildroot-linux-uclibc/sys-include    -c -g -Os  conftest.c >&5
conftest.c:11:1: error: decimal floating point not supported for this target
configure:4050: $? = 1
configure: failed program was:
| /* confdefs.h */
| #define PACKAGE_NAME "GNU C Runtime Library"
| #define PACKAGE_TARNAME "libgcc"
| #define PACKAGE_VERSION "1.0"
| #define PACKAGE_STRING "GNU C Runtime Library 1.0"
| #define PACKAGE_BUGREPORT ""
| #define PACKAGE_URL "http://www.gnu.org/software/libgcc/"
| #define SIZEOF_DOUBLE 8
| #define SIZEOF_LONG_DOUBLE 16
| /* end confdefs.h.  */
| _Decimal32 x;
configure:4057: result: no
configure:4114: checking whether fixed-point is supported
configure:4123:  /home/lsoave/Docker/TMP/buildroot-2013.05/output/toolchain/gcc-4.7.3-intermediate/./gcc/xgcc -B/home/lsoave/Docker/TMP/buildroot-2013.05/output/toolchain/gcc-4.7.3-intermediate/./gcc/ -B/home/lsoave/Docker/TMP/buildroot-2013.05/output/host/usr/x86_64-buildroot-linux-uclibc/bin/ -B/home/lsoave/Docker/TMP/buildroot-2013.05/output/host/usr/x86_64-buildroot-linux-uclibc/lib/ -isystem /home/lsoave/Docker/TMP/buildroot-2013.05/output/host/usr/x86_64-buildroot-linux-uclibc/include -isystem /home/lsoave/Docker/TMP/buildroot-2013.05/output/host/usr/x86_64-buildroot-linux-uclibc/sys-include    -c -g -Os  conftest.c >&5
conftest.c:11:6: error: fixed-point types not supported for this target
configure:4123: $? = 1
configure: failed program was:
| /* confdefs.h */
| #define PACKAGE_NAME "GNU C Runtime Library"
| #define PACKAGE_TARNAME "libgcc"
| #define PACKAGE_VERSION "1.0"
| #define PACKAGE_STRING "GNU C Runtime Library 1.0"
| #define PACKAGE_BUGREPORT ""
| #define PACKAGE_URL "http://www.gnu.org/software/libgcc/"
| #define SIZEOF_DOUBLE 8
| #define SIZEOF_LONG_DOUBLE 16
| /* end confdefs.h.  */
| _Sat _Fract x;
configure:4130: result: no
configure:4190: checking whether to use setjmp/longjmp exceptions
configure::  /home/lsoave/Docker/TMP/buildroot-2013.05/output/toolchain/gcc-4.7.3-intermediate/./gcc/xgcc -B/home/lsoave/Docker/TMP/buildroot-2013.05/output/toolchain/gcc-4.7.3-intermediate/./gcc/ -B/home/lsoave/Docker/TMP/buildroot-2013.05/output/host/usr/x86_64-buildroot-linux-uclibc/bin/ -B/home/lsoave/Docker/TMP/buildroot-2013.05/output/host/usr/x86_64-buildroot-linux-uclibc/lib/ -isystem /home/lsoave/Docker/TMP/buildroot-2013.05/output/host/usr/x86_64-buildroot-linux-uclibc/include -isystem /home/lsoave/Docker/TMP/buildroot-2013.05/output/host/usr/x86_64-buildroot-linux-uclibc/sys-include    -c --save-temps -fexceptions  conftest.c >&5
configure:: $? = 0
configure:4221: result: no
configure:4241: checking if the linker (/home/lsoave/Docker/TMP/buildroot-2013.05/output/toolchain/gcc-4.7.3-intermediate/./gcc/collect-ld) is GNU ld
GNU ld (GNU Binutils) 2.21.1
configure:4253: result: yes
configure:4258: checking for thread model used by GCC
configure:4261: result: posix
configure:4265: checking whether assembler supports CFI directives
configure:4278:  /home/lsoave/Docker/TMP/buildroot-2013.05/output/toolchain/gcc-4.7.3-intermediate/./gcc/xgcc -B/home/lsoave/Docker/TMP/buildroot-2013.05/output/toolchain/gcc-4.7.3-intermediate/./gcc/ -B/home/lsoave/Docker/TMP/buildroot-2013.05/output/host/usr/x86_64-buildroot-linux-uclibc/bin/ -B/home/lsoave/Docker/TMP/buildroot-2013.05/output/host/usr/x86_64-buildroot-linux-uclibc/lib/ -isystem /home/lsoave/Docker/TMP/buildroot-2013.05/output/host/usr/x86_64-buildroot-linux-uclibc/include -isystem /home/lsoave/Docker/TMP/buildroot-2013.05/output/host/usr/x86_64-buildroot-linux-uclibc/sys-include    -c -g -Os  conftest.c >&5
configure:4278: $? = 0
configure:4285: result: yes
configure:4327: checking for __attribute__((visibility("hidden")))
configure:4336:  /home/lsoave/Docker/TMP/buildroot-2013.05/output/toolchain/gcc-4.7.3-intermediate/./gcc/xgcc -B/home/lsoave/Docker/TMP/buildroot-2013.05/output/toolchain/gcc-4.7.3-intermediate/./gcc/ -B/home/lsoave/Docker/TMP/buildroot-2013.05/output/host/usr/x86_64-buildroot-linux-uclibc/bin/ -B/home/lsoave/Docker/TMP/buildroot-2013.05/output/host/usr/x86_64-buildroot-linux-uclibc/lib/ -isystem /home/lsoave/Docker/TMP/buildroot-2013.05/output/host/usr/x86_64-buildroot-linux-uclibc/include -isystem /home/lsoave/Docker/TMP/buildroot-2013.05/output/host/usr/x86_64-buildroot-linux-uclibc/sys-include    -Werror -S conftest.c -o conftest.s 1>&5
configure:4339: $? = 0
configure:4348: result: yes
configure:4376: checking whether the target assembler supports thread-local storage
configure:4386:  /home/lsoave/Docker/TMP/buildroot-2013.05/output/toolchain/gcc-4.7.3-intermediate/./gcc/xgcc -B/home/lsoave/Docker/TMP/buildroot-2013.05/output/toolchain/gcc-4.7.3-intermediate/./gcc/ -B/home/lsoave/Docker/TMP/buildroot-2013.05/output/host/usr/x86_64-buildroot-linux-uclibc/bin/ -B/home/lsoave/Docker/TMP/buildroot-2013.05/output/host/usr/x86_64-buildroot-linux-uclibc/lib/ -isystem /home/lsoave/Docker/TMP/buildroot-2013.05/output/host/usr/x86_64-buildroot-linux-uclibc/include -isystem /home/lsoave/Docker/TMP/buildroot-2013.05/output/host/usr/x86_64-buildroot-linux-uclibc/sys-include    -c -g -Os  conftest.c >&5
configure:4386: $? = 0
configure:4394: result: yes
configure:4404: checking whether the thread-local storage support is from emutls
configure:4413:  /home/lsoave/Docker/TMP/buildroot-2013.05/output/toolchain/gcc-4.7.3-intermediate/./gcc/xgcc -B/home/lsoave/Docker/TMP/buildroot-2013.05/output/toolchain/gcc-4.7.3-intermediate/./gcc/ -B/home/lsoave/Docker/TMP/buildroot-2013.05/output/host/usr/x86_64-buildroot-linux-uclibc/bin/ -B/home/lsoave/Docker/TMP/buildroot-2013.05/output/host/usr/x86_64-buildroot-linux-uclibc/lib/ -isystem /home/lsoave/Docker/TMP/buildroot-2013.05/output/host/usr/x86_64-buildroot-linux-uclibc/include -isystem /home/lsoave/Docker/TMP/buildroot-2013.05/output/host/usr/x86_64-buildroot-linux-uclibc/sys-include    -Werror -S -o conftest.s conftest.c 1>&5
configure:4416: $? = 0
configure:4425: result: no
configure:4570: updating cache ./config.cache
configure:4643: creating ./config.status

## ---------------------- ##
## Running config.status. ##
## ---------------------- ##

This file was extended by GNU C Runtime Library config.status 1.0, which was
generated by GNU Autoconf 2.64.  Invocation command line was

  CONFIG_FILES    = 
  CONFIG_HEADERS  = 
  CONFIG_LINKS    = 
  CONFIG_COMMANDS = 
  $ ./config.status 

on basenode

config.status:808: creating Makefile
config.status:970: linking /home/lsoave/Docker/TMP/buildroot-2013.05/output/toolchain/gcc-4.7.3/libgcc/enable-execute-stack-empty.c to enable-execute-stack.c
config.status:970: linking /home/lsoave/Docker/TMP/buildroot-2013.05/output/toolchain/gcc-4.7.3/libgcc/unwind-generic.h to unwind.h
config.status:970: linking /home/lsoave/Docker/TMP/buildroot-2013.05/output/toolchain/gcc-4.7.3/libgcc/config/i386/linux-unwind.h to md-unwind-support.h
config.status:970: linking /home/lsoave/Docker/TMP/buildroot-2013.05/output/toolchain/gcc-4.7.3/libgcc/config/i386/sfp-machine.h to sfp-machine.h
config.status:970: linking /home/lsoave/Docker/TMP/buildroot-2013.05/output/toolchain/gcc-4.7.3/libgcc/gthr-posix.h to gthr-default.h
config.status:989: executing default commands

## ---------------- ##
## Cache variables. ##
## ---------------- ##

ac_cv_build=x86_64-unknown-linux-gnu
ac_cv_c_compiler_gnu=yes
ac_cv_env_CC_set=set
ac_cv_env_CC_value=' /home/lsoave/Docker/TMP/buildroot-2013.05/output/toolchain/gcc-4.7.3-intermediate/./gcc/xgcc -B/home/lsoave/Docker/TMP/buildroot-2013.05/output/toolchain/gcc-4.7.3-intermediate/./gcc/ -B/home/lsoave/Docker/TMP/buildroot-2013.05/output/host/usr/x86_64-buildroot-linux-uclibc/bin/ -B/home/lsoave/Docker/TMP/buildroot-2013.05/output/host/usr/x86_64-buildroot-linux-uclibc/lib/ -isystem /home/lsoave/Docker/TMP/buildroot-2013.05/output/host/usr/x86_64-buildroot-linux-uclibc/include -isystem /home/lsoave/Docker/TMP/buildroot-2013.05/output/host/usr/x86_64-buildroot-linux-uclibc/sys-include   '
ac_cv_env_CFLAGS_set=set
ac_cv_env_CFLAGS_value='-g -Os'
ac_cv_env_CPPFLAGS_set=set
ac_cv_env_CPPFLAGS_value=
ac_cv_env_CPP_set=
ac_cv_env_CPP_value=
ac_cv_env_LDFLAGS_set=set
ac_cv_env_LDFLAGS_value=
ac_cv_env_LIBS_set=
ac_cv_env_LIBS_value=
ac_cv_env_build_alias_set=set
ac_cv_env_build_alias_value=x86_64-unknown-linux-gnu
ac_cv_env_host_alias_set=set
ac_cv_env_host_alias_value=x86_64-buildroot-linux-uclibc
ac_cv_env_target_alias_set=set
ac_cv_env_target_alias_value=x86_64-buildroot-linux-uclibc
ac_cv_host=x86_64-buildroot-linux-uclibc
ac_cv_objext=o
ac_cv_path_install='/usr/bin/install -c'
ac_cv_prog_AR=/home/lsoave/Docker/TMP/buildroot-2013.05/output/host/usr/x86_64-buildroot-linux-uclibc/bin/ar
ac_cv_prog_AWK=mawk
ac_cv_prog_CC=' /home/lsoave/Docker/TMP/buildroot-2013.05/output/toolchain/gcc-4.7.3-intermediate/./gcc/xgcc -B/home/lsoave/Docker/TMP/buildroot-2013.05/output/toolchain/gcc-4.7.3-intermediate/./gcc/ -B/home/lsoave/Docker/TMP/buildroot-2013.05/output/host/usr/x86_64-buildroot-linux-uclibc/bin/ -B/home/lsoave/Docker/TMP/buildroot-2013.05/output/host/usr/x86_64-buildroot-linux-uclibc/lib/ -isystem /home/lsoave/Docker/TMP/buildroot-2013.05/output/host/usr/x86_64-buildroot-linux-uclibc/include -isystem /home/lsoave/Docker/TMP/buildroot-2013.05/output/host/usr/x86_64-buildroot-linux-uclibc/sys-include   '
ac_cv_prog_CPP=' /home/lsoave/Docker/TMP/buildroot-2013.05/output/toolchain/gcc-4.7.3-intermediate/./gcc/xgcc -B/home/lsoave/Docker/TMP/buildroot-2013.05/output/toolchain/gcc-4.7.3-intermediate/./gcc/ -B/home/lsoave/Docker/TMP/buildroot-2013.05/output/host/usr/x86_64-buildroot-linux-uclibc/bin/ -B/home/lsoave/Docker/TMP/buildroot-2013.05/output/host/usr/x86_64-buildroot-linux-uclibc/lib/ -isystem /home/lsoave/Docker/TMP/buildroot-2013.05/output/host/usr/x86_64-buildroot-linux-uclibc/include -isystem /home/lsoave/Docker/TMP/buildroot-2013.05/output/host/usr/x86_64-buildroot-linux-uclibc/sys-include    -E'
ac_cv_prog_LIPO=x86_64-buildroot-linux-uclibc-lipo
ac_cv_prog_NM=/home/lsoave/Docker/TMP/buildroot-2013.05/output/toolchain/gcc-4.7.3-intermediate/./gcc/nm
ac_cv_prog_RANLIB=/home/lsoave/Docker/TMP/buildroot-2013.05/output/host/usr/x86_64-buildroot-linux-uclibc/bin/ranlib
ac_cv_prog_STRIP=/home/lsoave/Docker/TMP/buildroot-2013.05/output/host/usr/x86_64-buildroot-linux-uclibc/bin/strip
ac_cv_prog_cc_c89=
ac_cv_prog_cc_g=yes
ac_cv_sizeof_double=8
ac_cv_sizeof_long_double=16
acl_cv_prog_gnu_ld=yes
gcc_cv_have_cc_tls=yes
gcc_cv_use_emutls=no
libgcc_cv_cfi=yes
libgcc_cv_dfp=no
libgcc_cv_fixed_point=no
libgcc_cv_hidden_visibility_attribute=yes
libgcc_cv_lib_sjlj_exceptions=no

## ----------------- ##
## Output variables. ##
## ----------------- ##

AR='/home/lsoave/Docker/TMP/buildroot-2013.05/output/host/usr/x86_64-buildroot-linux-uclibc/bin/ar'
AWK='mawk'
CC=' /home/lsoave/Docker/TMP/buildroot-2013.05/output/toolchain/gcc-4.7.3-intermediate/./gcc/xgcc -B/home/lsoave/Docker/TMP/buildroot-2013.05/output/toolchain/gcc-4.7.3-intermediate/./gcc/ -B/home/lsoave/Docker/TMP/buildroot-2013.05/output/host/usr/x86_64-buildroot-linux-uclibc/bin/ -B/home/lsoave/Docker/TMP/buildroot-2013.05/output/host/usr/x86_64-buildroot-linux-uclibc/lib/ -isystem /home/lsoave/Docker/TMP/buildroot-2013.05/output/host/usr/x86_64-buildroot-linux-uclibc/include -isystem /home/lsoave/Docker/TMP/buildroot-2013.05/output/host/usr/x86_64-buildroot-linux-uclibc/sys-include   '
CFLAGS='-g -Os'
CPP=' /home/lsoave/Docker/TMP/buildroot-2013.05/output/toolchain/gcc-4.7.3-intermediate/./gcc/xgcc -B/home/lsoave/Docker/TMP/buildroot-2013.05/output/toolchain/gcc-4.7.3-intermediate/./gcc/ -B/home/lsoave/Docker/TMP/buildroot-2013.05/output/host/usr/x86_64-buildroot-linux-uclibc/bin/ -B/home/lsoave/Docker/TMP/buildroot-2013.05/output/host/usr/x86_64-buildroot-linux-uclibc/lib/ -isystem /home/lsoave/Docker/TMP/buildroot-2013.05/output/host/usr/x86_64-buildroot-linux-uclibc/include -isystem /home/lsoave/Docker/TMP/buildroot-2013.05/output/host/usr/x86_64-buildroot-linux-uclibc/sys-include    -E'
CPPFLAGS=''
DEFS='-DPACKAGE_NAME=\"GNU\ C\ Runtime\ Library\" -DPACKAGE_TARNAME=\"libgcc\" -DPACKAGE_VERSION=\"1.0\" -DPACKAGE_STRING=\"GNU\ C\ Runtime\ Library\ 1.0\" -DPACKAGE_BUGREPORT=\"\" -DPACKAGE_URL=\"http://www.gnu.org/software/libgcc/\" -DSIZEOF_DOUBLE=8 -DSIZEOF_LONG_DOUBLE=16 -DHAVE_GETIPINFO=1'
ECHO_C=''
ECHO_N='-n'
ECHO_T=''
EXEEXT=''
INSTALL_DATA='${INSTALL} -m 644'
INSTALL_PROGRAM='${INSTALL}'
INSTALL_SCRIPT='${INSTALL}'
LDFLAGS=''
LIBOBJS=''
LIBS=''
LIPO='x86_64-buildroot-linux-uclibc-lipo'
LN_S='ln -s'
LTLIBOBJS=''
MAINT='#'
NM='/home/lsoave/Docker/TMP/buildroot-2013.05/output/toolchain/gcc-4.7.3-intermediate/./gcc/nm'
OBJEXT='o'
PACKAGE_BUGREPORT=''
PACKAGE_NAME='GNU C Runtime Library'
PACKAGE_STRING='GNU C Runtime Library 1.0'
PACKAGE_TARNAME='libgcc'
PACKAGE_URL='http://www.gnu.org/software/libgcc/'
PACKAGE_VERSION='1.0'
PATH_SEPARATOR=':'
PICFLAG='-fpic'
RANLIB='/home/lsoave/Docker/TMP/buildroot-2013.05/output/host/usr/x86_64-buildroot-linux-uclibc/bin/ranlib'
SHELL='/bin/bash'
STRIP='/home/lsoave/Docker/TMP/buildroot-2013.05/output/host/usr/x86_64-buildroot-linux-uclibc/bin/strip'
ac_ct_CC=''
asm_hidden_op='.hidden'
bindir='${exec_prefix}/bin'
build='x86_64-unknown-linux-gnu'
build_alias='x86_64-unknown-linux-gnu'
build_cpu='x86_64'
build_libsubdir='build-x86_64-unknown-linux-gnu'
build_os='linux-gnu'
build_subdir='build-x86_64-unknown-linux-gnu'
build_vendor='unknown'
cpu_type='i386'
datadir='${datarootdir}'
datarootdir='${prefix}/share'
decimal_float='no'
docdir='${datarootdir}/doc/${PACKAGE_TARNAME}'
double_type_size='64'
dvidir='${docdir}'
enable_decimal_float='no'
enable_shared='yes'
exec_prefix='${prefix}'
extra_parts='crtbegin.o crtbeginS.o crtbeginT.o crtend.o crtendS.o crtprec32.o crtprec64.o crtprec80.o crtfastmath.o'
fixed_point='no'
host='x86_64-buildroot-linux-uclibc'
host_alias='x86_64-buildroot-linux-uclibc'
host_cpu='x86_64'
host_noncanonical='x86_64-buildroot-linux-uclibc'
host_os='linux-uclibc'
host_subdir='.'
host_vendor='buildroot'
htmldir='${docdir}'
includedir='${prefix}/include'
infodir='${datarootdir}/info'
libdir='${exec_prefix}/lib'
libexecdir='${exec_prefix}/libexec'
libgcc_topdir='/home/lsoave/Docker/TMP/buildroot-2013.05/output/toolchain/gcc-4.7.3/libgcc/..'
localedir='${datarootdir}/locale'
localstatedir='${prefix}/var'
long_double_type_size='128'
mandir='${datarootdir}/man'
oldincludedir='/usr/include'
pdfdir='${docdir}'
prefix='/home/lsoave/Docker/TMP/buildroot-2013.05/output/host/usr'
program_transform_name='s&^&x86_64-buildroot-linux-uclibc-&'
psdir='${docdir}'
sbindir='${exec_prefix}/sbin'
set_have_cc_tls='-DHAVE_CC_TLS'
set_use_emutls=''
sfp_machine_header='i386/sfp-machine.h'
sharedstatedir='${prefix}/com'
slibdir='$(exec_prefix)/$(host_noncanonical)/lib'
sysconfdir='${prefix}/etc'
target_alias='x86_64-buildroot-linux-uclibc'
target_noncanonical='x86_64-buildroot-linux-uclibc'
target_subdir='x86_64-buildroot-linux-uclibc'
tm_defines=''
tm_file=' $(srcdir)/config/i386/value-unwind.h'
tmake_file=' $(srcdir)/config/t-crtstuff-pic $(srcdir)/config/t-libgcc-pic $(srcdir)/config/t-eh-dw2-dip $(srcdir)/config/t-slibgcc $(srcdir)/config/t-slibgcc-gld $(srcdir)/config/t-slibgcc-elf-ver $(srcdir)/config/t-linux $(srcdir)/config/i386/t-crtpc $(srcdir)/config/i386/t-crtfm $(srcdir)/config/i386/t-crtstuff $(srcdir)/config/t-dfprules $(srcdir)/config/t-tls $(srcdir)/config/i386/t-linux $(srcdir)/config/t-stack $(srcdir)/config/i386/t-stack-i386 $(srcdir)/config/t-softfp-tf $(srcdir)/config/t-softfp $(srcdir)/config/i386/64/t-softfp-compat'
toolexecdir='$(exec_prefix)/$(target_noncanonical)'
toolexeclibdir='$(toolexecdir)/lib/../lib64'
vis_hide='-fvisibility=hidden -DHIDE_EXPORTS'

## ----------- ##
## confdefs.h. ##
## ----------- ##

/* confdefs.h */
#define PACKAGE_NAME "GNU C Runtime Library"
#define PACKAGE_TARNAME "libgcc"
#define PACKAGE_VERSION "1.0"
#define PACKAGE_STRING "GNU C Runtime Library 1.0"
#define PACKAGE_BUGREPORT ""
#define PACKAGE_URL "http://www.gnu.org/software/libgcc/"
#define SIZEOF_DOUBLE 8
#define SIZEOF_LONG_DOUBLE 16
#define HAVE_GETIPINFO 1

configure: exit 0
