This file contains any messages produced by compilers while
running configure, to aid debugging if configure makes a mistake.

It was created by GNU Autoconf configure 2.68, which was
generated by GNU Autoconf 2.68.  Invocation command line was

  $ ./configure --prefix=/home/lsoave/Docker/TMP/buildroot-2013.05/output/host/usr --sysconfdir=/home/lsoave/Docker/TMP/buildroot-2013.05/output/host/etc --enable-shared --disable-static --disable-gtk-doc --disable-doc --disable-docs --disable-documentation --with-xmlto=no --with-fop=no

## --------- ##
## Platform. ##
## --------- ##

hostname = basenode
uname -m = x86_64
uname -r = 3.11.0-14-generic
uname -s = Linux
uname -v = #21-Ubuntu SMP Tue Nov 12 17:04:55 UTC 2013

/usr/bin/uname -p = unknown
/bin/uname -X     = unknown

/bin/arch              = unknown
/usr/bin/arch -k       = unknown
/usr/convex/getsysinfo = unknown
/usr/bin/hostinfo      = unknown
/bin/machine           = unknown
/usr/bin/oslevel       = unknown
/bin/universe          = unknown

PATH: /home/lsoave/Docker/TMP/buildroot-2013.05/output/host/bin
PATH: /home/lsoave/Docker/TMP/buildroot-2013.05/output/host/usr/bin
PATH: /usr/local/sbin
PATH: /usr/local/bin
PATH: /usr/sbin
PATH: /usr/bin
PATH: /sbin
PATH: /bin


## ----------- ##
## Core tests. ##
## ----------- ##

configure:1778: checking for a BSD-compatible install
configure:1846: result: /usr/bin/install -c
configure:1857: checking whether build environment is sane
configure:1907: result: yes
configure:2048: checking for a thread-safe mkdir -p
configure:2087: result: /bin/mkdir -p
configure:2100: checking for gawk
configure:2130: result: no
configure:2100: checking for mawk
configure:2116: found /usr/bin/mawk
configure:2127: result: mawk
configure:2138: checking whether make sets $(MAKE)
configure:2160: result: yes
configure:2245: checking build system type
configure:2259: result: x86_64-unknown-linux-gnu
configure:2279: checking host system type
configure:2292: result: x86_64-unknown-linux-gnu
configure:2319: autobuild project... GNU Autoconf
configure:2325: autobuild revision... 2.68
configure:2330: autobuild hostname... basenode
configure:2341: autobuild timestamp... 20131217T132647Z
configure:2369: checking whether /bin/sh -n is known to work
configure:2388: result: no
configure:2392: checking for characters that cannot appear in file names
configure:2412: result: none
configure:2418: checking whether directories can have trailing spaces
configure:2432: result: yes
configure:2443: checking for expr
configure:2461: found /usr/bin/expr
configure:2473: result: /usr/bin/expr
configure:2492: checking for GNU M4 that supports accurate traces
configure:2534: result: /home/lsoave/Docker/TMP/buildroot-2013.05/output/host/usr/bin/m4
configure:2537: checking whether /home/lsoave/Docker/TMP/buildroot-2013.05/output/host/usr/bin/m4 accepts --gnu
configure:2547: result: no
configure:2564: checking how m4 supports trace files
configure:2574: result: --debugfile
configure:2598: checking for perl
configure:2616: found /usr/bin/perl
configure:2629: result: /usr/bin/perl
configure:2648: checking whether /usr/bin/perl Fcntl::flock is implemented
configure:2662: result: yes
configure:2680: checking for emacs
configure:2707: result: no
configure:2763: checking for emacs
configure:2790: result: no
configure:2814: checking where .elc files should go
configure:2843: result: ${datadir}/emacs/site-lisp
configure:2856: checking for grep that handles long lines and -e
configure:2914: result: /bin/grep
configure:2919: checking for egrep
configure:2981: result: /bin/grep -E
configure:2986: checking for a sed that does not truncate output
configure:3050: result: /bin/sed
configure:3060: checking whether make is case sensitive
configure:3075: result: yes
configure:3254: creating ./config.status

## ---------------------- ##
## Running config.status. ##
## ---------------------- ##

This file was extended by GNU Autoconf config.status 2.68, which was
generated by GNU Autoconf 2.68.  Invocation command line was

  CONFIG_FILES    = 
  CONFIG_HEADERS  = 
  CONFIG_LINKS    = 
  CONFIG_COMMANDS = 
  $ ./config.status 

on basenode

config.status:4108: creating tests/Makefile
config.status:4108: creating tests/atlocal
config.status:4108: creating man/Makefile
config.status:4108: creating lib/emacs/Makefile
config.status:4108: creating Makefile
config.status:4108: creating doc/Makefile
config.status:4108: creating lib/Makefile
config.status:4108: creating lib/Autom4te/Makefile
config.status:4108: creating lib/autoscan/Makefile
config.status:4108: creating lib/m4sugar/Makefile
config.status:4108: creating lib/autoconf/Makefile
config.status:4108: creating lib/autotest/Makefile
config.status:4108: creating bin/Makefile
config.status:4309: executing tests/atconfig commands
configure:4373: WARNING: unrecognized options: --enable-shared, --disable-static, --disable-gtk-doc, --disable-doc, --disable-docs, --disable-documentation, --with-xmlto, --with-fop

## ---------------- ##
## Cache variables. ##
## ---------------- ##

ac_cv_build='x86_64-unknown-linux-gnu'
ac_cv_dir_trailing_space='yes'
ac_cv_env_EMACSLOADPATH_set=''
ac_cv_env_EMACSLOADPATH_value=''
ac_cv_env_EMACS_set='set'
ac_cv_env_EMACS_value='no'
ac_cv_env_M4_set=''
ac_cv_env_M4_value=''
ac_cv_env_build_alias_set=''
ac_cv_env_build_alias_value=''
ac_cv_env_host_alias_set=''
ac_cv_env_host_alias_value=''
ac_cv_env_target_alias_set=''
ac_cv_env_target_alias_value=''
ac_cv_host='x86_64-unknown-linux-gnu'
ac_cv_path_EGREP='/bin/grep -E'
ac_cv_path_EXPR='/usr/bin/expr'
ac_cv_path_GREP='/bin/grep'
ac_cv_path_M4='/home/lsoave/Docker/TMP/buildroot-2013.05/output/host/usr/bin/m4'
ac_cv_path_PERL='/usr/bin/perl'
ac_cv_path_SED='/bin/sed'
ac_cv_path_install='/usr/bin/install -c'
ac_cv_path_mkdir='/bin/mkdir'
ac_cv_perl_flock_implemented='yes'
ac_cv_prog_AWK='mawk'
ac_cv_prog_EMACS='no'
ac_cv_prog_TEST_EMACS='no'
ac_cv_prog_gnu_m4_debugfile='--debugfile'
ac_cv_prog_gnu_m4_gnu='no'
ac_cv_prog_make_make_case='yes'
ac_cv_prog_make_make_set='yes'
ac_cv_sh_n_works='no'
ac_cv_unsupported_fs_chars=''
am_cv_lispdir='${datadir}/emacs/site-lisp'

## ----------------- ##
## Output variables. ##
## ----------------- ##

ACLOCAL='${SHELL} /home/lsoave/Docker/TMP/buildroot-2013.05/output/build/host-autoconf-2.68/build-aux/missing --run aclocal-1.11'
AMTAR='${SHELL} /home/lsoave/Docker/TMP/buildroot-2013.05/output/build/host-autoconf-2.68/build-aux/missing --run tar'
AUTOCONF='${SHELL} /home/lsoave/Docker/TMP/buildroot-2013.05/output/build/host-autoconf-2.68/build-aux/missing --run autoconf'
AUTOHEADER='${SHELL} /home/lsoave/Docker/TMP/buildroot-2013.05/output/build/host-autoconf-2.68/build-aux/missing --run autoheader'
AUTOMAKE='${SHELL} /home/lsoave/Docker/TMP/buildroot-2013.05/output/build/host-autoconf-2.68/build-aux/missing --run automake-1.11'
AWK='mawk'
CYGPATH_W='echo'
DEFS='-DPACKAGE_NAME=\"GNU\ Autoconf\" -DPACKAGE_TARNAME=\"autoconf\" -DPACKAGE_VERSION=\"2.68\" -DPACKAGE_STRING=\"GNU\ Autoconf\ 2.68\" -DPACKAGE_BUGREPORT=\"bug-autoconf@gnu.org\" -DPACKAGE_URL=\"http://www.gnu.org/software/autoconf/\" -DPACKAGE=\"autoconf\" -DVERSION=\"2.68\"'
ECHO_C=''
ECHO_N='-n'
ECHO_T=''
EGREP='/bin/grep -E'
EMACS='no'
EMACSLOADPATH=''
EXPR='/usr/bin/expr'
GREP='/bin/grep'
HELP2MAN='${SHELL} /home/lsoave/Docker/TMP/buildroot-2013.05/output/build/host-autoconf-2.68/build-aux/missing --run help2man'
INSTALL_DATA='${INSTALL} -m 644'
INSTALL_PROGRAM='${INSTALL}'
INSTALL_SCRIPT='${INSTALL}'
INSTALL_STRIP_PROGRAM='$(install_sh) -c -s'
LIBOBJS=''
LIBS=''
LTLIBOBJS=''
M4='/home/lsoave/Docker/TMP/buildroot-2013.05/output/host/usr/bin/m4'
M4_DEBUGFILE='--debugfile'
M4_GNU=''
MAKEINFO='${SHELL} /home/lsoave/Docker/TMP/buildroot-2013.05/output/build/host-autoconf-2.68/build-aux/missing --run makeinfo'
MAKE_CASE_SENSITIVE_FALSE='#'
MAKE_CASE_SENSITIVE_TRUE=''
MKDIR_P='/bin/mkdir -p'
PACKAGE='autoconf'
PACKAGE_BUGREPORT='bug-autoconf@gnu.org'
PACKAGE_NAME='GNU Autoconf'
PACKAGE_STRING='GNU Autoconf 2.68'
PACKAGE_TARNAME='autoconf'
PACKAGE_URL='http://www.gnu.org/software/autoconf/'
PACKAGE_VERSION='2.68'
PATH_SEPARATOR=':'
PERL='/usr/bin/perl'
PERL_FLOCK='yes'
SED='/bin/sed'
SET_MAKE=''
SHELL='/bin/bash'
STRIP=''
TEST_EMACS='no'
VERSION='2.68'
ac_cv_dir_trailing_space='yes'
ac_cv_sh_n_works='no'
ac_cv_unsupported_fs_chars=''
am__isrc=''
am__leading_dot='.'
am__tar='${AMTAR} chof - "$$tardir"'
am__untar='${AMTAR} xf -'
bindir='${exec_prefix}/bin'
build='x86_64-unknown-linux-gnu'
build_alias=''
build_cpu='x86_64'
build_os='linux-gnu'
build_vendor='unknown'
datadir='${datarootdir}'
datarootdir='${prefix}/share'
docdir='${datarootdir}/doc/${PACKAGE_TARNAME}'
dvidir='${docdir}'
exec_prefix='${prefix}'
host='x86_64-unknown-linux-gnu'
host_alias=''
host_cpu='x86_64'
host_os='linux-gnu'
host_vendor='unknown'
htmldir='${docdir}'
includedir='${prefix}/include'
infodir='${datarootdir}/info'
install_sh='${SHELL} /home/lsoave/Docker/TMP/buildroot-2013.05/output/build/host-autoconf-2.68/build-aux/install-sh'
libdir='${exec_prefix}/lib'
libexecdir='${exec_prefix}/libexec'
lispdir='${datadir}/emacs/site-lisp'
localedir='${datarootdir}/locale'
localstatedir='${prefix}/var'
mandir='${datarootdir}/man'
mkdir_p='/bin/mkdir -p'
oldincludedir='/usr/include'
pdfdir='${docdir}'
prefix='/home/lsoave/Docker/TMP/buildroot-2013.05/output/host/usr'
program_transform_name='s,x,x,'
psdir='${docdir}'
sbindir='${exec_prefix}/sbin'
sharedstatedir='${prefix}/com'
sysconfdir='/home/lsoave/Docker/TMP/buildroot-2013.05/output/host/etc'
target_alias=''

## ----------- ##
## confdefs.h. ##
## ----------- ##

/* confdefs.h */
#define PACKAGE_NAME "GNU Autoconf"
#define PACKAGE_TARNAME "autoconf"
#define PACKAGE_VERSION "2.68"
#define PACKAGE_STRING "GNU Autoconf 2.68"
#define PACKAGE_BUGREPORT "bug-autoconf@gnu.org"
#define PACKAGE_URL "http://www.gnu.org/software/autoconf/"
#define PACKAGE "autoconf"
#define VERSION "2.68"

configure: exit 0
