This file contains any messages produced by compilers while
running configure, to aid debugging if configure makes a mistake.

It was created by configure, which was
generated by GNU Autoconf 2.64.  Invocation command line was

  $ /home/lsoave/Docker/TMP/buildroot-2013.05/output/toolchain/gcc-4.7.3/configure --prefix=/home/lsoave/Docker/TMP/buildroot-2013.05/output/host/usr --build=x86_64-unknown-linux-gnu --host=x86_64-unknown-linux-gnu --target=x86_64-buildroot-linux-uclibc --enable-languages=c --with-sysroot=/home/lsoave/Docker/TMP/buildroot-2013.05/output/toolchain/uClibc_dev/ --disable-__cxa_atexit --enable-target-optspace --disable-libquadmath --disable-libgomp --with-gnu-ld --enable-shared --disable-libssp --disable-multilib --enable-tls --with-gmp=/home/lsoave/Docker/TMP/buildroot-2013.05/output/host/usr --with-mpfr=/home/lsoave/Docker/TMP/buildroot-2013.05/output/host/usr --with-mpc=/home/lsoave/Docker/TMP/buildroot-2013.05/output/host/usr --disable-nls --enable-threads --disable-decimal-float --with-tune=generic --disable-largefile --with-pkgversion=Buildroot 2013.05 --with-bugurl=http://bugs.buildroot.net/

## --------- ##
## Platform. ##
## --------- ##

hostname = basenode
uname -m = x86_64
uname -r = 3.11.0-14-generic
uname -s = Linux
uname -v = #21-Ubuntu SMP Tue Nov 12 17:04:55 UTC 2013

/usr/bin/uname -p = unknown
/bin/uname -X     = unknown

/bin/arch              = unknown
/usr/bin/arch -k       = unknown
/usr/convex/getsysinfo = unknown
/usr/bin/hostinfo      = unknown
/bin/machine           = unknown
/usr/bin/oslevel       = unknown
/bin/universe          = unknown

PATH: /home/lsoave/Docker/TMP/buildroot-2013.05/output/host/bin
PATH: /home/lsoave/Docker/TMP/buildroot-2013.05/output/host/usr/bin
PATH: /usr/local/sbin
PATH: /usr/local/bin
PATH: /usr/sbin
PATH: /usr/bin
PATH: /sbin
PATH: /bin


## ----------- ##
## Core tests. ##
## ----------- ##

configure:2237: checking build system type
configure:2251: result: x86_64-unknown-linux-gnu
configure:2298: checking host system type
configure:2311: result: x86_64-unknown-linux-gnu
configure:2331: checking target system type
configure:2344: result: x86_64-buildroot-linux-uclibc
configure:2398: checking for a BSD-compatible install
configure:2466: result: /usr/bin/install -c
configure:2477: checking whether ln works
configure:2499: result: yes
configure:2503: checking whether ln -s works
configure:2507: result: yes
configure:2514: checking for a sed that does not truncate output
configure:2578: result: /bin/sed
configure:2587: checking for gawk
configure:2617: result: no
configure:2587: checking for mawk
configure:2603: found /usr/bin/mawk
configure:2614: result: mawk
configure:3070: checking for libitm support
configure:3080: result: yes
configure:3736: checking for x86_64-unknown-linux-gnu-gcc
configure:3763: result: /usr/bin/gcc
configure:4032: checking for C compiler version
configure:4041: /usr/bin/gcc --version >&5
gcc (Ubuntu/Linaro 4.8.1-10ubuntu9) 4.8.1
Copyright (C) 2013 Free Software Foundation, Inc.
This is free software; see the source for copying conditions.  There is NO
warranty; not even for MERCHANTABILITY or FITNESS FOR A PARTICULAR PURPOSE.

configure:4052: $? = 0
configure:4041: /usr/bin/gcc -v >&5
Using built-in specs.
COLLECT_GCC=/usr/bin/gcc
COLLECT_LTO_WRAPPER=/usr/lib/gcc/x86_64-linux-gnu/4.8/lto-wrapper
Target: x86_64-linux-gnu
Configured with: ../src/configure -v --with-pkgversion='Ubuntu/Linaro 4.8.1-10ubuntu9' --with-bugurl=file:///usr/share/doc/gcc-4.8/README.Bugs --enable-languages=c,c++,java,go,d,fortran,objc,obj-c++ --prefix=/usr --program-suffix=-4.8 --enable-shared --enable-linker-build-id --libexecdir=/usr/lib --without-included-gettext --enable-threads=posix --with-gxx-include-dir=/usr/include/c++/4.8 --libdir=/usr/lib --enable-nls --with-sysroot=/ --enable-clocale=gnu --enable-libstdcxx-debug --enable-libstdcxx-time=yes --enable-gnu-unique-object --enable-plugin --with-system-zlib --disable-browser-plugin --enable-java-awt=gtk --enable-gtk-cairo --with-java-home=/usr/lib/jvm/java-1.5.0-gcj-4.8-amd64/jre --enable-java-home --with-jvm-root-dir=/usr/lib/jvm/java-1.5.0-gcj-4.8-amd64 --with-jvm-jar-dir=/usr/lib/jvm-exports/java-1.5.0-gcj-4.8-amd64 --with-arch-directory=amd64 --with-ecj-jar=/usr/share/java/eclipse-ecj.jar --enable-objc-gc --enable-multiarch --disable-werror --with-arch-32=i686 --with-abi=m64 --with-multilib-list=m32,m64,mx32 --with-tune=generic --enable-checking=release --build=x86_64-linux-gnu --host=x86_64-linux-gnu --target=x86_64-linux-gnu
Thread model: posix
gcc version 4.8.1 (Ubuntu/Linaro 4.8.1-10ubuntu9) 
configure:4052: $? = 0
configure:4041: /usr/bin/gcc -V >&5
gcc: error: unrecognized command line option '-V'
gcc: fatal error: no input files
compilation terminated.
configure:4052: $? = 4
configure:4041: /usr/bin/gcc -qversion >&5
gcc: error: unrecognized command line option '-qversion'
gcc: fatal error: no input files
compilation terminated.
configure:4052: $? = 4
configure:4072: checking for C compiler default output file name
configure:4094: /usr/bin/gcc -O2 -I/home/lsoave/Docker/TMP/buildroot-2013.05/output/host/usr/include -I/home/lsoave/Docker/TMP/buildroot-2013.05/output/host/usr/include -L/home/lsoave/Docker/TMP/buildroot-2013.05/output/host/lib -L/home/lsoave/Docker/TMP/buildroot-2013.05/output/host/usr/lib -Wl,-rpath,/home/lsoave/Docker/TMP/buildroot-2013.05/output/host/usr/lib conftest.c  >&5
configure:4098: $? = 0
configure:4135: result: a.out
configure:4151: checking whether the C compiler works
configure:4160: ./a.out
configure:4164: $? = 0
configure:4179: result: yes
configure:4186: checking whether we are cross compiling
configure:4188: result: no
configure:4191: checking for suffix of executables
configure:4198: /usr/bin/gcc -o conftest -O2 -I/home/lsoave/Docker/TMP/buildroot-2013.05/output/host/usr/include -I/home/lsoave/Docker/TMP/buildroot-2013.05/output/host/usr/include -L/home/lsoave/Docker/TMP/buildroot-2013.05/output/host/lib -L/home/lsoave/Docker/TMP/buildroot-2013.05/output/host/usr/lib -Wl,-rpath,/home/lsoave/Docker/TMP/buildroot-2013.05/output/host/usr/lib conftest.c  >&5
configure:4202: $? = 0
configure:4224: result: 
configure:4230: checking for suffix of object files
configure:4252: /usr/bin/gcc -c -O2 -I/home/lsoave/Docker/TMP/buildroot-2013.05/output/host/usr/include -I/home/lsoave/Docker/TMP/buildroot-2013.05/output/host/usr/include conftest.c >&5
configure:4256: $? = 0
configure:4277: result: o
configure:4281: checking whether we are using the GNU C compiler
configure:4300: /usr/bin/gcc -c -O2 -I/home/lsoave/Docker/TMP/buildroot-2013.05/output/host/usr/include -I/home/lsoave/Docker/TMP/buildroot-2013.05/output/host/usr/include conftest.c >&5
configure:4300: $? = 0
configure:4309: result: yes
configure:4318: checking whether /usr/bin/gcc accepts -g
configure:4338: /usr/bin/gcc -c -g -I/home/lsoave/Docker/TMP/buildroot-2013.05/output/host/usr/include conftest.c >&5
configure:4338: $? = 0
configure:4379: result: yes
configure:4396: checking for /usr/bin/gcc option to accept ISO C89
configure:4460: /usr/bin/gcc  -c -O2 -I/home/lsoave/Docker/TMP/buildroot-2013.05/output/host/usr/include -I/home/lsoave/Docker/TMP/buildroot-2013.05/output/host/usr/include conftest.c >&5
configure:4460: $? = 0
configure:4473: result: none needed
configure:4605: checking for C++ compiler version
configure:4614: /usr/bin/g++ --version >&5
g++ (Ubuntu/Linaro 4.8.1-10ubuntu9) 4.8.1
Copyright (C) 2013 Free Software Foundation, Inc.
This is free software; see the source for copying conditions.  There is NO
warranty; not even for MERCHANTABILITY or FITNESS FOR A PARTICULAR PURPOSE.

configure:4625: $? = 0
configure:4614: /usr/bin/g++ -v >&5
Using built-in specs.
COLLECT_GCC=/usr/bin/g++
COLLECT_LTO_WRAPPER=/usr/lib/gcc/x86_64-linux-gnu/4.8/lto-wrapper
Target: x86_64-linux-gnu
Configured with: ../src/configure -v --with-pkgversion='Ubuntu/Linaro 4.8.1-10ubuntu9' --with-bugurl=file:///usr/share/doc/gcc-4.8/README.Bugs --enable-languages=c,c++,java,go,d,fortran,objc,obj-c++ --prefix=/usr --program-suffix=-4.8 --enable-shared --enable-linker-build-id --libexecdir=/usr/lib --without-included-gettext --enable-threads=posix --with-gxx-include-dir=/usr/include/c++/4.8 --libdir=/usr/lib --enable-nls --with-sysroot=/ --enable-clocale=gnu --enable-libstdcxx-debug --enable-libstdcxx-time=yes --enable-gnu-unique-object --enable-plugin --with-system-zlib --disable-browser-plugin --enable-java-awt=gtk --enable-gtk-cairo --with-java-home=/usr/lib/jvm/java-1.5.0-gcj-4.8-amd64/jre --enable-java-home --with-jvm-root-dir=/usr/lib/jvm/java-1.5.0-gcj-4.8-amd64 --with-jvm-jar-dir=/usr/lib/jvm-exports/java-1.5.0-gcj-4.8-amd64 --with-arch-directory=amd64 --with-ecj-jar=/usr/share/java/eclipse-ecj.jar --enable-objc-gc --enable-multiarch --disable-werror --with-arch-32=i686 --with-abi=m64 --with-multilib-list=m32,m64,mx32 --with-tune=generic --enable-checking=release --build=x86_64-linux-gnu --host=x86_64-linux-gnu --target=x86_64-linux-gnu
Thread model: posix
gcc version 4.8.1 (Ubuntu/Linaro 4.8.1-10ubuntu9) 
configure:4625: $? = 0
configure:4614: /usr/bin/g++ -V >&5
g++: error: unrecognized command line option '-V'
g++: fatal error: no input files
compilation terminated.
configure:4625: $? = 4
configure:4614: /usr/bin/g++ -qversion >&5
g++: error: unrecognized command line option '-qversion'
g++: fatal error: no input files
compilation terminated.
configure:4625: $? = 4
configure:4629: checking whether we are using the GNU C++ compiler
configure:4648: /usr/bin/g++ -c -O2 -I/home/lsoave/Docker/TMP/buildroot-2013.05/output/host/usr/include -I/home/lsoave/Docker/TMP/buildroot-2013.05/output/host/usr/include conftest.cpp >&5
configure:4648: $? = 0
configure:4657: result: yes
configure:4666: checking whether /usr/bin/g++ accepts -g
configure:4686: /usr/bin/g++ -c -g -I/home/lsoave/Docker/TMP/buildroot-2013.05/output/host/usr/include conftest.cpp >&5
configure:4686: $? = 0
configure:4727: result: yes
configure:4776: checking for x86_64-unknown-linux-gnu-gnatbind
configure:4806: result: no
configure:4816: checking for gnatbind
configure:4846: result: no
configure:4868: checking for x86_64-unknown-linux-gnu-gnatmake
configure:4898: result: no
configure:4908: checking for gnatmake
configure:4938: result: no
configure:4957: checking whether compiler driver understands Ada
configure:4980: result: no
configure:4989: checking how to compare bootstrapped objects
configure:5014: result: cmp --ignore-initial=16 $$f1 $$f2
configure:5086: checking for objdir
configure:5101: result: .libs
configure:5267: checking for the correct version of gmp.h
configure:5287: /usr/bin/gcc -c -O2 -I/home/lsoave/Docker/TMP/buildroot-2013.05/output/host/usr/include -I/home/lsoave/Docker/TMP/buildroot-2013.05/output/host/usr/include -I/home/lsoave/Docker/TMP/buildroot-2013.05/output/host/usr/include -I/home/lsoave/Docker/TMP/buildroot-2013.05/output/host/usr/include  -I/home/lsoave/Docker/TMP/buildroot-2013.05/output/host/usr/include conftest.c >&5
configure:5287: $? = 0
configure:5305: /usr/bin/gcc -c -O2 -I/home/lsoave/Docker/TMP/buildroot-2013.05/output/host/usr/include -I/home/lsoave/Docker/TMP/buildroot-2013.05/output/host/usr/include -I/home/lsoave/Docker/TMP/buildroot-2013.05/output/host/usr/include -I/home/lsoave/Docker/TMP/buildroot-2013.05/output/host/usr/include  -I/home/lsoave/Docker/TMP/buildroot-2013.05/output/host/usr/include conftest.c >&5
configure:5305: $? = 0
configure:5306: result: yes
configure:5322: checking for the correct version of mpfr.h
configure:5340: /usr/bin/gcc -c -O2 -I/home/lsoave/Docker/TMP/buildroot-2013.05/output/host/usr/include -I/home/lsoave/Docker/TMP/buildroot-2013.05/output/host/usr/include -I/home/lsoave/Docker/TMP/buildroot-2013.05/output/host/usr/include -I/home/lsoave/Docker/TMP/buildroot-2013.05/output/host/usr/include  -I/home/lsoave/Docker/TMP/buildroot-2013.05/output/host/usr/include conftest.c >&5
configure:5340: $? = 0
configure:5357: /usr/bin/gcc -c -O2 -I/home/lsoave/Docker/TMP/buildroot-2013.05/output/host/usr/include -I/home/lsoave/Docker/TMP/buildroot-2013.05/output/host/usr/include -I/home/lsoave/Docker/TMP/buildroot-2013.05/output/host/usr/include -I/home/lsoave/Docker/TMP/buildroot-2013.05/output/host/usr/include  -I/home/lsoave/Docker/TMP/buildroot-2013.05/output/host/usr/include conftest.c >&5
configure:5357: $? = 0
configure:5358: result: yes
configure:5375: checking for the correct version of mpc.h
configure:5392: /usr/bin/gcc -c -O2 -I/home/lsoave/Docker/TMP/buildroot-2013.05/output/host/usr/include -I/home/lsoave/Docker/TMP/buildroot-2013.05/output/host/usr/include -I/home/lsoave/Docker/TMP/buildroot-2013.05/output/host/usr/include -I/home/lsoave/Docker/TMP/buildroot-2013.05/output/host/usr/include  -I/home/lsoave/Docker/TMP/buildroot-2013.05/output/host/usr/include conftest.c >&5
configure:5392: $? = 0
configure:5408: /usr/bin/gcc -c -O2 -I/home/lsoave/Docker/TMP/buildroot-2013.05/output/host/usr/include -I/home/lsoave/Docker/TMP/buildroot-2013.05/output/host/usr/include -I/home/lsoave/Docker/TMP/buildroot-2013.05/output/host/usr/include -I/home/lsoave/Docker/TMP/buildroot-2013.05/output/host/usr/include  -I/home/lsoave/Docker/TMP/buildroot-2013.05/output/host/usr/include conftest.c >&5
configure:5408: $? = 0
configure:5409: result: yes
configure:5427: checking for the correct version of the gmp/mpfr/mpc libraries
configure:5458: /usr/bin/gcc -o conftest -O2 -I/home/lsoave/Docker/TMP/buildroot-2013.05/output/host/usr/include -I/home/lsoave/Docker/TMP/buildroot-2013.05/output/host/usr/include -I/home/lsoave/Docker/TMP/buildroot-2013.05/output/host/usr/include -I/home/lsoave/Docker/TMP/buildroot-2013.05/output/host/usr/include  -I/home/lsoave/Docker/TMP/buildroot-2013.05/output/host/usr/include -L/home/lsoave/Docker/TMP/buildroot-2013.05/output/host/lib -L/home/lsoave/Docker/TMP/buildroot-2013.05/output/host/usr/lib -Wl,-rpath,/home/lsoave/Docker/TMP/buildroot-2013.05/output/host/usr/lib conftest.c  -L/home/lsoave/Docker/TMP/buildroot-2013.05/output/host/usr/lib -L/home/lsoave/Docker/TMP/buildroot-2013.05/output/host/usr/lib -L/home/lsoave/Docker/TMP/buildroot-2013.05/output/host/usr/lib -lmpc -lmpfr -lgmp >&5
configure:5458: $? = 0
configure:5459: result: yes
configure:5643: checking for PWL_handle_timeout in -lpwl
configure:5668: /usr/bin/gcc -o conftest -O2 -I/home/lsoave/Docker/TMP/buildroot-2013.05/output/host/usr/include -I/home/lsoave/Docker/TMP/buildroot-2013.05/output/host/usr/include -L/home/lsoave/Docker/TMP/buildroot-2013.05/output/host/lib -L/home/lsoave/Docker/TMP/buildroot-2013.05/output/host/usr/lib -Wl,-rpath,/home/lsoave/Docker/TMP/buildroot-2013.05/output/host/usr/lib conftest.c -lpwl    -lstdc++ -lm >&5
/usr/bin/ld: cannot find -lpwl
collect2: error: ld returned 1 exit status
configure:5668: $? = 1
configure: failed program was:
| /* confdefs.h */
| #define PACKAGE_NAME ""
| #define PACKAGE_TARNAME ""
| #define PACKAGE_VERSION ""
| #define PACKAGE_STRING ""
| #define PACKAGE_BUGREPORT ""
| #define PACKAGE_URL ""
| #define LT_OBJDIR ".libs/"
| /* end confdefs.h.  */
| 
| /* Override any GCC internal prototype to avoid an error.
|    Use char because int might match the return type of a GCC
|    builtin and then its argument prototype would still apply.  */
| #ifdef __cplusplus
| extern "C"
| #endif
| char PWL_handle_timeout ();
| int
| main ()
| {
| return PWL_handle_timeout ();
|   ;
|   return 0;
| }
configure:5677: result: no
configure:5691: checking for version 0.11 (revision 0 or later) of PPL
configure:5708: /usr/bin/gcc -c -O2 -I/home/lsoave/Docker/TMP/buildroot-2013.05/output/host/usr/include  -I/home/lsoave/Docker/TMP/buildroot-2013.05/output/host/usr/include -I/home/lsoave/Docker/TMP/buildroot-2013.05/output/host/usr/include -I/home/lsoave/Docker/TMP/buildroot-2013.05/output/host/usr/include  -I/home/lsoave/Docker/TMP/buildroot-2013.05/output/host/usr/include conftest.c >&5
conftest.c:10:19: fatal error: ppl_c.h: No such file or directory
 #include "ppl_c.h"
                   ^
compilation terminated.
configure:5708: $? = 1
configure: failed program was:
| /* confdefs.h */
| #define PACKAGE_NAME ""
| #define PACKAGE_TARNAME ""
| #define PACKAGE_VERSION ""
| #define PACKAGE_STRING ""
| #define PACKAGE_BUGREPORT ""
| #define PACKAGE_URL ""
| #define LT_OBJDIR ".libs/"
| /* end confdefs.h.  */
| #include "ppl_c.h"
| int
| main ()
| {
| 
|     #if PPL_VERSION_MAJOR != 0 || PPL_VERSION_MINOR < 11
|     choke me
|     #endif
| 
|   ;
|   return 0;
| }
configure:5712: result: no
configure:7026: checking for default BUILD_CONFIG
configure:7058: result: 
configure:7547: checking for bison
configure:7577: result: no
configure:7547: checking for byacc
configure:7577: result: no
configure:7547: checking for yacc
configure:7577: result: no
configure:7594: checking for bison
configure:7624: result: no
configure:7641: checking for gm4
configure:7671: result: no
configure:7641: checking for gnum4
configure:7671: result: no
configure:7641: checking for m4
configure:7657: found /home/lsoave/Docker/TMP/buildroot-2013.05/output/host/usr/bin/m4
configure:7668: result: m4
configure:7688: checking for flex
configure:7718: result: no
configure:7688: checking for lex
configure:7718: result: no
configure:7736: checking for flex
configure:7766: result: no
configure:7783: checking for makeinfo
configure:7810: result: missing
configure:7844: checking for expect
configure:7874: result: no
configure:7893: checking for runtest
configure:7923: result: no
configure:7957: checking for ar
configure:7984: result: /usr/bin/ar
configure:7999: checking for x86_64-unknown-linux-gnu-ar
configure:8026: result: /usr/bin/ar
configure:8098: checking for as
configure:8125: result: /usr/bin/as
configure:8140: checking for x86_64-unknown-linux-gnu-as
configure:8167: result: /usr/bin/as
configure:8281: checking for x86_64-unknown-linux-gnu-dlltool
configure:8311: result: no
configure:8320: checking for dlltool
configure:8350: result: no
configure:8380: checking for ld
configure:8407: result: /usr/bin/ld
configure:8422: checking for x86_64-unknown-linux-gnu-ld
configure:8449: result: /usr/bin/ld
configure:8563: checking for x86_64-unknown-linux-gnu-lipo
configure:8593: result: no
configure:8602: checking for lipo
configure:8632: result: no
configure:8662: checking for nm
configure:8689: result: /usr/bin/nm
configure:8704: checking for x86_64-unknown-linux-gnu-nm
configure:8731: result: /usr/bin/nm
configure:8845: checking for x86_64-unknown-linux-gnu-ranlib
configure:8875: result: no
configure:8884: checking for ranlib
configure:8900: found /usr/bin/ranlib
configure:8911: result: ranlib
configure:8981: checking for x86_64-unknown-linux-gnu-strip
configure:9011: result: no
configure:9020: checking for strip
configure:9036: found /usr/bin/strip
configure:9047: result: strip
configure:9117: checking for x86_64-unknown-linux-gnu-windres
configure:9147: result: no
configure:9156: checking for windres
configure:9186: result: no
configure:9258: checking for x86_64-unknown-linux-gnu-windmc
configure:9288: result: no
configure:9297: checking for windmc
configure:9327: result: no
configure:9399: checking for x86_64-unknown-linux-gnu-objcopy
configure:9429: result: no
configure:9438: checking for objcopy
configure:9454: found /usr/bin/objcopy
configure:9465: result: objcopy
configure:9540: checking for x86_64-unknown-linux-gnu-objdump
configure:9570: result: no
configure:9579: checking for objdump
configure:9595: found /usr/bin/objdump
configure:9606: result: objdump
configure:9681: checking for x86_64-unknown-linux-gnu-readelf
configure:9711: result: no
configure:9720: checking for readelf
configure:9736: found /usr/bin/readelf
configure:9747: result: readelf
configure:9861: checking for x86_64-buildroot-linux-uclibc-cc
configure:9891: result: no
configure:9861: checking for x86_64-buildroot-linux-uclibc-gcc
configure:9877: found /home/lsoave/Docker/TMP/buildroot-2013.05/output/host/usr/bin/x86_64-buildroot-linux-uclibc-gcc
configure:9888: result: x86_64-buildroot-linux-uclibc-gcc
configure:10022: checking for x86_64-buildroot-linux-uclibc-c++
configure:10052: result: no
configure:10022: checking for x86_64-buildroot-linux-uclibc-g++
configure:10052: result: no
configure:10022: checking for x86_64-buildroot-linux-uclibc-cxx
configure:10052: result: no
configure:10022: checking for x86_64-buildroot-linux-uclibc-gxx
configure:10052: result: no
configure:10183: checking for x86_64-buildroot-linux-uclibc-gcc
configure:10199: found /home/lsoave/Docker/TMP/buildroot-2013.05/output/host/usr/bin/x86_64-buildroot-linux-uclibc-gcc
configure:10210: result: x86_64-buildroot-linux-uclibc-gcc
configure:10339: checking for x86_64-buildroot-linux-uclibc-gcj
configure:10369: result: no
configure:10500: checking for x86_64-buildroot-linux-uclibc-gfortran
configure:10530: result: no
configure:10661: checking for x86_64-buildroot-linux-uclibc-gccgo
configure:10691: result: no
configure:10791: checking for ar
configure:10809: found /home/lsoave/Docker/TMP/buildroot-2013.05/output/host/usr/x86_64-buildroot-linux-uclibc/bin/ar
configure:10821: result: /home/lsoave/Docker/TMP/buildroot-2013.05/output/host/usr/x86_64-buildroot-linux-uclibc/bin/ar
configure:11021: checking for as
configure:11039: found /home/lsoave/Docker/TMP/buildroot-2013.05/output/host/usr/x86_64-buildroot-linux-uclibc/bin/as
configure:11051: result: /home/lsoave/Docker/TMP/buildroot-2013.05/output/host/usr/x86_64-buildroot-linux-uclibc/bin/as
configure:11251: checking for dlltool
configure:11284: result: no
configure:11362: checking for x86_64-buildroot-linux-uclibc-dlltool
configure:11392: result: no
configure:11481: checking for ld
configure:11499: found /home/lsoave/Docker/TMP/buildroot-2013.05/output/host/usr/x86_64-buildroot-linux-uclibc/bin/ld
configure:11511: result: /home/lsoave/Docker/TMP/buildroot-2013.05/output/host/usr/x86_64-buildroot-linux-uclibc/bin/ld
configure:11711: checking for lipo
configure:11744: result: no
configure:11822: checking for x86_64-buildroot-linux-uclibc-lipo
configure:11852: result: no
configure:11941: checking for nm
configure:11959: found /home/lsoave/Docker/TMP/buildroot-2013.05/output/host/usr/x86_64-buildroot-linux-uclibc/bin/nm
configure:11971: result: /home/lsoave/Docker/TMP/buildroot-2013.05/output/host/usr/x86_64-buildroot-linux-uclibc/bin/nm
configure:12171: checking for objdump
configure:12189: found /home/lsoave/Docker/TMP/buildroot-2013.05/output/host/usr/x86_64-buildroot-linux-uclibc/bin/objdump
configure:12201: result: /home/lsoave/Docker/TMP/buildroot-2013.05/output/host/usr/x86_64-buildroot-linux-uclibc/bin/objdump
configure:12401: checking for ranlib
configure:12419: found /home/lsoave/Docker/TMP/buildroot-2013.05/output/host/usr/x86_64-buildroot-linux-uclibc/bin/ranlib
configure:12431: result: /home/lsoave/Docker/TMP/buildroot-2013.05/output/host/usr/x86_64-buildroot-linux-uclibc/bin/ranlib
configure:12631: checking for readelf
configure:12664: result: no
configure:12742: checking for x86_64-buildroot-linux-uclibc-readelf
configure:12758: found /home/lsoave/Docker/TMP/buildroot-2013.05/output/host/usr/bin/x86_64-buildroot-linux-uclibc-readelf
configure:12769: result: x86_64-buildroot-linux-uclibc-readelf
configure:12861: checking for strip
configure:12879: found /home/lsoave/Docker/TMP/buildroot-2013.05/output/host/usr/x86_64-buildroot-linux-uclibc/bin/strip
configure:12891: result: /home/lsoave/Docker/TMP/buildroot-2013.05/output/host/usr/x86_64-buildroot-linux-uclibc/bin/strip
configure:13091: checking for windres
configure:13124: result: no
configure:13202: checking for x86_64-buildroot-linux-uclibc-windres
configure:13232: result: no
configure:13321: checking for windmc
configure:13354: result: no
configure:13432: checking for x86_64-buildroot-linux-uclibc-windmc
configure:13462: result: no
configure:13529: checking where to find the target ar
configure:13557: result: pre-installed in /home/lsoave/Docker/TMP/buildroot-2013.05/output/host/usr/x86_64-buildroot-linux-uclibc/bin
configure:13571: checking where to find the target as
configure:13599: result: pre-installed in /home/lsoave/Docker/TMP/buildroot-2013.05/output/host/usr/x86_64-buildroot-linux-uclibc/bin
configure:13613: checking where to find the target cc
configure:13636: result: just compiled
configure:13655: checking where to find the target c++
configure:13695: result: pre-installed
configure:13700: checking where to find the target c++ for libstdc++
configure:13740: result: pre-installed
configure:13745: checking where to find the target dlltool
configure:13782: result: pre-installed
configure:13787: checking where to find the target gcc
configure:13810: result: just compiled
configure:13829: checking where to find the target gcj
configure:13869: result: pre-installed
configure:13874: checking where to find the target gfortran
configure:13914: result: pre-installed
configure:13919: checking where to find the target gccgo
configure:13959: result: pre-installed
configure:13964: checking where to find the target ld
configure:13992: result: pre-installed in /home/lsoave/Docker/TMP/buildroot-2013.05/output/host/usr/x86_64-buildroot-linux-uclibc/bin
configure:14006: checking where to find the target lipo
configure:14032: result: pre-installed
configure:14037: checking where to find the target nm
configure:14065: result: pre-installed in /home/lsoave/Docker/TMP/buildroot-2013.05/output/host/usr/x86_64-buildroot-linux-uclibc/bin
configure:14079: checking where to find the target objdump
configure:14107: result: pre-installed in /home/lsoave/Docker/TMP/buildroot-2013.05/output/host/usr/x86_64-buildroot-linux-uclibc/bin
configure:14121: checking where to find the target ranlib
configure:14149: result: pre-installed in /home/lsoave/Docker/TMP/buildroot-2013.05/output/host/usr/x86_64-buildroot-linux-uclibc/bin
configure:14163: checking where to find the target readelf
configure:14200: result: pre-installed
configure:14205: checking where to find the target strip
configure:14233: result: pre-installed in /home/lsoave/Docker/TMP/buildroot-2013.05/output/host/usr/x86_64-buildroot-linux-uclibc/bin
configure:14247: checking where to find the target windres
configure:14284: result: pre-installed
configure:14289: checking where to find the target windmc
configure:14326: result: pre-installed
configure:14359: checking whether to enable maintainer-specific portions of Makefiles
configure:14368: result: no
configure:14401: checking whether -fkeep-inline-functions is supported
configure:14420: /usr/bin/gcc -c -O2 -I/home/lsoave/Docker/TMP/buildroot-2013.05/output/host/usr/include -fkeep-inline-functions -I/home/lsoave/Docker/TMP/buildroot-2013.05/output/host/usr/include conftest.c >&5
configure:14420: $? = 0
configure:14421: result: yes
configure:14627: creating ./config.status

## ---------------------- ##
## Running config.status. ##
## ---------------------- ##

This file was extended by config.status, which was
generated by GNU Autoconf 2.64.  Invocation command line was

  CONFIG_FILES    = 
  CONFIG_HEADERS  = 
  CONFIG_LINKS    = 
  CONFIG_COMMANDS = 
  $ ./config.status 

on basenode

config.status:15468: creating Makefile

## ---------------- ##
## Cache variables. ##
## ---------------- ##

ac_cv_build='x86_64-unknown-linux-gnu'
ac_cv_c_compiler_gnu='yes'
ac_cv_cxx_compiler_gnu='yes'
ac_cv_env_AR_FOR_TARGET_set=''
ac_cv_env_AR_FOR_TARGET_value=''
ac_cv_env_AR_set='set'
ac_cv_env_AR_value='/usr/bin/ar'
ac_cv_env_AS_FOR_TARGET_set=''
ac_cv_env_AS_FOR_TARGET_value=''
ac_cv_env_AS_set='set'
ac_cv_env_AS_value='/usr/bin/as'
ac_cv_env_CCC_set=''
ac_cv_env_CCC_value=''
ac_cv_env_CC_FOR_TARGET_set=''
ac_cv_env_CC_FOR_TARGET_value=''
ac_cv_env_CC_set='set'
ac_cv_env_CC_value='/usr/bin/gcc'
ac_cv_env_CFLAGS_set='set'
ac_cv_env_CFLAGS_value='-O2 -I/home/lsoave/Docker/TMP/buildroot-2013.05/output/host/usr/include'
ac_cv_env_CPPFLAGS_set='set'
ac_cv_env_CPPFLAGS_value='-I/home/lsoave/Docker/TMP/buildroot-2013.05/output/host/usr/include'
ac_cv_env_CXXFLAGS_set='set'
ac_cv_env_CXXFLAGS_value='-O2 -I/home/lsoave/Docker/TMP/buildroot-2013.05/output/host/usr/include'
ac_cv_env_CXX_FOR_TARGET_set=''
ac_cv_env_CXX_FOR_TARGET_value=''
ac_cv_env_CXX_set='set'
ac_cv_env_CXX_value='/usr/bin/g++'
ac_cv_env_DLLTOOL_FOR_TARGET_set=''
ac_cv_env_DLLTOOL_FOR_TARGET_value=''
ac_cv_env_DLLTOOL_set=''
ac_cv_env_DLLTOOL_value=''
ac_cv_env_GCC_FOR_TARGET_set=''
ac_cv_env_GCC_FOR_TARGET_value=''
ac_cv_env_GCJ_FOR_TARGET_set=''
ac_cv_env_GCJ_FOR_TARGET_value=''
ac_cv_env_GFORTRAN_FOR_TARGET_set=''
ac_cv_env_GFORTRAN_FOR_TARGET_value=''
ac_cv_env_GOC_FOR_TARGET_set=''
ac_cv_env_GOC_FOR_TARGET_value=''
ac_cv_env_LDFLAGS_set='set'
ac_cv_env_LDFLAGS_value='-L/home/lsoave/Docker/TMP/buildroot-2013.05/output/host/lib -L/home/lsoave/Docker/TMP/buildroot-2013.05/output/host/usr/lib -Wl,-rpath,/home/lsoave/Docker/TMP/buildroot-2013.05/output/host/usr/lib'
ac_cv_env_LD_FOR_TARGET_set=''
ac_cv_env_LD_FOR_TARGET_value=''
ac_cv_env_LD_set='set'
ac_cv_env_LD_value='/usr/bin/ld'
ac_cv_env_LIBS_set=''
ac_cv_env_LIBS_value=''
ac_cv_env_LIPO_FOR_TARGET_set=''
ac_cv_env_LIPO_FOR_TARGET_value=''
ac_cv_env_LIPO_set=''
ac_cv_env_LIPO_value=''
ac_cv_env_NM_FOR_TARGET_set=''
ac_cv_env_NM_FOR_TARGET_value=''
ac_cv_env_NM_set='set'
ac_cv_env_NM_value='/usr/bin/nm'
ac_cv_env_OBJCOPY_set=''
ac_cv_env_OBJCOPY_value=''
ac_cv_env_OBJDUMP_FOR_TARGET_set=''
ac_cv_env_OBJDUMP_FOR_TARGET_value=''
ac_cv_env_OBJDUMP_set=''
ac_cv_env_OBJDUMP_value=''
ac_cv_env_RANLIB_FOR_TARGET_set=''
ac_cv_env_RANLIB_FOR_TARGET_value=''
ac_cv_env_RANLIB_set=''
ac_cv_env_RANLIB_value=''
ac_cv_env_READELF_FOR_TARGET_set=''
ac_cv_env_READELF_FOR_TARGET_value=''
ac_cv_env_READELF_set=''
ac_cv_env_READELF_value=''
ac_cv_env_STRIP_FOR_TARGET_set=''
ac_cv_env_STRIP_FOR_TARGET_value=''
ac_cv_env_STRIP_set=''
ac_cv_env_STRIP_value=''
ac_cv_env_WINDMC_FOR_TARGET_set=''
ac_cv_env_WINDMC_FOR_TARGET_value=''
ac_cv_env_WINDMC_set=''
ac_cv_env_WINDMC_value=''
ac_cv_env_WINDRES_FOR_TARGET_set=''
ac_cv_env_WINDRES_FOR_TARGET_value=''
ac_cv_env_WINDRES_set=''
ac_cv_env_WINDRES_value=''
ac_cv_env_build_alias_set='set'
ac_cv_env_build_alias_value='x86_64-unknown-linux-gnu'
ac_cv_env_build_configargs_set=''
ac_cv_env_build_configargs_value=''
ac_cv_env_host_alias_set='set'
ac_cv_env_host_alias_value='x86_64-unknown-linux-gnu'
ac_cv_env_host_configargs_set=''
ac_cv_env_host_configargs_value=''
ac_cv_env_target_alias_set='set'
ac_cv_env_target_alias_value='x86_64-buildroot-linux-uclibc'
ac_cv_env_target_configargs_set=''
ac_cv_env_target_configargs_value=''
ac_cv_host='x86_64-unknown-linux-gnu'
ac_cv_lib_pwl_PWL_handle_timeout='no'
ac_cv_objext='o'
ac_cv_path_AR_FOR_TARGET='/home/lsoave/Docker/TMP/buildroot-2013.05/output/host/usr/x86_64-buildroot-linux-uclibc/bin/ar'
ac_cv_path_AS_FOR_TARGET='/home/lsoave/Docker/TMP/buildroot-2013.05/output/host/usr/x86_64-buildroot-linux-uclibc/bin/as'
ac_cv_path_LD_FOR_TARGET='/home/lsoave/Docker/TMP/buildroot-2013.05/output/host/usr/x86_64-buildroot-linux-uclibc/bin/ld'
ac_cv_path_NM_FOR_TARGET='/home/lsoave/Docker/TMP/buildroot-2013.05/output/host/usr/x86_64-buildroot-linux-uclibc/bin/nm'
ac_cv_path_OBJDUMP_FOR_TARGET='/home/lsoave/Docker/TMP/buildroot-2013.05/output/host/usr/x86_64-buildroot-linux-uclibc/bin/objdump'
ac_cv_path_RANLIB_FOR_TARGET='/home/lsoave/Docker/TMP/buildroot-2013.05/output/host/usr/x86_64-buildroot-linux-uclibc/bin/ranlib'
ac_cv_path_SED='/bin/sed'
ac_cv_path_STRIP_FOR_TARGET='/home/lsoave/Docker/TMP/buildroot-2013.05/output/host/usr/x86_64-buildroot-linux-uclibc/bin/strip'
ac_cv_path_install='/usr/bin/install -c'
ac_cv_prog_AR='/usr/bin/ar'
ac_cv_prog_AS='/usr/bin/as'
ac_cv_prog_AWK='mawk'
ac_cv_prog_CC='/usr/bin/gcc'
ac_cv_prog_CC_FOR_TARGET='x86_64-buildroot-linux-uclibc-gcc'
ac_cv_prog_GCC_FOR_TARGET='x86_64-buildroot-linux-uclibc-gcc'
ac_cv_prog_LD='/usr/bin/ld'
ac_cv_prog_M4='m4'
ac_cv_prog_MAKEINFO='missing'
ac_cv_prog_NM='/usr/bin/nm'
ac_cv_prog_OBJCOPY='objcopy'
ac_cv_prog_OBJDUMP='objdump'
ac_cv_prog_RANLIB='ranlib'
ac_cv_prog_READELF='readelf'
ac_cv_prog_READELF_FOR_TARGET='x86_64-buildroot-linux-uclibc-readelf'
ac_cv_prog_STRIP='strip'
ac_cv_prog_cc_c89=''
ac_cv_prog_cc_g='yes'
ac_cv_prog_cxx_g='yes'
ac_cv_target='x86_64-buildroot-linux-uclibc'
acx_cv_cc_gcc_supports_ada='no'
acx_cv_prog_LN='ln'
gcc_cv_prog_cmp_skip='cmp --ignore-initial=16 $$f1 $$f2'
gcc_cv_tool_dirs='/home/lsoave/Docker/TMP/buildroot-2013.05/output/host/usr/libexec/gcc/x86_64-buildroot-linux-uclibc/4.7.3:/home/lsoave/Docker/TMP/buildroot-2013.05/output/host/usr/libexec/gcc/x86_64-buildroot-linux-uclibc:/usr/lib/gcc/x86_64-buildroot-linux-uclibc/4.7.3:/usr/lib/gcc/x86_64-buildroot-linux-uclibc:/home/lsoave/Docker/TMP/buildroot-2013.05/output/host/usr/x86_64-buildroot-linux-uclibc/bin/x86_64-buildroot-linux-uclibc/4.7.3:/home/lsoave/Docker/TMP/buildroot-2013.05/output/host/usr/x86_64-buildroot-linux-uclibc/bin:'
gcc_cv_tool_prefix='/home/lsoave/Docker/TMP/buildroot-2013.05/output/host/usr'
lt_cv_objdir='.libs'

## ----------------- ##
## Output variables. ##
## ----------------- ##

AR='/usr/bin/ar'
AR_FOR_BUILD='$(AR)'
AR_FOR_TARGET='/home/lsoave/Docker/TMP/buildroot-2013.05/output/host/usr/x86_64-buildroot-linux-uclibc/bin/ar'
AS='/usr/bin/as'
AS_FOR_BUILD='$(AS)'
AS_FOR_TARGET='/home/lsoave/Docker/TMP/buildroot-2013.05/output/host/usr/x86_64-buildroot-linux-uclibc/bin/as'
AWK='mawk'
BISON='/home/lsoave/Docker/TMP/buildroot-2013.05/output/toolchain/gcc-4.7.3/missing bison'
BUILD_CONFIG=''
CC='/usr/bin/gcc'
CC_FOR_BUILD='$(CC)'
CC_FOR_TARGET='$$r/$(HOST_SUBDIR)/gcc/xgcc -B$$r/$(HOST_SUBDIR)/gcc/'
CFLAGS='-O2 -I/home/lsoave/Docker/TMP/buildroot-2013.05/output/host/usr/include'
CFLAGS_FOR_BUILD='-O2 -I/home/lsoave/Docker/TMP/buildroot-2013.05/output/host/usr/include'
CFLAGS_FOR_TARGET='-g -O2 -I/home/lsoave/Docker/TMP/buildroot-2013.05/output/host/usr/include'
COMPILER_AS_FOR_TARGET='$$r/$(HOST_SUBDIR)/gcc/as'
COMPILER_LD_FOR_TARGET='$$r/$(HOST_SUBDIR)/gcc/collect-ld'
COMPILER_NM_FOR_TARGET='$$r/$(HOST_SUBDIR)/gcc/nm'
CONFIGURE_GDB_TK=''
CPPFLAGS='-I/home/lsoave/Docker/TMP/buildroot-2013.05/output/host/usr/include'
CXX='/usr/bin/g++'
CXXFLAGS='-O2 -I/home/lsoave/Docker/TMP/buildroot-2013.05/output/host/usr/include'
CXXFLAGS_FOR_BUILD='-O2 -I/home/lsoave/Docker/TMP/buildroot-2013.05/output/host/usr/include'
CXXFLAGS_FOR_TARGET='-g -O2 -I/home/lsoave/Docker/TMP/buildroot-2013.05/output/host/usr/include'
CXX_FOR_BUILD='$(CXX)'
CXX_FOR_TARGET='x86_64-buildroot-linux-uclibc-c++'
DEBUG_PREFIX_CFLAGS_FOR_TARGET=''
DEFS='-DPACKAGE_NAME=\"\" -DPACKAGE_TARNAME=\"\" -DPACKAGE_VERSION=\"\" -DPACKAGE_STRING=\"\" -DPACKAGE_BUGREPORT=\"\" -DPACKAGE_URL=\"\" -DLT_OBJDIR=\".libs/\"'
DLLTOOL='dlltool'
DLLTOOL_FOR_BUILD='$(DLLTOOL)'
DLLTOOL_FOR_TARGET='x86_64-buildroot-linux-uclibc-dlltool'
ECHO_C=''
ECHO_N='-n'
ECHO_T=''
EXEEXT=''
EXPECT='expect'
EXTRA_CONFIGARGS_LIBJAVA='--disable-static'
FLAGS_FOR_TARGET=' -B$(build_tooldir)/bin/ -B$(build_tooldir)/lib/ -isystem $(build_tooldir)/include -isystem $(build_tooldir)/sys-include'
FLEX='/home/lsoave/Docker/TMP/buildroot-2013.05/output/toolchain/gcc-4.7.3/missing flex'
GCC_FOR_TARGET='$$r/$(HOST_SUBDIR)/gcc/xgcc -B$$r/$(HOST_SUBDIR)/gcc/'
GCC_SHLIB_SUBDIR=''
GCJ_FOR_BUILD='$(GCJ)'
GCJ_FOR_TARGET='x86_64-buildroot-linux-uclibc-gcj'
GDB_TK=''
GFORTRAN_FOR_BUILD='$(GFORTRAN)'
GFORTRAN_FOR_TARGET='x86_64-buildroot-linux-uclibc-gfortran'
GNATBIND='no'
GNATMAKE='no'
GOC_FOR_BUILD='$(GOC)'
GOC_FOR_TARGET='x86_64-buildroot-linux-uclibc-gccgo'
INSTALL_DATA='${INSTALL} -m 644'
INSTALL_GDB_TK=''
INSTALL_PROGRAM='${INSTALL}'
INSTALL_SCRIPT='${INSTALL}'
LD='/usr/bin/ld'
LDFLAGS='-L/home/lsoave/Docker/TMP/buildroot-2013.05/output/host/lib -L/home/lsoave/Docker/TMP/buildroot-2013.05/output/host/usr/lib -Wl,-rpath,/home/lsoave/Docker/TMP/buildroot-2013.05/output/host/usr/lib'
LDFLAGS_FOR_BUILD='-L/home/lsoave/Docker/TMP/buildroot-2013.05/output/host/lib -L/home/lsoave/Docker/TMP/buildroot-2013.05/output/host/usr/lib -Wl,-rpath,/home/lsoave/Docker/TMP/buildroot-2013.05/output/host/usr/lib'
LDFLAGS_FOR_TARGET=''
LD_FOR_BUILD='$(LD)'
LD_FOR_TARGET='/home/lsoave/Docker/TMP/buildroot-2013.05/output/host/usr/x86_64-buildroot-linux-uclibc/bin/ld'
LEX='/home/lsoave/Docker/TMP/buildroot-2013.05/output/toolchain/gcc-4.7.3/missing flex'
LIBOBJS=''
LIBS=''
LIPO='lipo'
LIPO_FOR_TARGET='x86_64-buildroot-linux-uclibc-lipo'
LN='ln'
LN_S='ln -s'
LTLIBOBJS=''
M4='m4'
MAINT='#'
MAINTAINER_MODE_FALSE=''
MAINTAINER_MODE_TRUE='#'
MAKEINFO='/home/lsoave/Docker/TMP/buildroot-2013.05/output/toolchain/gcc-4.7.3/missing makeinfo'
NM='/usr/bin/nm'
NM_FOR_BUILD='$(NM)'
NM_FOR_TARGET='/home/lsoave/Docker/TMP/buildroot-2013.05/output/host/usr/x86_64-buildroot-linux-uclibc/bin/nm'
OBJCOPY='objcopy'
OBJDUMP='objdump'
OBJDUMP_FOR_TARGET='/home/lsoave/Docker/TMP/buildroot-2013.05/output/host/usr/x86_64-buildroot-linux-uclibc/bin/objdump'
OBJEXT='o'
PACKAGE_BUGREPORT=''
PACKAGE_NAME=''
PACKAGE_STRING=''
PACKAGE_TARNAME=''
PACKAGE_URL=''
PACKAGE_VERSION=''
PATH_SEPARATOR=':'
POSTSTAGE1_CONFIGURE_FLAGS='--enable-build-with-cxx'
RANLIB='ranlib'
RANLIB_FOR_BUILD='$(RANLIB)'
RANLIB_FOR_TARGET='/home/lsoave/Docker/TMP/buildroot-2013.05/output/host/usr/x86_64-buildroot-linux-uclibc/bin/ranlib'
RAW_CXX_FOR_TARGET='x86_64-buildroot-linux-uclibc-c++'
READELF='readelf'
READELF_FOR_TARGET='x86_64-buildroot-linux-uclibc-readelf'
RPATH_ENVVAR='LD_LIBRARY_PATH'
RUNTEST='runtest'
SED='/bin/sed'
SHELL='/bin/bash'
STRIP='strip'
STRIP_FOR_TARGET='/home/lsoave/Docker/TMP/buildroot-2013.05/output/host/usr/x86_64-buildroot-linux-uclibc/bin/strip'
SYSROOT_CFLAGS_FOR_TARGET=''
TOPLEVEL_CONFIGURE_ARGUMENTS='/home/lsoave/Docker/TMP/buildroot-2013.05/output/toolchain/gcc-4.7.3/configure --prefix=/home/lsoave/Docker/TMP/buildroot-2013.05/output/host/usr --build=x86_64-unknown-linux-gnu --host=x86_64-unknown-linux-gnu --target=x86_64-buildroot-linux-uclibc --enable-languages=c --with-sysroot=/home/lsoave/Docker/TMP/buildroot-2013.05/output/toolchain/uClibc_dev/ --disable-__cxa_atexit --enable-target-optspace --disable-libquadmath --disable-libgomp --with-gnu-ld --enable-shared --disable-libssp --disable-multilib --enable-tls --with-gmp=/home/lsoave/Docker/TMP/buildroot-2013.05/output/host/usr --with-mpfr=/home/lsoave/Docker/TMP/buildroot-2013.05/output/host/usr --with-mpc=/home/lsoave/Docker/TMP/buildroot-2013.05/output/host/usr --disable-nls --enable-threads --disable-decimal-float --with-tune=generic --disable-largefile --with-pkgversion='\''Buildroot 2013.05'\'' --with-bugurl=http://bugs.buildroot.net/'
WINDMC='windmc'
WINDMC_FOR_BUILD='$(WINDMC)'
WINDMC_FOR_TARGET='x86_64-buildroot-linux-uclibc-windmc'
WINDRES='windres'
WINDRES_FOR_BUILD='$(WINDRES)'
WINDRES_FOR_TARGET='x86_64-buildroot-linux-uclibc-windres'
YACC='/home/lsoave/Docker/TMP/buildroot-2013.05/output/toolchain/gcc-4.7.3/missing bison -y'
ac_ct_CC=''
ac_ct_CXX=''
bindir='${exec_prefix}/bin'
build='x86_64-unknown-linux-gnu'
build_alias='x86_64-unknown-linux-gnu'
build_configargs=' --cache-file=../config.cache '\''--prefix=/home/lsoave/Docker/TMP/buildroot-2013.05/output/host/usr'\'' '\''--with-sysroot=/home/lsoave/Docker/TMP/buildroot-2013.05/output/toolchain/uClibc_dev/'\'' '\''--disable-__cxa_atexit'\'' '\''--enable-target-optspace'\'' '\''--disable-libquadmath'\'' '\''--disable-libgomp'\'' '\''--with-gnu-ld'\'' '\''--enable-shared'\'' '\''--disable-libssp'\'' '\''--disable-multilib'\'' '\''--enable-tls'\'' '\''--with-gmp=/home/lsoave/Docker/TMP/buildroot-2013.05/output/host/usr'\'' '\''--with-mpfr=/home/lsoave/Docker/TMP/buildroot-2013.05/output/host/usr'\'' '\''--with-mpc=/home/lsoave/Docker/TMP/buildroot-2013.05/output/host/usr'\'' '\''--disable-nls'\'' '\''--enable-threads'\'' '\''--disable-decimal-float'\'' '\''--with-tune=generic'\'' '\''--disable-largefile'\'' '\''--with-pkgversion=Buildroot 2013.05'\'' '\''--with-bugurl=http://bugs.buildroot.net/'\'' '\''--enable-languages=c,lto'\'' --program-transform-name='\''s&^&x86_64-buildroot-linux-uclibc-&'\'' --disable-option-checking'
build_configdirs=' libiberty fixincludes'
build_cpu='x86_64'
build_libsubdir='build-x86_64-unknown-linux-gnu'
build_noncanonical='x86_64-unknown-linux-gnu'
build_os='linux-gnu'
build_subdir='build-x86_64-unknown-linux-gnu'
build_tooldir='${exec_prefix}/x86_64-buildroot-linux-uclibc'
build_vendor='unknown'
clooginc=''
clooglibs=''
compare_exclusions='gcc/cc*-checksum$(objext) | gcc/ada/*tools/*'
configdirs=' intl libiberty zlib libcpp libdecnumber fixincludes gcc lto-plugin'
datadir='${datarootdir}'
datarootdir='${prefix}/share'
do_compare='cmp --ignore-initial=16 $$f1 $$f2'
docdir='${datarootdir}/doc/${PACKAGE}'
dvidir='${docdir}'
exec_prefix='${prefix}'
extra_host_libiberty_configure_flags='--enable-shared'
extra_mpc_gmp_configure_flags=''
extra_mpc_mpfr_configure_flags=''
extra_mpfr_configure_flags=''
gmpinc='-I/home/lsoave/Docker/TMP/buildroot-2013.05/output/host/usr/include -I/home/lsoave/Docker/TMP/buildroot-2013.05/output/host/usr/include -I/home/lsoave/Docker/TMP/buildroot-2013.05/output/host/usr/include '
gmplibs='-L/home/lsoave/Docker/TMP/buildroot-2013.05/output/host/usr/lib -L/home/lsoave/Docker/TMP/buildroot-2013.05/output/host/usr/lib -L/home/lsoave/Docker/TMP/buildroot-2013.05/output/host/usr/lib -lmpc -lmpfr -lgmp'
host='x86_64-unknown-linux-gnu'
host_alias='x86_64-unknown-linux-gnu'
host_configargs=' --cache-file=./config.cache  '\''--prefix=/home/lsoave/Docker/TMP/buildroot-2013.05/output/host/usr'\'' '\''--with-sysroot=/home/lsoave/Docker/TMP/buildroot-2013.05/output/toolchain/uClibc_dev/'\'' '\''--disable-__cxa_atexit'\'' '\''--enable-target-optspace'\'' '\''--disable-libquadmath'\'' '\''--disable-libgomp'\'' '\''--with-gnu-ld'\'' '\''--enable-shared'\'' '\''--disable-libssp'\'' '\''--disable-multilib'\'' '\''--enable-tls'\'' '\''--with-gmp=/home/lsoave/Docker/TMP/buildroot-2013.05/output/host/usr'\'' '\''--with-mpfr=/home/lsoave/Docker/TMP/buildroot-2013.05/output/host/usr'\'' '\''--with-mpc=/home/lsoave/Docker/TMP/buildroot-2013.05/output/host/usr'\'' '\''--disable-nls'\'' '\''--enable-threads'\'' '\''--disable-decimal-float'\'' '\''--with-tune=generic'\'' '\''--disable-largefile'\'' '\''--with-pkgversion=Buildroot 2013.05'\'' '\''--with-bugurl=http://bugs.buildroot.net/'\'' '\''--enable-languages=c,lto'\'' --program-transform-name='\''s&^&x86_64-buildroot-linux-uclibc-&'\'' --disable-option-checking'
host_cpu='x86_64'
host_noncanonical='x86_64-unknown-linux-gnu'
host_os='linux-gnu'
host_subdir='.'
host_vendor='unknown'
htmldir='${docdir}'
includedir='${prefix}/include'
infodir='${datarootdir}/info'
libdir='${exec_prefix}/lib'
libexecdir='${exec_prefix}/libexec'
localedir='${datarootdir}/locale'
localstatedir='${prefix}/var'
mandir='${datarootdir}/man'
oldincludedir='/usr/include'
pdfdir='${docdir}'
poststage1_ldflags='-static-libstdc++ -static-libgcc'
poststage1_libs=''
pplinc=''
ppllibs=''
prefix='/home/lsoave/Docker/TMP/buildroot-2013.05/output/host/usr'
program_transform_name='s&^&x86_64-buildroot-linux-uclibc-&'
psdir='${docdir}'
sbindir='${exec_prefix}/sbin'
sharedstatedir='${prefix}/com'
stage1_cflags='-g -fkeep-inline-functions'
stage1_checking='--enable-checking=yes,types'
stage1_languages='c,lto'
stage1_ldflags=''
stage1_libs=''
stage2_werror_flag=''
sysconfdir='${prefix}/etc'
target='x86_64-buildroot-linux-uclibc'
target_alias='x86_64-buildroot-linux-uclibc'
target_configargs='--cache-file=./config.cache --with-cross-host=x86_64-unknown-linux-gnu   '\''--prefix=/home/lsoave/Docker/TMP/buildroot-2013.05/output/host/usr'\'' '\''--with-sysroot=/home/lsoave/Docker/TMP/buildroot-2013.05/output/toolchain/uClibc_dev/'\'' '\''--disable-__cxa_atexit'\'' '\''--enable-target-optspace'\'' '\''--disable-libquadmath'\'' '\''--disable-libgomp'\'' '\''--with-gnu-ld'\'' '\''--enable-shared'\'' '\''--disable-libssp'\'' '\''--disable-multilib'\'' '\''--enable-tls'\'' '\''--disable-nls'\'' '\''--enable-threads'\'' '\''--disable-decimal-float'\'' '\''--with-tune=generic'\'' '\''--disable-largefile'\'' '\''--with-pkgversion=Buildroot 2013.05'\'' '\''--with-bugurl=http://bugs.buildroot.net/'\'' '\''--enable-languages=c,lto'\'' --program-transform-name='\''s&^&x86_64-buildroot-linux-uclibc-&'\'' --disable-option-checking'
target_configdirs=' libgcc libmudflap'
target_cpu='x86_64'
target_noncanonical='x86_64-buildroot-linux-uclibc'
target_os='linux-uclibc'
target_subdir='x86_64-buildroot-linux-uclibc'
target_vendor='buildroot'
tooldir='${exec_prefix}/x86_64-buildroot-linux-uclibc'

## ------------------- ##
## File substitutions. ##
## ------------------- ##

alphaieee_frag='/dev/null'
host_makefile_frag='/dev/null'
ospace_frag='/home/lsoave/Docker/TMP/buildroot-2013.05/output/toolchain/gcc-4.7.3/config/mt-ospace'
serialization_dependencies='serdep.tmp'
target_makefile_frag='/home/lsoave/Docker/TMP/buildroot-2013.05/output/toolchain/gcc-4.7.3/config/mt-gnu'

## ----------- ##
## confdefs.h. ##
## ----------- ##

/* confdefs.h */
#define PACKAGE_NAME ""
#define PACKAGE_TARNAME ""
#define PACKAGE_VERSION ""
#define PACKAGE_STRING ""
#define PACKAGE_BUGREPORT ""
#define PACKAGE_URL ""
#define LT_OBJDIR ".libs/"

configure: exit 0
