This file contains any messages produced by compilers while
running configure, to aid debugging if configure makes a mistake.

It was created by configure, which was
generated by GNU Autoconf 2.64.  Invocation command line was

  $ /home/lsoave/Docker/TMP/buildroot-2013.05/output/toolchain/gcc-4.7.3/zlib/configure --cache-file=./config.cache --prefix=/home/lsoave/Docker/TMP/buildroot-2013.05/output/host/usr --with-sysroot=/home/lsoave/Docker/TMP/buildroot-2013.05/output/toolchain/uClibc_dev/ --disable-__cxa_atexit --enable-target-optspace --disable-libquadmath --disable-libgomp --with-gnu-ld --enable-shared --disable-libssp --disable-multilib --enable-tls --with-gmp=/home/lsoave/Docker/TMP/buildroot-2013.05/output/host/usr --with-mpfr=/home/lsoave/Docker/TMP/buildroot-2013.05/output/host/usr --with-mpc=/home/lsoave/Docker/TMP/buildroot-2013.05/output/host/usr --disable-nls --enable-threads --disable-decimal-float --with-tune=generic --disable-largefile --with-pkgversion=Buildroot 2013.05 --with-bugurl=http://bugs.buildroot.net/ --enable-languages=c,lto --program-transform-name=s&^&x86_64-buildroot-linux-uclibc-& --disable-option-checking --build=x86_64-unknown-linux-gnu --host=x86_64-unknown-linux-gnu --target=x86_64-buildroot-linux-uclibc --srcdir=/home/lsoave/Docker/TMP/buildroot-2013.05/output/toolchain/gcc-4.7.3/zlib

## --------- ##
## Platform. ##
## --------- ##

hostname = basenode
uname -m = x86_64
uname -r = 3.11.0-14-generic
uname -s = Linux
uname -v = #21-Ubuntu SMP Tue Nov 12 17:04:55 UTC 2013

/usr/bin/uname -p = unknown
/bin/uname -X     = unknown

/bin/arch              = unknown
/usr/bin/arch -k       = unknown
/usr/convex/getsysinfo = unknown
/usr/bin/hostinfo      = unknown
/bin/machine           = unknown
/usr/bin/oslevel       = unknown
/bin/universe          = unknown

PATH: /home/lsoave/Docker/TMP/buildroot-2013.05/output/host/bin
PATH: /home/lsoave/Docker/TMP/buildroot-2013.05/output/host/usr/bin
PATH: /usr/local/sbin
PATH: /usr/local/bin
PATH: /usr/sbin
PATH: /usr/bin
PATH: /sbin
PATH: /bin


## ----------- ##
## Core tests. ##
## ----------- ##

configure:2103: creating cache ./config.cache
configure:2246: checking build system type
configure:2260: result: x86_64-unknown-linux-gnu
configure:2280: checking host system type
configure:2293: result: x86_64-unknown-linux-gnu
configure:2313: checking target system type
configure:2326: result: x86_64-buildroot-linux-uclibc
configure:2374: checking for a BSD-compatible install
configure:2442: result: /usr/bin/install -c
configure:2453: checking whether build environment is sane
configure:2503: result: yes
configure:2644: checking for a thread-safe mkdir -p
configure:2683: result: /bin/mkdir -p
configure:2696: checking for gawk
configure:2723: result: mawk
configure:2734: checking whether make sets $(MAKE)
configure:2756: result: yes
configure:2838: checking whether to enable maintainer-specific portions of Makefiles
configure:2847: result: no
configure:2918: checking for x86_64-unknown-linux-gnu-gcc
configure:2945: result: /usr/bin/gcc
configure:3214: checking for C compiler version
configure:3223: /usr/bin/gcc --version >&5
gcc (Ubuntu/Linaro 4.8.1-10ubuntu9) 4.8.1
Copyright (C) 2013 Free Software Foundation, Inc.
This is free software; see the source for copying conditions.  There is NO
warranty; not even for MERCHANTABILITY or FITNESS FOR A PARTICULAR PURPOSE.

configure:3234: $? = 0
configure:3223: /usr/bin/gcc -v >&5
Using built-in specs.
COLLECT_GCC=/usr/bin/gcc
COLLECT_LTO_WRAPPER=/usr/lib/gcc/x86_64-linux-gnu/4.8/lto-wrapper
Target: x86_64-linux-gnu
Configured with: ../src/configure -v --with-pkgversion='Ubuntu/Linaro 4.8.1-10ubuntu9' --with-bugurl=file:///usr/share/doc/gcc-4.8/README.Bugs --enable-languages=c,c++,java,go,d,fortran,objc,obj-c++ --prefix=/usr --program-suffix=-4.8 --enable-shared --enable-linker-build-id --libexecdir=/usr/lib --without-included-gettext --enable-threads=posix --with-gxx-include-dir=/usr/include/c++/4.8 --libdir=/usr/lib --enable-nls --with-sysroot=/ --enable-clocale=gnu --enable-libstdcxx-debug --enable-libstdcxx-time=yes --enable-gnu-unique-object --enable-plugin --with-system-zlib --disable-browser-plugin --enable-java-awt=gtk --enable-gtk-cairo --with-java-home=/usr/lib/jvm/java-1.5.0-gcj-4.8-amd64/jre --enable-java-home --with-jvm-root-dir=/usr/lib/jvm/java-1.5.0-gcj-4.8-amd64 --with-jvm-jar-dir=/usr/lib/jvm-exports/java-1.5.0-gcj-4.8-amd64 --with-arch-directory=amd64 --with-ecj-jar=/usr/share/java/eclipse-ecj.jar --enable-objc-gc --enable-multiarch --disable-werror --with-arch-32=i686 --with-abi=m64 --with-multilib-list=m32,m64,mx32 --with-tune=generic --enable-checking=release --build=x86_64-linux-gnu --host=x86_64-linux-gnu --target=x86_64-linux-gnu
Thread model: posix
gcc version 4.8.1 (Ubuntu/Linaro 4.8.1-10ubuntu9) 
configure:3234: $? = 0
configure:3223: /usr/bin/gcc -V >&5
gcc: error: unrecognized command line option '-V'
gcc: fatal error: no input files
compilation terminated.
configure:3234: $? = 4
configure:3223: /usr/bin/gcc -qversion >&5
gcc: error: unrecognized command line option '-qversion'
gcc: fatal error: no input files
compilation terminated.
configure:3234: $? = 4
configure:3250: /usr/bin/gcc -o conftest -O2 -I/home/lsoave/Docker/TMP/buildroot-2013.05/output/host/usr/include   -L/home/lsoave/Docker/TMP/buildroot-2013.05/output/host/lib -L/home/lsoave/Docker/TMP/buildroot-2013.05/output/host/usr/lib -Wl,-rpath,/home/lsoave/Docker/TMP/buildroot-2013.05/output/host/usr/lib conftest.c  >&5
configure:3253: $? = 0
configure:3282: checking for C compiler default output file name
configure:3304: /usr/bin/gcc -O2 -I/home/lsoave/Docker/TMP/buildroot-2013.05/output/host/usr/include   -L/home/lsoave/Docker/TMP/buildroot-2013.05/output/host/lib -L/home/lsoave/Docker/TMP/buildroot-2013.05/output/host/usr/lib -Wl,-rpath,/home/lsoave/Docker/TMP/buildroot-2013.05/output/host/usr/lib conftest.c  >&5
configure:3308: $? = 0
configure:3345: result: a.out
configure:3361: checking whether the C compiler works
configure:3370: ./a.out
configure:3374: $? = 0
configure:3389: result: yes
configure:3396: checking whether we are cross compiling
configure:3398: result: no
configure:3401: checking for suffix of executables
configure:3408: /usr/bin/gcc -o conftest -O2 -I/home/lsoave/Docker/TMP/buildroot-2013.05/output/host/usr/include   -L/home/lsoave/Docker/TMP/buildroot-2013.05/output/host/lib -L/home/lsoave/Docker/TMP/buildroot-2013.05/output/host/usr/lib -Wl,-rpath,/home/lsoave/Docker/TMP/buildroot-2013.05/output/host/usr/lib conftest.c  >&5
configure:3412: $? = 0
configure:3434: result: 
configure:3441: checking for suffix of object files
configure:3463: /usr/bin/gcc -c -O2 -I/home/lsoave/Docker/TMP/buildroot-2013.05/output/host/usr/include  conftest.c >&5
configure:3467: $? = 0
configure:3488: result: o
configure:3492: checking whether we are using the GNU C compiler
configure:3511: /usr/bin/gcc -c -O2 -I/home/lsoave/Docker/TMP/buildroot-2013.05/output/host/usr/include  conftest.c >&5
configure:3511: $? = 0
configure:3520: result: yes
configure:3529: checking whether /usr/bin/gcc accepts -g
configure:3549: /usr/bin/gcc -c -g  conftest.c >&5
configure:3549: $? = 0
configure:3590: result: yes
configure:3607: checking for /usr/bin/gcc option to accept ISO C89
configure:3671: /usr/bin/gcc  -c -O2 -I/home/lsoave/Docker/TMP/buildroot-2013.05/output/host/usr/include  conftest.c >&5
configure:3671: $? = 0
configure:3684: result: none needed
configure:3715: checking for style of include used by make
configure:3743: result: GNU
configure:3768: checking dependency style of /usr/bin/gcc
configure:3878: result: gcc3
configure:3943: checking how to print strings
configure:3970: result: printf
configure:3991: checking for a sed that does not truncate output
configure:4055: result: /bin/sed
configure:4073: checking for grep that handles long lines and -e
configure:4131: result: /bin/grep
configure:4136: checking for egrep
configure:4198: result: /bin/grep -E
configure:4203: checking for fgrep
configure:4265: result: /bin/grep -F
configure:4300: checking for ld used by /usr/bin/gcc
configure:4367: result: /usr/bin/ld
configure:4374: checking if the linker (/usr/bin/ld) is GNU ld
configure:4389: result: yes
configure:4401: checking for BSD- or MS-compatible name lister (nm)
configure:4450: result: /usr/bin/nm
configure:4580: checking the name lister (/usr/bin/nm) interface
configure:4587: /usr/bin/gcc -c -O2 -I/home/lsoave/Docker/TMP/buildroot-2013.05/output/host/usr/include  conftest.c >&5
configure:4590: /usr/bin/nm "conftest.o"
configure:4593: output
0000000000000000 B some_variable
configure:4600: result: BSD nm
configure:4603: checking whether ln -s works
configure:4607: result: yes
configure:4615: checking the maximum length of command line arguments
configure:4740: result: 3458764513820540925
configure:4757: checking whether the shell understands some XSI constructs
configure:4767: result: yes
configure:4771: checking whether the shell understands "+="
configure:4777: result: yes
configure:4812: checking for /usr/bin/ld option to reload object files
configure:4819: result: -r
configure:4848: checking for x86_64-unknown-linux-gnu-objdump
configure:4875: result: objdump
configure:4947: checking how to recognize dependent libraries
configure:5148: result: pass_all
configure:5168: checking for x86_64-unknown-linux-gnu-ar
configure:5195: result: /usr/bin/ar
configure:5273: checking for x86_64-unknown-linux-gnu-strip
configure:5303: result: no
configure:5313: checking for strip
configure:5329: found /usr/bin/strip
configure:5340: result: strip
configure:5372: checking for x86_64-unknown-linux-gnu-ranlib
configure:5399: result: ranlib
configure:5541: checking command to parse /usr/bin/nm output from /usr/bin/gcc object
configure:5659: /usr/bin/gcc -c -O2 -I/home/lsoave/Docker/TMP/buildroot-2013.05/output/host/usr/include  conftest.c >&5
configure:5662: $? = 0
configure:5666: /usr/bin/nm conftest.o \| sed -n -e 's/^.*[ ]\([ABCDGIRSTW][ABCDGIRSTW]*\)[ ][ ]*\([_A-Za-z][_A-Za-z0-9]*\)$/\1 \2 \2/p' \> conftest.nm
configure:5669: $? = 0
configure:5723: /usr/bin/gcc -o conftest -O2 -I/home/lsoave/Docker/TMP/buildroot-2013.05/output/host/usr/include   -L/home/lsoave/Docker/TMP/buildroot-2013.05/output/host/lib -L/home/lsoave/Docker/TMP/buildroot-2013.05/output/host/usr/lib -Wl,-rpath,/home/lsoave/Docker/TMP/buildroot-2013.05/output/host/usr/lib conftest.c conftstm.o >&5
configure:5726: $? = 0
configure:5764: result: ok
configure:5860: /usr/bin/gcc -c -O2 -I/home/lsoave/Docker/TMP/buildroot-2013.05/output/host/usr/include  conftest.c >&5
configure:5863: $? = 0
configure:6609: checking how to run the C preprocessor
configure:6640: /usr/bin/gcc -E  conftest.c
configure:6640: $? = 0
configure:6654: /usr/bin/gcc -E  conftest.c
conftest.c:11:28: fatal error: ac_nonexistent.h: No such file or directory
 #include <ac_nonexistent.h>
                            ^
compilation terminated.
configure:6654: $? = 1
configure: failed program was:
| /* confdefs.h */
| #define PACKAGE_NAME ""
| #define PACKAGE_TARNAME ""
| #define PACKAGE_VERSION ""
| #define PACKAGE_STRING ""
| #define PACKAGE_BUGREPORT ""
| #define PACKAGE_URL ""
| #define PACKAGE "zlib"
| #define VERSION "1.1.4"
| /* end confdefs.h.  */
| #include <ac_nonexistent.h>
configure:6679: result: /usr/bin/gcc -E
configure:6699: /usr/bin/gcc -E  conftest.c
configure:6699: $? = 0
configure:6713: /usr/bin/gcc -E  conftest.c
conftest.c:11:28: fatal error: ac_nonexistent.h: No such file or directory
 #include <ac_nonexistent.h>
                            ^
compilation terminated.
configure:6713: $? = 1
configure: failed program was:
| /* confdefs.h */
| #define PACKAGE_NAME ""
| #define PACKAGE_TARNAME ""
| #define PACKAGE_VERSION ""
| #define PACKAGE_STRING ""
| #define PACKAGE_BUGREPORT ""
| #define PACKAGE_URL ""
| #define PACKAGE "zlib"
| #define VERSION "1.1.4"
| /* end confdefs.h.  */
| #include <ac_nonexistent.h>
configure:6742: checking for ANSI C header files
configure:6762: /usr/bin/gcc -c -O2 -I/home/lsoave/Docker/TMP/buildroot-2013.05/output/host/usr/include  conftest.c >&5
configure:6762: $? = 0
configure:6835: /usr/bin/gcc -o conftest -O2 -I/home/lsoave/Docker/TMP/buildroot-2013.05/output/host/usr/include   -L/home/lsoave/Docker/TMP/buildroot-2013.05/output/host/lib -L/home/lsoave/Docker/TMP/buildroot-2013.05/output/host/usr/lib -Wl,-rpath,/home/lsoave/Docker/TMP/buildroot-2013.05/output/host/usr/lib conftest.c  >&5
configure:6835: $? = 0
configure:6835: ./conftest
configure:6835: $? = 0
configure:6846: result: yes
configure:6859: checking for sys/types.h
configure:6859: /usr/bin/gcc -c -O2 -I/home/lsoave/Docker/TMP/buildroot-2013.05/output/host/usr/include  conftest.c >&5
configure:6859: $? = 0
configure:6859: result: yes
configure:6859: checking for sys/stat.h
configure:6859: /usr/bin/gcc -c -O2 -I/home/lsoave/Docker/TMP/buildroot-2013.05/output/host/usr/include  conftest.c >&5
configure:6859: $? = 0
configure:6859: result: yes
configure:6859: checking for stdlib.h
configure:6859: /usr/bin/gcc -c -O2 -I/home/lsoave/Docker/TMP/buildroot-2013.05/output/host/usr/include  conftest.c >&5
configure:6859: $? = 0
configure:6859: result: yes
configure:6859: checking for string.h
configure:6859: /usr/bin/gcc -c -O2 -I/home/lsoave/Docker/TMP/buildroot-2013.05/output/host/usr/include  conftest.c >&5
configure:6859: $? = 0
configure:6859: result: yes
configure:6859: checking for memory.h
configure:6859: /usr/bin/gcc -c -O2 -I/home/lsoave/Docker/TMP/buildroot-2013.05/output/host/usr/include  conftest.c >&5
configure:6859: $? = 0
configure:6859: result: yes
configure:6859: checking for strings.h
configure:6859: /usr/bin/gcc -c -O2 -I/home/lsoave/Docker/TMP/buildroot-2013.05/output/host/usr/include  conftest.c >&5
configure:6859: $? = 0
configure:6859: result: yes
configure:6859: checking for inttypes.h
configure:6859: /usr/bin/gcc -c -O2 -I/home/lsoave/Docker/TMP/buildroot-2013.05/output/host/usr/include  conftest.c >&5
configure:6859: $? = 0
configure:6859: result: yes
configure:6859: checking for stdint.h
configure:6859: /usr/bin/gcc -c -O2 -I/home/lsoave/Docker/TMP/buildroot-2013.05/output/host/usr/include  conftest.c >&5
configure:6859: $? = 0
configure:6859: result: yes
configure:6859: checking for unistd.h
configure:6859: /usr/bin/gcc -c -O2 -I/home/lsoave/Docker/TMP/buildroot-2013.05/output/host/usr/include  conftest.c >&5
configure:6859: $? = 0
configure:6859: result: yes
configure:6874: checking for dlfcn.h
configure:6874: /usr/bin/gcc -c -O2 -I/home/lsoave/Docker/TMP/buildroot-2013.05/output/host/usr/include  conftest.c >&5
configure:6874: $? = 0
configure:6874: result: yes
configure:7061: checking for objdir
configure:7076: result: .libs
configure:7347: checking if /usr/bin/gcc supports -fno-rtti -fno-exceptions
configure:7365: /usr/bin/gcc -c -O2 -I/home/lsoave/Docker/TMP/buildroot-2013.05/output/host/usr/include  -fno-rtti -fno-exceptions conftest.c >&5
cc1: warning: command line option '-fno-rtti' is valid for C++/ObjC++ but not for C [enabled by default]
configure:7369: $? = 0
configure:7382: result: no
configure:7402: checking for /usr/bin/gcc option to produce PIC
configure:7687: result: -fPIC -DPIC
configure:7699: checking if /usr/bin/gcc PIC flag -fPIC -DPIC works
configure:7717: /usr/bin/gcc -c -O2 -I/home/lsoave/Docker/TMP/buildroot-2013.05/output/host/usr/include  -fPIC -DPIC -DPIC conftest.c >&5
configure:7721: $? = 0
configure:7734: result: yes
configure:7758: checking if /usr/bin/gcc static flag -static works
configure:7786: result: yes
configure:7801: checking if /usr/bin/gcc supports -c -o file.o
configure:7822: /usr/bin/gcc -c -O2 -I/home/lsoave/Docker/TMP/buildroot-2013.05/output/host/usr/include  -o out/conftest2.o conftest.c >&5
configure:7826: $? = 0
configure:7848: result: yes
configure:7856: checking if /usr/bin/gcc supports -c -o file.o
configure:7903: result: yes
configure:7936: checking whether the /usr/bin/gcc linker (/usr/bin/ld -m elf_x86_64) supports shared libraries
configure:9016: result: yes
configure:9053: checking whether -lc should be explicitly linked in
configure:9061: /usr/bin/gcc -c -O2 -I/home/lsoave/Docker/TMP/buildroot-2013.05/output/host/usr/include  conftest.c >&5
configure:9064: $? = 0
configure:9079: /usr/bin/gcc -shared conftest.o  -v -Wl,-soname -Wl,conftest -o conftest 2\>\&1 \| /bin/grep  -lc  \>/dev/null 2\>\&1
configure:9082: $? = 0
configure:9096: result: no
configure:9261: checking dynamic linker characteristics
configure:9715: /usr/bin/gcc -o conftest -O2 -I/home/lsoave/Docker/TMP/buildroot-2013.05/output/host/usr/include   -L/home/lsoave/Docker/TMP/buildroot-2013.05/output/host/lib -L/home/lsoave/Docker/TMP/buildroot-2013.05/output/host/usr/lib -Wl,-rpath,/home/lsoave/Docker/TMP/buildroot-2013.05/output/host/usr/lib -Wl,-rpath -Wl,/foo conftest.c  >&5
configure:9715: $? = 0
configure:9937: result: GNU/Linux ld.so
configure:10044: checking how to hardcode library paths into programs
configure:10069: result: immediate
configure:10624: checking whether stripping libraries is possible
configure:10629: result: yes
configure:10664: checking if libtool supports shared libraries
configure:10666: result: yes
configure:10669: checking whether to build shared libraries
configure:10690: result: yes
configure:10693: checking whether to build static libraries
configure:10697: result: yes
configure:10740: checking how to run the C preprocessor
configure:10810: result: /usr/bin/gcc -E
configure:10830: /usr/bin/gcc -E  conftest.c
configure:10830: $? = 0
configure:10844: /usr/bin/gcc -E  conftest.c
conftest.c:23:28: fatal error: ac_nonexistent.h: No such file or directory
 #include <ac_nonexistent.h>
                            ^
compilation terminated.
configure:10844: $? = 1
configure: failed program was:
| /* confdefs.h */
| #define PACKAGE_NAME ""
| #define PACKAGE_TARNAME ""
| #define PACKAGE_VERSION ""
| #define PACKAGE_STRING ""
| #define PACKAGE_BUGREPORT ""
| #define PACKAGE_URL ""
| #define PACKAGE "zlib"
| #define VERSION "1.1.4"
| #define STDC_HEADERS 1
| #define HAVE_SYS_TYPES_H 1
| #define HAVE_SYS_STAT_H 1
| #define HAVE_STDLIB_H 1
| #define HAVE_STRING_H 1
| #define HAVE_MEMORY_H 1
| #define HAVE_STRINGS_H 1
| #define HAVE_INTTYPES_H 1
| #define HAVE_STDINT_H 1
| #define HAVE_UNISTD_H 1
| #define HAVE_DLFCN_H 1
| #define LT_OBJDIR ".libs/"
| /* end confdefs.h.  */
| #include <ac_nonexistent.h>
configure:10897: checking for stdlib.h
configure:10897: result: yes
configure:10897: checking for unistd.h
configure:10897: result: yes
configure:10910: checking for getpagesize
configure:10910: /usr/bin/gcc -o conftest -O2 -I/home/lsoave/Docker/TMP/buildroot-2013.05/output/host/usr/include   -L/home/lsoave/Docker/TMP/buildroot-2013.05/output/host/lib -L/home/lsoave/Docker/TMP/buildroot-2013.05/output/host/usr/lib -Wl,-rpath,/home/lsoave/Docker/TMP/buildroot-2013.05/output/host/usr/lib conftest.c  >&5
configure:10910: $? = 0
configure:10910: result: yes
configure:10919: checking for working mmap
configure:11056: /usr/bin/gcc -o conftest -O2 -I/home/lsoave/Docker/TMP/buildroot-2013.05/output/host/usr/include   -L/home/lsoave/Docker/TMP/buildroot-2013.05/output/host/lib -L/home/lsoave/Docker/TMP/buildroot-2013.05/output/host/usr/lib -Wl,-rpath,/home/lsoave/Docker/TMP/buildroot-2013.05/output/host/usr/lib conftest.c  >&5
configure:11056: $? = 0
configure:11056: ./conftest
configure:11056: $? = 0
configure:11066: result: yes
configure:11079: checking for memcpy
configure:11079: /usr/bin/gcc -o conftest -O2 -I/home/lsoave/Docker/TMP/buildroot-2013.05/output/host/usr/include   -L/home/lsoave/Docker/TMP/buildroot-2013.05/output/host/lib -L/home/lsoave/Docker/TMP/buildroot-2013.05/output/host/usr/lib -Wl,-rpath,/home/lsoave/Docker/TMP/buildroot-2013.05/output/host/usr/lib conftest.c  >&5
conftest.c:50:6: warning: conflicting types for built-in function 'memcpy' [enabled by default]
 char memcpy ();
      ^
configure:11079: $? = 0
configure:11079: result: yes
configure:11079: checking for strerror
configure:11079: /usr/bin/gcc -o conftest -O2 -I/home/lsoave/Docker/TMP/buildroot-2013.05/output/host/usr/include   -L/home/lsoave/Docker/TMP/buildroot-2013.05/output/host/lib -L/home/lsoave/Docker/TMP/buildroot-2013.05/output/host/usr/lib -Wl,-rpath,/home/lsoave/Docker/TMP/buildroot-2013.05/output/host/usr/lib conftest.c  >&5
configure:11079: $? = 0
configure:11079: result: yes
configure:11145: checking for unistd.h
configure:11145: result: yes
configure:11258: updating cache ./config.cache
configure:11355: creating ./config.status

## ---------------------- ##
## Running config.status. ##
## ---------------------- ##

This file was extended by config.status, which was
generated by GNU Autoconf 2.64.  Invocation command line was

  CONFIG_FILES    = 
  CONFIG_HEADERS  = 
  CONFIG_LINKS    = 
  CONFIG_COMMANDS = 
  $ ./config.status 

on basenode

config.status:1015: creating Makefile
config.status:1171: executing default-1 commands
config.status:1171: executing depfiles commands
config.status:1171: executing libtool commands

## ---------------- ##
## Cache variables. ##
## ---------------- ##

ac_cv_build=x86_64-unknown-linux-gnu
ac_cv_c_compiler_gnu=yes
ac_cv_env_CPPFLAGS_set=
ac_cv_env_CPPFLAGS_value=
ac_cv_env_CPP_set=
ac_cv_env_CPP_value=
ac_cv_env_build_alias_set=set
ac_cv_env_build_alias_value=x86_64-unknown-linux-gnu
ac_cv_env_host_alias_set=set
ac_cv_env_host_alias_value=x86_64-unknown-linux-gnu
ac_cv_env_target_alias_set=set
ac_cv_env_target_alias_value=x86_64-buildroot-linux-uclibc
ac_cv_func_getpagesize=yes
ac_cv_func_memcpy=yes
ac_cv_func_mmap_fixed_mapped=yes
ac_cv_func_strerror=yes
ac_cv_header_dlfcn_h=yes
ac_cv_header_inttypes_h=yes
ac_cv_header_memory_h=yes
ac_cv_header_stdc=yes
ac_cv_header_stdint_h=yes
ac_cv_header_stdlib_h=yes
ac_cv_header_string_h=yes
ac_cv_header_strings_h=yes
ac_cv_header_sys_stat_h=yes
ac_cv_header_sys_types_h=yes
ac_cv_header_unistd_h=yes
ac_cv_host=x86_64-unknown-linux-gnu
ac_cv_objext=o
ac_cv_path_EGREP='/bin/grep -E'
ac_cv_path_FGREP='/bin/grep -F'
ac_cv_path_GREP=/bin/grep
ac_cv_path_SED=/bin/sed
ac_cv_path_install='/usr/bin/install -c'
ac_cv_path_mkdir=/bin/mkdir
ac_cv_prog_AR=/usr/bin/ar
ac_cv_prog_AWK=mawk
ac_cv_prog_CC=/usr/bin/gcc
ac_cv_prog_CPP='/usr/bin/gcc -E'
ac_cv_prog_OBJDUMP=objdump
ac_cv_prog_RANLIB=ranlib
ac_cv_prog_ac_ct_STRIP=strip
ac_cv_prog_cc_c89=
ac_cv_prog_cc_g=yes
ac_cv_prog_make_make_set=yes
ac_cv_target=x86_64-buildroot-linux-uclibc
am_cv_CC_dependencies_compiler_type=gcc3
lt_cv_archive_cmds_need_lc=no
lt_cv_deplibs_check_method=pass_all
lt_cv_file_magic_cmd='$MAGIC_CMD'
lt_cv_file_magic_test_file=
lt_cv_ld_reload_flag=-r
lt_cv_nm_interface='BSD nm'
lt_cv_objdir=.libs
lt_cv_path_LD=/usr/bin/ld
lt_cv_path_NM=/usr/bin/nm
lt_cv_prog_compiler_c_o=yes
lt_cv_prog_compiler_pic_works=yes
lt_cv_prog_compiler_rtti_exceptions=no
lt_cv_prog_compiler_static_works=yes
lt_cv_prog_gnu_ld=yes
lt_cv_shlibpath_overrides_runpath=no
lt_cv_sys_global_symbol_pipe='sed -n -e '\''s/^.*[	 ]\([ABCDGIRSTW][ABCDGIRSTW]*\)[	 ][	 ]*\([_A-Za-z][_A-Za-z0-9]*\)$/\1 \2 \2/p'\'''
lt_cv_sys_global_symbol_to_c_name_address='sed -n -e '\''s/^: \([^ ]*\) $/  {\"\1\", (void *) 0},/p'\'' -e '\''s/^[ABCDGIRSTW]* \([^ ]*\) \([^ ]*\)$/  {"\2", (void *) \&\2},/p'\'''
lt_cv_sys_global_symbol_to_c_name_address_lib_prefix='sed -n -e '\''s/^: \([^ ]*\) $/  {\"\1\", (void *) 0},/p'\'' -e '\''s/^[ABCDGIRSTW]* \([^ ]*\) \(lib[^ ]*\)$/  {"\2", (void *) \&\2},/p'\'' -e '\''s/^[ABCDGIRSTW]* \([^ ]*\) \([^ ]*\)$/  {"lib\2", (void *) \&\2},/p'\'''
lt_cv_sys_global_symbol_to_cdecl='sed -n -e '\''s/^T .* \(.*\)$/extern int \1();/p'\'' -e '\''s/^[ABCDGIRSTW]* .* \(.*\)$/extern char \1;/p'\'''
lt_cv_sys_max_cmd_len=3458764513820540925

## ----------------- ##
## Output variables. ##
## ----------------- ##

ACLOCAL='${SHELL} /home/lsoave/Docker/TMP/buildroot-2013.05/output/toolchain/gcc-4.7.3/missing --run aclocal-1.11'
AMDEPBACKSLASH='\'
AMDEP_FALSE='#'
AMDEP_TRUE=''
AMTAR='${SHELL} /home/lsoave/Docker/TMP/buildroot-2013.05/output/toolchain/gcc-4.7.3/missing --run tar'
AR='/usr/bin/ar'
AUTOCONF='${SHELL} /home/lsoave/Docker/TMP/buildroot-2013.05/output/toolchain/gcc-4.7.3/missing --run autoconf'
AUTOHEADER='${SHELL} /home/lsoave/Docker/TMP/buildroot-2013.05/output/toolchain/gcc-4.7.3/missing --run autoheader'
AUTOMAKE='${SHELL} /home/lsoave/Docker/TMP/buildroot-2013.05/output/toolchain/gcc-4.7.3/missing --run automake-1.11'
AWK='mawk'
CC='/usr/bin/gcc'
CCDEPMODE='depmode=gcc3'
CFLAGS='-O2 -I/home/lsoave/Docker/TMP/buildroot-2013.05/output/host/usr/include'
COMPPATH='.'
CPP='/usr/bin/gcc -E'
CPPFLAGS=''
CYGPATH_W='echo'
DEFS='-DPACKAGE_NAME=\"\" -DPACKAGE_TARNAME=\"\" -DPACKAGE_VERSION=\"\" -DPACKAGE_STRING=\"\" -DPACKAGE_BUGREPORT=\"\" -DPACKAGE_URL=\"\" -DPACKAGE=\"zlib\" -DVERSION=\"1.1.4\" -DSTDC_HEADERS=1 -DHAVE_SYS_TYPES_H=1 -DHAVE_SYS_STAT_H=1 -DHAVE_STDLIB_H=1 -DHAVE_STRING_H=1 -DHAVE_MEMORY_H=1 -DHAVE_STRINGS_H=1 -DHAVE_INTTYPES_H=1 -DHAVE_STDINT_H=1 -DHAVE_UNISTD_H=1 -DHAVE_DLFCN_H=1 -DLT_OBJDIR=\".libs/\" -DHAVE_STDLIB_H=1 -DHAVE_UNISTD_H=1 -DHAVE_GETPAGESIZE=1 -DHAVE_MMAP=1 -DHAVE_MEMCPY=1 -DHAVE_STRERROR=1 -DHAVE_UNISTD_H=1'
DEPDIR='.deps'
DSYMUTIL=''
DUMPBIN=''
ECHO_C=''
ECHO_N='-n'
ECHO_T=''
EGREP='/bin/grep -E'
EXEEXT=''
FGREP='/bin/grep -F'
GREP='/bin/grep'
INSTALL_DATA='${INSTALL} -m 644'
INSTALL_PROGRAM='${INSTALL}'
INSTALL_SCRIPT='${INSTALL}'
INSTALL_STRIP_PROGRAM='$(install_sh) -c -s'
LD='/usr/bin/ld -m elf_x86_64'
LDFLAGS=' -L/home/lsoave/Docker/TMP/buildroot-2013.05/output/host/lib -L/home/lsoave/Docker/TMP/buildroot-2013.05/output/host/usr/lib -Wl,-rpath,/home/lsoave/Docker/TMP/buildroot-2013.05/output/host/usr/lib'
LIBOBJS=''
LIBS=''
LIBTOOL='$(SHELL) $(top_builddir)/libtool'
LIPO=''
LN_S='ln -s'
LTLIBOBJS=''
MAINT='#'
MAINTAINER_MODE_FALSE=''
MAINTAINER_MODE_TRUE='#'
MAKEINFO='/home/lsoave/Docker/TMP/buildroot-2013.05/output/toolchain/gcc-4.7.3/missing makeinfo'
MKDIR_P='/bin/mkdir -p'
NM='/usr/bin/nm'
NMEDIT=''
OBJDUMP='objdump'
OBJEXT='o'
OTOOL64=''
OTOOL=''
PACKAGE='zlib'
PACKAGE_BUGREPORT=''
PACKAGE_NAME=''
PACKAGE_STRING=''
PACKAGE_TARNAME=''
PACKAGE_URL=''
PACKAGE_VERSION=''
PATH_SEPARATOR=':'
RANLIB='ranlib'
SED='/bin/sed'
SET_MAKE=''
SHELL='/bin/bash'
STRIP='strip'
TARGET_LIBRARY_FALSE=''
TARGET_LIBRARY_TRUE='#'
VERSION='1.1.4'
ac_ct_CC=''
ac_ct_DUMPBIN=''
am__EXEEXT_FALSE=''
am__EXEEXT_TRUE='#'
am__fastdepCC_FALSE='#'
am__fastdepCC_TRUE=''
am__include='include'
am__isrc=' -I$(srcdir)'
am__leading_dot='.'
am__quote=''
am__tar='${AMTAR} chof - "$$tardir"'
am__untar='${AMTAR} xf -'
bindir='${exec_prefix}/bin'
build='x86_64-unknown-linux-gnu'
build_alias='x86_64-unknown-linux-gnu'
build_cpu='x86_64'
build_os='linux-gnu'
build_vendor='unknown'
datadir='${datarootdir}'
datarootdir='${prefix}/share'
docdir='${datarootdir}/doc/${PACKAGE}'
dvidir='${docdir}'
exec_prefix='${prefix}'
host='x86_64-unknown-linux-gnu'
host_alias='x86_64-unknown-linux-gnu'
host_cpu='x86_64'
host_os='linux-gnu'
host_vendor='unknown'
htmldir='${docdir}'
includedir='${prefix}/include'
infodir='${datarootdir}/info'
install_sh='${SHELL} /home/lsoave/Docker/TMP/buildroot-2013.05/output/toolchain/gcc-4.7.3/install-sh'
libdir='${exec_prefix}/lib'
libexecdir='${exec_prefix}/libexec'
localedir='${datarootdir}/locale'
localstatedir='${prefix}/var'
mandir='${datarootdir}/man'
mkdir_p='/bin/mkdir -p'
mkinstalldirs='/home/lsoave/Docker/TMP/buildroot-2013.05/output/toolchain/gcc-4.7.3/mkinstalldirs'
multi_basedir='/home/lsoave/Docker/TMP/buildroot-2013.05/output/toolchain/gcc-4.7.3/zlib/..'
oldincludedir='/usr/include'
pdfdir='${docdir}'
prefix='/home/lsoave/Docker/TMP/buildroot-2013.05/output/host/usr'
program_transform_name='s&^&x86_64-buildroot-linux-uclibc-&'
psdir='${docdir}'
sbindir='${exec_prefix}/sbin'
sharedstatedir='${prefix}/com'
sysconfdir='${prefix}/etc'
target='x86_64-buildroot-linux-uclibc'
target_alias='x86_64-buildroot-linux-uclibc'
target_all='libzgcj.la'
target_cpu='x86_64'
target_os='linux-uclibc'
target_vendor='buildroot'
toolexecdir='$(libdir)/gcc-lib/$(target_alias)'
toolexeclibdir='$(libdir)/../lib'

## ----------- ##
## confdefs.h. ##
## ----------- ##

/* confdefs.h */
#define PACKAGE_NAME ""
#define PACKAGE_TARNAME ""
#define PACKAGE_VERSION ""
#define PACKAGE_STRING ""
#define PACKAGE_BUGREPORT ""
#define PACKAGE_URL ""
#define PACKAGE "zlib"
#define VERSION "1.1.4"
#define STDC_HEADERS 1
#define HAVE_SYS_TYPES_H 1
#define HAVE_SYS_STAT_H 1
#define HAVE_STDLIB_H 1
#define HAVE_STRING_H 1
#define HAVE_MEMORY_H 1
#define HAVE_STRINGS_H 1
#define HAVE_INTTYPES_H 1
#define HAVE_STDINT_H 1
#define HAVE_UNISTD_H 1
#define HAVE_DLFCN_H 1
#define LT_OBJDIR ".libs/"
#define HAVE_STDLIB_H 1
#define HAVE_UNISTD_H 1
#define HAVE_GETPAGESIZE 1
#define HAVE_MMAP 1
#define HAVE_MEMCPY 1
#define HAVE_STRERROR 1
#define HAVE_UNISTD_H 1

configure: exit 0
