This file contains any messages produced by compilers while
running configure, to aid debugging if configure makes a mistake.

It was created by configure, which was
generated by GNU Autoconf 2.64.  Invocation command line was

  $ /home/lsoave/Docker/TMP/buildroot-2013.05/output/build/host-binutils-2.21.1/binutils/configure --cache-file=./config.cache --with-gnu-as --with-gnu-ld --with-system-zlib --prefix=/home/lsoave/Docker/TMP/buildroot-2013.05/output/host/usr --sysconfdir=/home/lsoave/Docker/TMP/buildroot-2013.05/output/host/etc --enable-shared --disable-static --disable-gtk-doc --disable-doc --disable-docs --disable-documentation --with-xmlto=no --with-fop=no --disable-multilib --disable-werror --disable-shared --enable-static --with-sysroot=/home/lsoave/Docker/TMP/buildroot-2013.05/output/host/usr/x86_64-buildroot-linux-uclibc/sysroot --program-transform-name=s&^&x86_64-buildroot-linux-uclibc-& --disable-option-checking --build=x86_64-unknown-linux-gnu --host=x86_64-unknown-linux-gnu --target=x86_64-buildroot-linux-uclibc --srcdir=.././binutils

## --------- ##
## Platform. ##
## --------- ##

hostname = basenode
uname -m = x86_64
uname -r = 3.11.0-14-generic
uname -s = Linux
uname -v = #21-Ubuntu SMP Tue Nov 12 17:04:55 UTC 2013

/usr/bin/uname -p = unknown
/bin/uname -X     = unknown

/bin/arch              = unknown
/usr/bin/arch -k       = unknown
/usr/convex/getsysinfo = unknown
/usr/bin/hostinfo      = unknown
/bin/machine           = unknown
/usr/bin/oslevel       = unknown
/bin/universe          = unknown

PATH: /home/lsoave/Docker/TMP/buildroot-2013.05/output/host/bin
PATH: /home/lsoave/Docker/TMP/buildroot-2013.05/output/host/usr/bin
PATH: /usr/local/sbin
PATH: /usr/local/bin
PATH: /usr/sbin
PATH: /usr/bin
PATH: /sbin
PATH: /bin


## ----------- ##
## Core tests. ##
## ----------- ##

configure:2201: creating cache ./config.cache
configure:2306: checking build system type
configure:2320: result: x86_64-unknown-linux-gnu
configure:2340: checking host system type
configure:2353: result: x86_64-unknown-linux-gnu
configure:2373: checking target system type
configure:2386: result: x86_64-buildroot-linux-uclibc
configure:2420: checking for x86_64-unknown-linux-gnu-gcc
configure:2447: result: /usr/bin/gcc
configure:2716: checking for C compiler version
configure:2725: /usr/bin/gcc --version >&5
gcc (Ubuntu/Linaro 4.8.1-10ubuntu9) 4.8.1
Copyright (C) 2013 Free Software Foundation, Inc.
This is free software; see the source for copying conditions.  There is NO
warranty; not even for MERCHANTABILITY or FITNESS FOR A PARTICULAR PURPOSE.

configure:2736: $? = 0
configure:2725: /usr/bin/gcc -v >&5
Using built-in specs.
COLLECT_GCC=/usr/bin/gcc
COLLECT_LTO_WRAPPER=/usr/lib/gcc/x86_64-linux-gnu/4.8/lto-wrapper
Target: x86_64-linux-gnu
Configured with: ../src/configure -v --with-pkgversion='Ubuntu/Linaro 4.8.1-10ubuntu9' --with-bugurl=file:///usr/share/doc/gcc-4.8/README.Bugs --enable-languages=c,c++,java,go,d,fortran,objc,obj-c++ --prefix=/usr --program-suffix=-4.8 --enable-shared --enable-linker-build-id --libexecdir=/usr/lib --without-included-gettext --enable-threads=posix --with-gxx-include-dir=/usr/include/c++/4.8 --libdir=/usr/lib --enable-nls --with-sysroot=/ --enable-clocale=gnu --enable-libstdcxx-debug --enable-libstdcxx-time=yes --enable-gnu-unique-object --enable-plugin --with-system-zlib --disable-browser-plugin --enable-java-awt=gtk --enable-gtk-cairo --with-java-home=/usr/lib/jvm/java-1.5.0-gcj-4.8-amd64/jre --enable-java-home --with-jvm-root-dir=/usr/lib/jvm/java-1.5.0-gcj-4.8-amd64 --with-jvm-jar-dir=/usr/lib/jvm-exports/java-1.5.0-gcj-4.8-amd64 --with-arch-directory=amd64 --with-ecj-jar=/usr/share/java/eclipse-ecj.jar --enable-objc-gc --enable-multiarch --disable-werror --with-arch-32=i686 --with-abi=m64 --with-multilib-list=m32,m64,mx32 --with-tune=generic --enable-checking=release --build=x86_64-linux-gnu --host=x86_64-linux-gnu --target=x86_64-linux-gnu
Thread model: posix
gcc version 4.8.1 (Ubuntu/Linaro 4.8.1-10ubuntu9) 
configure:2736: $? = 0
configure:2725: /usr/bin/gcc -V >&5
gcc: error: unrecognized command line option '-V'
gcc: fatal error: no input files
compilation terminated.
configure:2736: $? = 4
configure:2725: /usr/bin/gcc -qversion >&5
gcc: error: unrecognized command line option '-qversion'
gcc: fatal error: no input files
compilation terminated.
configure:2736: $? = 4
configure:2756: checking for C compiler default output file name
configure:2778: /usr/bin/gcc -O2 -I/home/lsoave/Docker/TMP/buildroot-2013.05/output/host/usr/include   -L/home/lsoave/Docker/TMP/buildroot-2013.05/output/host/lib -L/home/lsoave/Docker/TMP/buildroot-2013.05/output/host/usr/lib -Wl,-rpath,/home/lsoave/Docker/TMP/buildroot-2013.05/output/host/usr/lib conftest.c  >&5
configure:2782: $? = 0
configure:2819: result: a.out
configure:2835: checking whether the C compiler works
configure:2844: ./a.out
configure:2848: $? = 0
configure:2863: result: yes
configure:2870: checking whether we are cross compiling
configure:2872: result: no
configure:2875: checking for suffix of executables
configure:2882: /usr/bin/gcc -o conftest -O2 -I/home/lsoave/Docker/TMP/buildroot-2013.05/output/host/usr/include   -L/home/lsoave/Docker/TMP/buildroot-2013.05/output/host/lib -L/home/lsoave/Docker/TMP/buildroot-2013.05/output/host/usr/lib -Wl,-rpath,/home/lsoave/Docker/TMP/buildroot-2013.05/output/host/usr/lib conftest.c  >&5
configure:2886: $? = 0
configure:2908: result: 
configure:2914: checking for suffix of object files
configure:2936: /usr/bin/gcc -c -O2 -I/home/lsoave/Docker/TMP/buildroot-2013.05/output/host/usr/include  conftest.c >&5
configure:2940: $? = 0
configure:2961: result: o
configure:2965: checking whether we are using the GNU C compiler
configure:2984: /usr/bin/gcc -c -O2 -I/home/lsoave/Docker/TMP/buildroot-2013.05/output/host/usr/include  conftest.c >&5
configure:2984: $? = 0
configure:2993: result: yes
configure:3002: checking whether /usr/bin/gcc accepts -g
configure:3022: /usr/bin/gcc -c -g  conftest.c >&5
configure:3022: $? = 0
configure:3063: result: yes
configure:3080: checking for /usr/bin/gcc option to accept ISO C89
configure:3144: /usr/bin/gcc  -c -O2 -I/home/lsoave/Docker/TMP/buildroot-2013.05/output/host/usr/include  conftest.c >&5
configure:3144: $? = 0
configure:3157: result: none needed
configure:3178: checking for library containing strerror
configure:3209: /usr/bin/gcc -o conftest -O2 -I/home/lsoave/Docker/TMP/buildroot-2013.05/output/host/usr/include   -L/home/lsoave/Docker/TMP/buildroot-2013.05/output/host/lib -L/home/lsoave/Docker/TMP/buildroot-2013.05/output/host/usr/lib -Wl,-rpath,/home/lsoave/Docker/TMP/buildroot-2013.05/output/host/usr/lib conftest.c  >&5
configure:3209: $? = 0
configure:3226: result: none required
configure:3252: checking for a BSD-compatible install
configure:3320: result: /usr/bin/install -c
configure:3331: checking whether build environment is sane
configure:3381: result: yes
configure:3522: checking for a thread-safe mkdir -p
configure:3561: result: /bin/mkdir -p
configure:3574: checking for gawk
configure:3601: result: mawk
configure:3612: checking whether /usr/bin/make sets $(MAKE)
configure:3634: result: yes
configure:3664: checking for style of include used by /usr/bin/make
configure:3692: result: GNU
configure:3777: checking dependency style of /usr/bin/gcc
configure:3887: result: gcc3
configure:3912: checking for x86_64-unknown-linux-gnu-gcc
configure:3939: result: /usr/bin/gcc
configure:4208: checking for C compiler version
configure:4217: /usr/bin/gcc --version >&5
gcc (Ubuntu/Linaro 4.8.1-10ubuntu9) 4.8.1
Copyright (C) 2013 Free Software Foundation, Inc.
This is free software; see the source for copying conditions.  There is NO
warranty; not even for MERCHANTABILITY or FITNESS FOR A PARTICULAR PURPOSE.

configure:4228: $? = 0
configure:4217: /usr/bin/gcc -v >&5
Using built-in specs.
COLLECT_GCC=/usr/bin/gcc
COLLECT_LTO_WRAPPER=/usr/lib/gcc/x86_64-linux-gnu/4.8/lto-wrapper
Target: x86_64-linux-gnu
Configured with: ../src/configure -v --with-pkgversion='Ubuntu/Linaro 4.8.1-10ubuntu9' --with-bugurl=file:///usr/share/doc/gcc-4.8/README.Bugs --enable-languages=c,c++,java,go,d,fortran,objc,obj-c++ --prefix=/usr --program-suffix=-4.8 --enable-shared --enable-linker-build-id --libexecdir=/usr/lib --without-included-gettext --enable-threads=posix --with-gxx-include-dir=/usr/include/c++/4.8 --libdir=/usr/lib --enable-nls --with-sysroot=/ --enable-clocale=gnu --enable-libstdcxx-debug --enable-libstdcxx-time=yes --enable-gnu-unique-object --enable-plugin --with-system-zlib --disable-browser-plugin --enable-java-awt=gtk --enable-gtk-cairo --with-java-home=/usr/lib/jvm/java-1.5.0-gcj-4.8-amd64/jre --enable-java-home --with-jvm-root-dir=/usr/lib/jvm/java-1.5.0-gcj-4.8-amd64 --with-jvm-jar-dir=/usr/lib/jvm-exports/java-1.5.0-gcj-4.8-amd64 --with-arch-directory=amd64 --with-ecj-jar=/usr/share/java/eclipse-ecj.jar --enable-objc-gc --enable-multiarch --disable-werror --with-arch-32=i686 --with-abi=m64 --with-multilib-list=m32,m64,mx32 --with-tune=generic --enable-checking=release --build=x86_64-linux-gnu --host=x86_64-linux-gnu --target=x86_64-linux-gnu
Thread model: posix
gcc version 4.8.1 (Ubuntu/Linaro 4.8.1-10ubuntu9) 
configure:4228: $? = 0
configure:4217: /usr/bin/gcc -V >&5
gcc: error: unrecognized command line option '-V'
gcc: fatal error: no input files
compilation terminated.
configure:4228: $? = 4
configure:4217: /usr/bin/gcc -qversion >&5
gcc: error: unrecognized command line option '-qversion'
gcc: fatal error: no input files
compilation terminated.
configure:4228: $? = 4
configure:4232: checking whether we are using the GNU C compiler
configure:4260: result: yes
configure:4269: checking whether /usr/bin/gcc accepts -g
configure:4330: result: yes
configure:4347: checking for /usr/bin/gcc option to accept ISO C89
configure:4424: result: none needed
configure:4449: checking how to run the C preprocessor
configure:4480: /usr/bin/gcc -E  conftest.c
configure:4480: $? = 0
configure:4494: /usr/bin/gcc -E  conftest.c
conftest.c:11:28: fatal error: ac_nonexistent.h: No such file or directory
 #include <ac_nonexistent.h>
                            ^
compilation terminated.
configure:4494: $? = 1
configure: failed program was:
| /* confdefs.h */
| #define PACKAGE_NAME ""
| #define PACKAGE_TARNAME ""
| #define PACKAGE_VERSION ""
| #define PACKAGE_STRING ""
| #define PACKAGE_BUGREPORT ""
| #define PACKAGE_URL ""
| #define PACKAGE "binutils"
| #define VERSION "2.21.1"
| /* end confdefs.h.  */
| #include <ac_nonexistent.h>
configure:4519: result: /usr/bin/gcc -E
configure:4539: /usr/bin/gcc -E  conftest.c
configure:4539: $? = 0
configure:4553: /usr/bin/gcc -E  conftest.c
conftest.c:11:28: fatal error: ac_nonexistent.h: No such file or directory
 #include <ac_nonexistent.h>
                            ^
compilation terminated.
configure:4553: $? = 1
configure: failed program was:
| /* confdefs.h */
| #define PACKAGE_NAME ""
| #define PACKAGE_TARNAME ""
| #define PACKAGE_VERSION ""
| #define PACKAGE_STRING ""
| #define PACKAGE_BUGREPORT ""
| #define PACKAGE_URL ""
| #define PACKAGE "binutils"
| #define VERSION "2.21.1"
| /* end confdefs.h.  */
| #include <ac_nonexistent.h>
configure:4582: checking for grep that handles long lines and -e
configure:4640: result: /bin/grep
configure:4645: checking for egrep
configure:4707: result: /bin/grep -E
configure:4712: checking for ANSI C header files
configure:4732: /usr/bin/gcc -c -O2 -I/home/lsoave/Docker/TMP/buildroot-2013.05/output/host/usr/include  conftest.c >&5
configure:4732: $? = 0
configure:4805: /usr/bin/gcc -o conftest -O2 -I/home/lsoave/Docker/TMP/buildroot-2013.05/output/host/usr/include   -L/home/lsoave/Docker/TMP/buildroot-2013.05/output/host/lib -L/home/lsoave/Docker/TMP/buildroot-2013.05/output/host/usr/lib -Wl,-rpath,/home/lsoave/Docker/TMP/buildroot-2013.05/output/host/usr/lib conftest.c  >&5
configure:4805: $? = 0
configure:4805: ./conftest
configure:4805: $? = 0
configure:4816: result: yes
configure:4829: checking for sys/types.h
configure:4829: /usr/bin/gcc -c -O2 -I/home/lsoave/Docker/TMP/buildroot-2013.05/output/host/usr/include  conftest.c >&5
configure:4829: $? = 0
configure:4829: result: yes
configure:4829: checking for sys/stat.h
configure:4829: /usr/bin/gcc -c -O2 -I/home/lsoave/Docker/TMP/buildroot-2013.05/output/host/usr/include  conftest.c >&5
configure:4829: $? = 0
configure:4829: result: yes
configure:4829: checking for stdlib.h
configure:4829: /usr/bin/gcc -c -O2 -I/home/lsoave/Docker/TMP/buildroot-2013.05/output/host/usr/include  conftest.c >&5
configure:4829: $? = 0
configure:4829: result: yes
configure:4829: checking for string.h
configure:4829: /usr/bin/gcc -c -O2 -I/home/lsoave/Docker/TMP/buildroot-2013.05/output/host/usr/include  conftest.c >&5
configure:4829: $? = 0
configure:4829: result: yes
configure:4829: checking for memory.h
configure:4829: /usr/bin/gcc -c -O2 -I/home/lsoave/Docker/TMP/buildroot-2013.05/output/host/usr/include  conftest.c >&5
configure:4829: $? = 0
configure:4829: result: yes
configure:4829: checking for strings.h
configure:4829: /usr/bin/gcc -c -O2 -I/home/lsoave/Docker/TMP/buildroot-2013.05/output/host/usr/include  conftest.c >&5
configure:4829: $? = 0
configure:4829: result: yes
configure:4829: checking for inttypes.h
configure:4829: /usr/bin/gcc -c -O2 -I/home/lsoave/Docker/TMP/buildroot-2013.05/output/host/usr/include  conftest.c >&5
configure:4829: $? = 0
configure:4829: result: yes
configure:4829: checking for stdint.h
configure:4829: /usr/bin/gcc -c -O2 -I/home/lsoave/Docker/TMP/buildroot-2013.05/output/host/usr/include  conftest.c >&5
configure:4829: $? = 0
configure:4829: result: yes
configure:4829: checking for unistd.h
configure:4829: /usr/bin/gcc -c -O2 -I/home/lsoave/Docker/TMP/buildroot-2013.05/output/host/usr/include  conftest.c >&5
configure:4829: $? = 0
configure:4829: result: yes
configure:4843: checking minix/config.h usability
configure:4843: /usr/bin/gcc -c -O2 -I/home/lsoave/Docker/TMP/buildroot-2013.05/output/host/usr/include  conftest.c >&5
conftest.c:54:26: fatal error: minix/config.h: No such file or directory
 #include <minix/config.h>
                          ^
compilation terminated.
configure:4843: $? = 1
configure: failed program was:
| /* confdefs.h */
| #define PACKAGE_NAME ""
| #define PACKAGE_TARNAME ""
| #define PACKAGE_VERSION ""
| #define PACKAGE_STRING ""
| #define PACKAGE_BUGREPORT ""
| #define PACKAGE_URL ""
| #define PACKAGE "binutils"
| #define VERSION "2.21.1"
| #define STDC_HEADERS 1
| #define HAVE_SYS_TYPES_H 1
| #define HAVE_SYS_STAT_H 1
| #define HAVE_STDLIB_H 1
| #define HAVE_STRING_H 1
| #define HAVE_MEMORY_H 1
| #define HAVE_STRINGS_H 1
| #define HAVE_INTTYPES_H 1
| #define HAVE_STDINT_H 1
| #define HAVE_UNISTD_H 1
| /* end confdefs.h.  */
| #include <stdio.h>
| #ifdef HAVE_SYS_TYPES_H
| # include <sys/types.h>
| #endif
| #ifdef HAVE_SYS_STAT_H
| # include <sys/stat.h>
| #endif
| #ifdef STDC_HEADERS
| # include <stdlib.h>
| # include <stddef.h>
| #else
| # ifdef HAVE_STDLIB_H
| #  include <stdlib.h>
| # endif
| #endif
| #ifdef HAVE_STRING_H
| # if !defined STDC_HEADERS && defined HAVE_MEMORY_H
| #  include <memory.h>
| # endif
| # include <string.h>
| #endif
| #ifdef HAVE_STRINGS_H
| # include <strings.h>
| #endif
| #ifdef HAVE_INTTYPES_H
| # include <inttypes.h>
| #endif
| #ifdef HAVE_STDINT_H
| # include <stdint.h>
| #endif
| #ifdef HAVE_UNISTD_H
| # include <unistd.h>
| #endif
| #include <minix/config.h>
configure:4843: result: no
configure:4843: checking minix/config.h presence
configure:4843: /usr/bin/gcc -E  conftest.c
conftest.c:21:26: fatal error: minix/config.h: No such file or directory
 #include <minix/config.h>
                          ^
compilation terminated.
configure:4843: $? = 1
configure: failed program was:
| /* confdefs.h */
| #define PACKAGE_NAME ""
| #define PACKAGE_TARNAME ""
| #define PACKAGE_VERSION ""
| #define PACKAGE_STRING ""
| #define PACKAGE_BUGREPORT ""
| #define PACKAGE_URL ""
| #define PACKAGE "binutils"
| #define VERSION "2.21.1"
| #define STDC_HEADERS 1
| #define HAVE_SYS_TYPES_H 1
| #define HAVE_SYS_STAT_H 1
| #define HAVE_STDLIB_H 1
| #define HAVE_STRING_H 1
| #define HAVE_MEMORY_H 1
| #define HAVE_STRINGS_H 1
| #define HAVE_INTTYPES_H 1
| #define HAVE_STDINT_H 1
| #define HAVE_UNISTD_H 1
| /* end confdefs.h.  */
| #include <minix/config.h>
configure:4843: result: no
configure:4843: checking for minix/config.h
configure:4843: result: no
configure:4864: checking whether it is safe to define __EXTENSIONS__
configure:4882: /usr/bin/gcc -c -O2 -I/home/lsoave/Docker/TMP/buildroot-2013.05/output/host/usr/include  conftest.c >&5
configure:4882: $? = 0
configure:4889: result: yes
configure:4949: checking for special C compiler options needed for large files
configure:4994: result: no
configure:5000: checking for _FILE_OFFSET_BITS value needed for large files
configure:5025: /usr/bin/gcc -c -O2 -I/home/lsoave/Docker/TMP/buildroot-2013.05/output/host/usr/include  conftest.c >&5
configure:5025: $? = 0
configure:5057: result: no
configure:5187: checking how to print strings
configure:5214: result: printf
configure:5235: checking for a sed that does not truncate output
configure:5299: result: /bin/sed
configure:5317: checking for fgrep
configure:5379: result: /bin/grep -F
configure:5414: checking for ld used by /usr/bin/gcc
configure:5481: result: /usr/bin/ld
configure:5488: checking if the linker (/usr/bin/ld) is GNU ld
configure:5503: result: yes
configure:5515: checking for BSD- or MS-compatible name lister (nm)
configure:5564: result: /usr/bin/nm
configure:5694: checking the name lister (/usr/bin/nm) interface
configure:5701: /usr/bin/gcc -c -O2 -I/home/lsoave/Docker/TMP/buildroot-2013.05/output/host/usr/include  conftest.c >&5
configure:5704: /usr/bin/nm "conftest.o"
configure:5707: output
0000000000000000 B some_variable
configure:5714: result: BSD nm
configure:5717: checking whether ln -s works
configure:5721: result: yes
configure:5729: checking the maximum length of command line arguments
configure:5854: result: 3458764513820540925
configure:5871: checking whether the shell understands some XSI constructs
configure:5881: result: yes
configure:5885: checking whether the shell understands "+="
configure:5891: result: yes
configure:5926: checking for /usr/bin/ld option to reload object files
configure:5933: result: -r
configure:5962: checking for x86_64-unknown-linux-gnu-objdump
configure:5989: result: objdump
configure:6061: checking how to recognize dependent libraries
configure:6262: result: pass_all
configure:6282: checking for x86_64-unknown-linux-gnu-ar
configure:6309: result: /usr/bin/ar
configure:6387: checking for x86_64-unknown-linux-gnu-strip
configure:6417: result: no
configure:6427: checking for strip
configure:6443: found /usr/bin/strip
configure:6454: result: strip
configure:6486: checking for x86_64-unknown-linux-gnu-ranlib
configure:6513: result: ranlib
configure:6655: checking command to parse /usr/bin/nm output from /usr/bin/gcc object
configure:6773: /usr/bin/gcc -c -O2 -I/home/lsoave/Docker/TMP/buildroot-2013.05/output/host/usr/include  conftest.c >&5
configure:6776: $? = 0
configure:6780: /usr/bin/nm conftest.o \| sed -n -e 's/^.*[ ]\([ABCDGIRSTW][ABCDGIRSTW]*\)[ ][ ]*\([_A-Za-z][_A-Za-z0-9]*\)$/\1 \2 \2/p' \> conftest.nm
configure:6783: $? = 0
configure:6837: /usr/bin/gcc -o conftest -O2 -I/home/lsoave/Docker/TMP/buildroot-2013.05/output/host/usr/include   -L/home/lsoave/Docker/TMP/buildroot-2013.05/output/host/lib -L/home/lsoave/Docker/TMP/buildroot-2013.05/output/host/usr/lib -Wl,-rpath,/home/lsoave/Docker/TMP/buildroot-2013.05/output/host/usr/lib conftest.c conftstm.o >&5
configure:6840: $? = 0
configure:6878: result: ok
configure:6973: /usr/bin/gcc -c -O2 -I/home/lsoave/Docker/TMP/buildroot-2013.05/output/host/usr/include  conftest.c >&5
configure:6976: $? = 0
configure:7713: checking for dlfcn.h
configure:7713: /usr/bin/gcc -c -O2 -I/home/lsoave/Docker/TMP/buildroot-2013.05/output/host/usr/include  conftest.c >&5
configure:7713: $? = 0
configure:7713: result: yes
configure:7900: checking for objdir
configure:7915: result: .libs
configure:8186: checking if /usr/bin/gcc supports -fno-rtti -fno-exceptions
configure:8204: /usr/bin/gcc -c -O2 -I/home/lsoave/Docker/TMP/buildroot-2013.05/output/host/usr/include  -fno-rtti -fno-exceptions conftest.c >&5
cc1: warning: command line option '-fno-rtti' is valid for C++/ObjC++ but not for C [enabled by default]
configure:8208: $? = 0
configure:8221: result: no
configure:8241: checking for /usr/bin/gcc option to produce PIC
configure:8526: result: -fPIC -DPIC
configure:8538: checking if /usr/bin/gcc PIC flag -fPIC -DPIC works
configure:8556: /usr/bin/gcc -c -O2 -I/home/lsoave/Docker/TMP/buildroot-2013.05/output/host/usr/include  -fPIC -DPIC -DPIC conftest.c >&5
configure:8560: $? = 0
configure:8573: result: yes
configure:8597: checking if /usr/bin/gcc static flag -static works
configure:8625: result: yes
configure:8640: checking if /usr/bin/gcc supports -c -o file.o
configure:8661: /usr/bin/gcc -c -O2 -I/home/lsoave/Docker/TMP/buildroot-2013.05/output/host/usr/include  -o out/conftest2.o conftest.c >&5
configure:8665: $? = 0
configure:8687: result: yes
configure:8695: checking if /usr/bin/gcc supports -c -o file.o
configure:8742: result: yes
configure:8775: checking whether the /usr/bin/gcc linker (/usr/bin/ld -m elf_x86_64) supports shared libraries
configure:9850: result: yes
configure:10095: checking dynamic linker characteristics
configure:10550: /usr/bin/gcc -o conftest -O2 -I/home/lsoave/Docker/TMP/buildroot-2013.05/output/host/usr/include   -L/home/lsoave/Docker/TMP/buildroot-2013.05/output/host/lib -L/home/lsoave/Docker/TMP/buildroot-2013.05/output/host/usr/lib -Wl,-rpath,/home/lsoave/Docker/TMP/buildroot-2013.05/output/host/usr/lib -Wl,-rpath -Wl,/foo conftest.c  >&5
configure:10550: $? = 0
configure:10772: result: GNU/Linux ld.so
configure:10879: checking how to hardcode library paths into programs
configure:10904: result: immediate
configure:11444: checking whether stripping libraries is possible
configure:11449: result: yes
configure:11484: checking if libtool supports shared libraries
configure:11486: result: yes
configure:11489: checking whether to build shared libraries
configure:11510: result: no
configure:11513: checking whether to build static libraries
configure:11517: result: yes
configure:11651: checking for bison
configure:11678: result: /home/lsoave/Docker/TMP/buildroot-2013.05/output/build/host-binutils-2.21.1/missing bison -y
configure:11694: checking for flex
configure:11721: result: /home/lsoave/Docker/TMP/buildroot-2013.05/output/build/host-binutils-2.21.1/missing flex
configure:11758: /home/lsoave/Docker/TMP/buildroot-2013.05/output/build/host-binutils-2.21.1/missing flex conftest.l
WARNING: `flex' is missing on your system.  You should only need it if
         you modified a `.l' file.  You may need the `Flex' package
         in order for those modifications to take effect.  You can get
         `Flex' from any GNU archive site.
configure:11762: $? = 0
configure:11764: checking lex output file root
configure:11778: result: lex.yy
configure:11783: checking lex library
configure:11797: /usr/bin/gcc -o conftest -O2 -I/home/lsoave/Docker/TMP/buildroot-2013.05/output/host/usr/include   -L/home/lsoave/Docker/TMP/buildroot-2013.05/output/host/lib -L/home/lsoave/Docker/TMP/buildroot-2013.05/output/host/usr/lib -Wl,-rpath,/home/lsoave/Docker/TMP/buildroot-2013.05/output/host/usr/lib conftest.c   >&5
configure:11797: $? = 0
configure:11807: result: 
configure:11813: checking whether yytext is a pointer
configure:11829: /usr/bin/gcc -o conftest -O2 -I/home/lsoave/Docker/TMP/buildroot-2013.05/output/host/usr/include   -L/home/lsoave/Docker/TMP/buildroot-2013.05/output/host/lib -L/home/lsoave/Docker/TMP/buildroot-2013.05/output/host/usr/lib -Wl,-rpath,/home/lsoave/Docker/TMP/buildroot-2013.05/output/host/usr/lib conftest.c   >&5
configure:11829: $? = 0
configure:11837: result: yes
configure:11865: checking whether NLS is requested
configure:11871: result: yes
configure:11877: checking for catalogs to be installed
configure:11909: result:  bg da es fi fr id ja ro ru rw sk sv tr uk vi zh_CN zh_TW bg da es fi fr id ja ro ru rw sk sv tr uk vi zh_CN zh_TW
configure:11936: checking whether NLS is requested
configure:11945: result: yes
configure:11983: checking for msgfmt
configure:12014: result: /usr/bin/msgfmt
configure:12023: checking for gmsgfmt
configure:12054: result: /usr/bin/msgfmt
configure:12094: checking for xgettext
configure:12125: result: /usr/bin/xgettext
configure:12165: checking for msgmerge
configure:12195: result: /usr/bin/msgmerge
configure:12232: checking whether to enable maintainer-specific portions of Makefiles
configure:12241: result: no
configure:12286: checking for x86_64-unknown-linux-gnu-ranlib
configure:12313: result: ranlib
configure:12425: checking for string.h
configure:12425: result: yes
configure:12425: checking for strings.h
configure:12425: result: yes
configure:12425: checking for stdlib.h
configure:12425: result: yes
configure:12425: checking for unistd.h
configure:12425: result: yes
configure:12425: checking fcntl.h usability
configure:12425: /usr/bin/gcc -c -O2 -I/home/lsoave/Docker/TMP/buildroot-2013.05/output/host/usr/include  conftest.c >&5
configure:12425: $? = 0
configure:12425: result: yes
configure:12425: checking fcntl.h presence
configure:12425: /usr/bin/gcc -E  conftest.c
configure:12425: $? = 0
configure:12425: result: yes
configure:12425: checking for fcntl.h
configure:12425: result: yes
configure:12425: checking sys/file.h usability
configure:12425: /usr/bin/gcc -c -O2 -I/home/lsoave/Docker/TMP/buildroot-2013.05/output/host/usr/include  conftest.c >&5
configure:12425: $? = 0
configure:12425: result: yes
configure:12425: checking sys/file.h presence
configure:12425: /usr/bin/gcc -E  conftest.c
configure:12425: $? = 0
configure:12425: result: yes
configure:12425: checking for sys/file.h
configure:12425: result: yes
configure:12425: checking limits.h usability
configure:12425: /usr/bin/gcc -c -O2 -I/home/lsoave/Docker/TMP/buildroot-2013.05/output/host/usr/include  conftest.c >&5
configure:12425: $? = 0
configure:12425: result: yes
configure:12425: checking limits.h presence
configure:12425: /usr/bin/gcc -E  conftest.c
configure:12425: $? = 0
configure:12425: result: yes
configure:12425: checking for limits.h
configure:12425: result: yes
configure:12425: checking sys/param.h usability
configure:12425: /usr/bin/gcc -c -O2 -I/home/lsoave/Docker/TMP/buildroot-2013.05/output/host/usr/include  conftest.c >&5
configure:12425: $? = 0
configure:12425: result: yes
configure:12425: checking sys/param.h presence
configure:12425: /usr/bin/gcc -E  conftest.c
configure:12425: $? = 0
configure:12425: result: yes
configure:12425: checking for sys/param.h
configure:12425: result: yes
configure:12436: checking for sys/wait.h that is POSIX.1 compatible
configure:12462: /usr/bin/gcc -c -O2 -I/home/lsoave/Docker/TMP/buildroot-2013.05/output/host/usr/include  conftest.c >&5
configure:12462: $? = 0
configure:12469: result: yes
configure:12479: checking for working alloca.h
configure:12496: /usr/bin/gcc -o conftest -O2 -I/home/lsoave/Docker/TMP/buildroot-2013.05/output/host/usr/include   -L/home/lsoave/Docker/TMP/buildroot-2013.05/output/host/lib -L/home/lsoave/Docker/TMP/buildroot-2013.05/output/host/usr/lib -Wl,-rpath,/home/lsoave/Docker/TMP/buildroot-2013.05/output/host/usr/lib conftest.c  >&5
configure:12496: $? = 0
configure:12504: result: yes
configure:12512: checking for alloca
configure:12549: /usr/bin/gcc -o conftest -O2 -I/home/lsoave/Docker/TMP/buildroot-2013.05/output/host/usr/include   -L/home/lsoave/Docker/TMP/buildroot-2013.05/output/host/lib -L/home/lsoave/Docker/TMP/buildroot-2013.05/output/host/usr/lib -Wl,-rpath,/home/lsoave/Docker/TMP/buildroot-2013.05/output/host/usr/lib conftest.c  >&5
configure:12549: $? = 0
configure:12557: result: yes
configure:12670: checking for sbrk
configure:12670: /usr/bin/gcc -o conftest -O2 -I/home/lsoave/Docker/TMP/buildroot-2013.05/output/host/usr/include   -L/home/lsoave/Docker/TMP/buildroot-2013.05/output/host/lib -L/home/lsoave/Docker/TMP/buildroot-2013.05/output/host/usr/lib -Wl,-rpath,/home/lsoave/Docker/TMP/buildroot-2013.05/output/host/usr/lib conftest.c  >&5
configure:12670: $? = 0
configure:12670: result: yes
configure:12670: checking for utimes
configure:12670: /usr/bin/gcc -o conftest -O2 -I/home/lsoave/Docker/TMP/buildroot-2013.05/output/host/usr/include   -L/home/lsoave/Docker/TMP/buildroot-2013.05/output/host/lib -L/home/lsoave/Docker/TMP/buildroot-2013.05/output/host/usr/lib -Wl,-rpath,/home/lsoave/Docker/TMP/buildroot-2013.05/output/host/usr/lib conftest.c  >&5
configure:12670: $? = 0
configure:12670: result: yes
configure:12670: checking for setmode
configure:12670: /usr/bin/gcc -o conftest -O2 -I/home/lsoave/Docker/TMP/buildroot-2013.05/output/host/usr/include   -L/home/lsoave/Docker/TMP/buildroot-2013.05/output/host/lib -L/home/lsoave/Docker/TMP/buildroot-2013.05/output/host/usr/lib -Wl,-rpath,/home/lsoave/Docker/TMP/buildroot-2013.05/output/host/usr/lib conftest.c  >&5
/tmp/ccc1oaSo.o: In function `main':
conftest.c:(.text.startup+0x7): undefined reference to `setmode'
collect2: error: ld returned 1 exit status
configure:12670: $? = 1
configure: failed program was:
| /* confdefs.h */
| #define PACKAGE_NAME ""
| #define PACKAGE_TARNAME ""
| #define PACKAGE_VERSION ""
| #define PACKAGE_STRING ""
| #define PACKAGE_BUGREPORT ""
| #define PACKAGE_URL ""
| #define PACKAGE "binutils"
| #define VERSION "2.21.1"
| #define STDC_HEADERS 1
| #define HAVE_SYS_TYPES_H 1
| #define HAVE_SYS_STAT_H 1
| #define HAVE_STDLIB_H 1
| #define HAVE_STRING_H 1
| #define HAVE_MEMORY_H 1
| #define HAVE_STRINGS_H 1
| #define HAVE_INTTYPES_H 1
| #define HAVE_STDINT_H 1
| #define HAVE_UNISTD_H 1
| #define __EXTENSIONS__ 1
| #define _ALL_SOURCE 1
| #define _GNU_SOURCE 1
| #define _POSIX_PTHREAD_SEMANTICS 1
| #define _TANDEM_SOURCE 1
| #define HAVE_DLFCN_H 1
| #define LT_OBJDIR ".libs/"
| #define YYTEXT_POINTER 1
| #define ENABLE_NLS 1
| #define EXECUTABLE_SUFFIX ""
| #define HAVE_STRING_H 1
| #define HAVE_STRINGS_H 1
| #define HAVE_STDLIB_H 1
| #define HAVE_UNISTD_H 1
| #define HAVE_FCNTL_H 1
| #define HAVE_SYS_FILE_H 1
| #define HAVE_LIMITS_H 1
| #define HAVE_SYS_PARAM_H 1
| #define HAVE_SYS_WAIT_H 1
| #define HAVE_ALLOCA_H 1
| #define HAVE_ALLOCA 1
| #define HAVE_SBRK 1
| #define HAVE_UTIMES 1
| /* end confdefs.h.  */
| /* Define setmode to an innocuous variant, in case <limits.h> declares setmode.
|    For example, HP-UX 11i <limits.h> declares gettimeofday.  */
| #define setmode innocuous_setmode
| 
| /* System header to define __stub macros and hopefully few prototypes,
|     which can conflict with char setmode (); below.
|     Prefer <limits.h> to <assert.h> if __STDC__ is defined, since
|     <limits.h> exists even on freestanding compilers.  */
| 
| #ifdef __STDC__
| # include <limits.h>
| #else
| # include <assert.h>
| #endif
| 
| #undef setmode
| 
| /* Override any GCC internal prototype to avoid an error.
|    Use char because int might match the return type of a GCC
|    builtin and then its argument prototype would still apply.  */
| #ifdef __cplusplus
| extern "C"
| #endif
| char setmode ();
| /* The GNU C library defines this for functions which it implements
|     to always fail with ENOSYS.  Some functions are actually named
|     something starting with __ and the normal name is an alias.  */
| #if defined __stub_setmode || defined __stub___setmode
| choke me
| #endif
| 
| int
| main ()
| {
| return setmode ();
|   ;
|   return 0;
| }
configure:12670: result: no
configure:12670: checking for getc_unlocked
configure:12670: /usr/bin/gcc -o conftest -O2 -I/home/lsoave/Docker/TMP/buildroot-2013.05/output/host/usr/include   -L/home/lsoave/Docker/TMP/buildroot-2013.05/output/host/lib -L/home/lsoave/Docker/TMP/buildroot-2013.05/output/host/usr/lib -Wl,-rpath,/home/lsoave/Docker/TMP/buildroot-2013.05/output/host/usr/lib conftest.c  >&5
configure:12670: $? = 0
configure:12670: result: yes
configure:12670: checking for strcoll
configure:12670: /usr/bin/gcc -o conftest -O2 -I/home/lsoave/Docker/TMP/buildroot-2013.05/output/host/usr/include   -L/home/lsoave/Docker/TMP/buildroot-2013.05/output/host/lib -L/home/lsoave/Docker/TMP/buildroot-2013.05/output/host/usr/lib -Wl,-rpath,/home/lsoave/Docker/TMP/buildroot-2013.05/output/host/usr/lib conftest.c  >&5
configure:12670: $? = 0
configure:12670: result: yes
configure:12680: checking for mkstemp
configure:12680: /usr/bin/gcc -o conftest -O2 -I/home/lsoave/Docker/TMP/buildroot-2013.05/output/host/usr/include   -L/home/lsoave/Docker/TMP/buildroot-2013.05/output/host/lib -L/home/lsoave/Docker/TMP/buildroot-2013.05/output/host/usr/lib -Wl,-rpath,/home/lsoave/Docker/TMP/buildroot-2013.05/output/host/usr/lib conftest.c  >&5
configure:12680: $? = 0
configure:12680: result: yes
configure:12687: checking for mkdtemp
configure:12687: /usr/bin/gcc -o conftest -O2 -I/home/lsoave/Docker/TMP/buildroot-2013.05/output/host/usr/include   -L/home/lsoave/Docker/TMP/buildroot-2013.05/output/host/lib -L/home/lsoave/Docker/TMP/buildroot-2013.05/output/host/usr/lib -Wl,-rpath,/home/lsoave/Docker/TMP/buildroot-2013.05/output/host/usr/lib conftest.c  >&5
configure:12687: $? = 0
configure:12687: result: yes
configure:12696: checking for library containing frexp
configure:12727: /usr/bin/gcc -o conftest -O2 -I/home/lsoave/Docker/TMP/buildroot-2013.05/output/host/usr/include   -L/home/lsoave/Docker/TMP/buildroot-2013.05/output/host/lib -L/home/lsoave/Docker/TMP/buildroot-2013.05/output/host/usr/lib -Wl,-rpath,/home/lsoave/Docker/TMP/buildroot-2013.05/output/host/usr/lib conftest.c  >&5
conftest.c:55:6: warning: conflicting types for built-in function 'frexp' [enabled by default]
 char frexp ();
      ^
configure:12727: $? = 0
configure:12744: result: none required
configure:12753: checking for time_t in time.h
configure:12769: /usr/bin/gcc -c -O2 -I/home/lsoave/Docker/TMP/buildroot-2013.05/output/host/usr/include  conftest.c >&5
configure:12769: $? = 0
configure:12777: result: yes
configure:12785: checking for time_t in sys/types.h
configure:12801: /usr/bin/gcc -c -O2 -I/home/lsoave/Docker/TMP/buildroot-2013.05/output/host/usr/include  conftest.c >&5
configure:12801: $? = 0
configure:12809: result: yes
configure:12817: checking for a known getopt prototype in unistd.h
configure:12833: /usr/bin/gcc -c -O2 -I/home/lsoave/Docker/TMP/buildroot-2013.05/output/host/usr/include  conftest.c >&5
configure:12833: $? = 0
configure:12841: result: yes
configure:12851: checking for utime.h
configure:12871: /usr/bin/gcc -c -O2 -I/home/lsoave/Docker/TMP/buildroot-2013.05/output/host/usr/include  conftest.c >&5
configure:12871: $? = 0
configure:12879: result: yes
configure:12887: checking whether fprintf is declared
configure:12887: /usr/bin/gcc -c -O2 -I/home/lsoave/Docker/TMP/buildroot-2013.05/output/host/usr/include  conftest.c >&5
configure:12887: $? = 0
configure:12887: result: yes
configure:12897: checking whether stpcpy is declared
configure:12897: /usr/bin/gcc -c -O2 -I/home/lsoave/Docker/TMP/buildroot-2013.05/output/host/usr/include  conftest.c >&5
configure:12897: $? = 0
configure:12897: result: yes
configure:12907: checking whether strstr is declared
configure:12907: /usr/bin/gcc -c -O2 -I/home/lsoave/Docker/TMP/buildroot-2013.05/output/host/usr/include  conftest.c >&5
configure:12907: $? = 0
configure:12907: result: yes
configure:12917: checking whether sbrk is declared
configure:12917: /usr/bin/gcc -c -O2 -I/home/lsoave/Docker/TMP/buildroot-2013.05/output/host/usr/include  conftest.c >&5
configure:12917: $? = 0
configure:12917: result: yes
configure:12927: checking whether getenv is declared
configure:12927: /usr/bin/gcc -c -O2 -I/home/lsoave/Docker/TMP/buildroot-2013.05/output/host/usr/include  conftest.c >&5
configure:12927: $? = 0
configure:12927: result: yes
configure:12937: checking whether environ is declared
configure:12937: /usr/bin/gcc -c -O2 -I/home/lsoave/Docker/TMP/buildroot-2013.05/output/host/usr/include  conftest.c >&5
configure:12937: $? = 0
configure:12937: result: yes
configure:12947: checking whether getc_unlocked is declared
configure:12947: /usr/bin/gcc -c -O2 -I/home/lsoave/Docker/TMP/buildroot-2013.05/output/host/usr/include  conftest.c >&5
configure:12947: $? = 0
configure:12947: result: yes
configure:12957: checking whether snprintf is declared
configure:12957: /usr/bin/gcc -c -O2 -I/home/lsoave/Docker/TMP/buildroot-2013.05/output/host/usr/include  conftest.c >&5
configure:12957: $? = 0
configure:12957: result: yes
configure:12967: checking whether vsnprintf is declared
configure:12967: /usr/bin/gcc -c -O2 -I/home/lsoave/Docker/TMP/buildroot-2013.05/output/host/usr/include  conftest.c >&5
configure:12967: $? = 0
configure:12967: result: yes
configure:12982: checking for library containing zlibVersion
configure:13013: /usr/bin/gcc -o conftest -O2 -I/home/lsoave/Docker/TMP/buildroot-2013.05/output/host/usr/include   -L/home/lsoave/Docker/TMP/buildroot-2013.05/output/host/lib -L/home/lsoave/Docker/TMP/buildroot-2013.05/output/host/usr/lib -Wl,-rpath,/home/lsoave/Docker/TMP/buildroot-2013.05/output/host/usr/lib conftest.c  >&5
/tmp/ccWEsepT.o: In function `main':
conftest.c:(.text.startup+0x7): undefined reference to `zlibVersion'
collect2: error: ld returned 1 exit status
configure:13013: $? = 1
configure: failed program was:
| /* confdefs.h */
| #define PACKAGE_NAME ""
| #define PACKAGE_TARNAME ""
| #define PACKAGE_VERSION ""
| #define PACKAGE_STRING ""
| #define PACKAGE_BUGREPORT ""
| #define PACKAGE_URL ""
| #define PACKAGE "binutils"
| #define VERSION "2.21.1"
| #define STDC_HEADERS 1
| #define HAVE_SYS_TYPES_H 1
| #define HAVE_SYS_STAT_H 1
| #define HAVE_STDLIB_H 1
| #define HAVE_STRING_H 1
| #define HAVE_MEMORY_H 1
| #define HAVE_STRINGS_H 1
| #define HAVE_INTTYPES_H 1
| #define HAVE_STDINT_H 1
| #define HAVE_UNISTD_H 1
| #define __EXTENSIONS__ 1
| #define _ALL_SOURCE 1
| #define _GNU_SOURCE 1
| #define _POSIX_PTHREAD_SEMANTICS 1
| #define _TANDEM_SOURCE 1
| #define HAVE_DLFCN_H 1
| #define LT_OBJDIR ".libs/"
| #define YYTEXT_POINTER 1
| #define ENABLE_NLS 1
| #define EXECUTABLE_SUFFIX ""
| #define HAVE_STRING_H 1
| #define HAVE_STRINGS_H 1
| #define HAVE_STDLIB_H 1
| #define HAVE_UNISTD_H 1
| #define HAVE_FCNTL_H 1
| #define HAVE_SYS_FILE_H 1
| #define HAVE_LIMITS_H 1
| #define HAVE_SYS_PARAM_H 1
| #define HAVE_SYS_WAIT_H 1
| #define HAVE_ALLOCA_H 1
| #define HAVE_ALLOCA 1
| #define HAVE_SBRK 1
| #define HAVE_UTIMES 1
| #define HAVE_GETC_UNLOCKED 1
| #define HAVE_STRCOLL 1
| #define HAVE_MKSTEMP 1
| #define HAVE_MKDTEMP 1
| #define HAVE_TIME_T_IN_TIME_H 1
| #define HAVE_TIME_T_IN_TYPES_H 1
| #define HAVE_DECL_GETOPT 1
| #define HAVE_GOOD_UTIME_H 1
| #define HAVE_DECL_FPRINTF 1
| #define HAVE_DECL_STPCPY 1
| #define HAVE_DECL_STRSTR 1
| #define HAVE_DECL_SBRK 1
| #define HAVE_DECL_GETENV 1
| #define HAVE_DECL_ENVIRON 1
| #define HAVE_DECL_GETC_UNLOCKED 1
| #define HAVE_DECL_SNPRINTF 1
| #define HAVE_DECL_VSNPRINTF 1
| /* end confdefs.h.  */
| 
| /* Override any GCC internal prototype to avoid an error.
|    Use char because int might match the return type of a GCC
|    builtin and then its argument prototype would still apply.  */
| #ifdef __cplusplus
| extern "C"
| #endif
| char zlibVersion ();
| int
| main ()
| {
| return zlibVersion ();
|   ;
|   return 0;
| }
configure:13013: /usr/bin/gcc -o conftest -O2 -I/home/lsoave/Docker/TMP/buildroot-2013.05/output/host/usr/include   -L/home/lsoave/Docker/TMP/buildroot-2013.05/output/host/lib -L/home/lsoave/Docker/TMP/buildroot-2013.05/output/host/usr/lib -Wl,-rpath,/home/lsoave/Docker/TMP/buildroot-2013.05/output/host/usr/lib conftest.c -lz   >&5
configure:13013: $? = 0
configure:13030: result: -lz
configure:13037: checking zlib.h usability
configure:13037: /usr/bin/gcc -c -O2 -I/home/lsoave/Docker/TMP/buildroot-2013.05/output/host/usr/include  conftest.c >&5
configure:13037: $? = 0
configure:13037: result: yes
configure:13037: checking zlib.h presence
configure:13037: /usr/bin/gcc -E  conftest.c
configure:13037: $? = 0
configure:13037: result: yes
configure:13037: checking for zlib.h
configure:13037: result: yes
configure:13074: checking iconv.h usability
configure:13074: /usr/bin/gcc -c -O2 -I/home/lsoave/Docker/TMP/buildroot-2013.05/output/host/usr/include  conftest.c >&5
configure:13074: $? = 0
configure:13074: result: yes
configure:13074: checking iconv.h presence
configure:13074: /usr/bin/gcc -E  conftest.c
configure:13074: $? = 0
configure:13074: result: yes
configure:13074: checking for iconv.h
configure:13074: result: yes
configure:13120: checking for ld used by GCC
configure:13183: result: /usr/bin/ld -m elf_x86_64
configure:13190: checking if the linker (/usr/bin/ld -m elf_x86_64) is GNU ld
GNU ld (GNU Binutils for Ubuntu) 2.23.52.20130913
configure:13202: result: yes
configure:13208: checking for shared library run path origin
configure:13221: result: done
configure:13651: checking for iconv
configure:13673: /usr/bin/gcc -o conftest -O2 -I/home/lsoave/Docker/TMP/buildroot-2013.05/output/host/usr/include   -L/home/lsoave/Docker/TMP/buildroot-2013.05/output/host/lib -L/home/lsoave/Docker/TMP/buildroot-2013.05/output/host/usr/lib -Wl,-rpath,/home/lsoave/Docker/TMP/buildroot-2013.05/output/host/usr/lib conftest.c -lz  >&5
configure:13673: $? = 0
configure:13705: result: yes
configure:13726: checking for iconv declaration
configure:13755: /usr/bin/gcc -c -O2 -I/home/lsoave/Docker/TMP/buildroot-2013.05/output/host/usr/include  conftest.c >&5
configure:13755: $? = 0
configure:13766: result: install-shextern size_t iconv (iconv_t cd, char * *inbuf, size_t *inbytesleft, char * *outbuf, size_t *outbytesleft);
configure:14080: updating cache ./config.cache
configure:14141: creating ./config.status

## ---------------------- ##
## Running config.status. ##
## ---------------------- ##

This file was extended by config.status, which was
generated by GNU Autoconf 2.64.  Invocation command line was

  CONFIG_FILES    = 
  CONFIG_HEADERS  = 
  CONFIG_LINKS    = 
  CONFIG_COMMANDS = 
  $ ./config.status 

on basenode

config.status:1167: creating Makefile
config.status:1167: creating doc/Makefile
config.status:1167: creating po/Makefile.in
config.status:1167: creating config.h
config.status:1387: executing depfiles commands
config.status:1387: executing libtool commands
config.status:1387: executing default-1 commands

## ---------------- ##
## Cache variables. ##
## ---------------- ##

ac_cv_build=x86_64-unknown-linux-gnu
ac_cv_c_compiler_gnu=yes
ac_cv_env_CC_set=set
ac_cv_env_CC_value=/usr/bin/gcc
ac_cv_env_CFLAGS_set=set
ac_cv_env_CFLAGS_value='-O2 -I/home/lsoave/Docker/TMP/buildroot-2013.05/output/host/usr/include'
ac_cv_env_CPPFLAGS_set=
ac_cv_env_CPPFLAGS_value=
ac_cv_env_CPP_set=
ac_cv_env_CPP_value=
ac_cv_env_LDFLAGS_set=set
ac_cv_env_LDFLAGS_value=' -L/home/lsoave/Docker/TMP/buildroot-2013.05/output/host/lib -L/home/lsoave/Docker/TMP/buildroot-2013.05/output/host/usr/lib -Wl,-rpath,/home/lsoave/Docker/TMP/buildroot-2013.05/output/host/usr/lib'
ac_cv_env_LIBS_set=
ac_cv_env_LIBS_value=
ac_cv_env_YACC_set=set
ac_cv_env_YACC_value='/home/lsoave/Docker/TMP/buildroot-2013.05/output/build/host-binutils-2.21.1/missing bison -y'
ac_cv_env_YFLAGS_set=
ac_cv_env_YFLAGS_value=
ac_cv_env_build_alias_set=set
ac_cv_env_build_alias_value=x86_64-unknown-linux-gnu
ac_cv_env_host_alias_set=set
ac_cv_env_host_alias_value=x86_64-unknown-linux-gnu
ac_cv_env_target_alias_set=set
ac_cv_env_target_alias_value=x86_64-buildroot-linux-uclibc
ac_cv_func_alloca_works=yes
ac_cv_func_getc_unlocked=yes
ac_cv_func_mkdtemp=yes
ac_cv_func_mkstemp=yes
ac_cv_func_sbrk=yes
ac_cv_func_setmode=no
ac_cv_func_strcoll=yes
ac_cv_func_utimes=yes
ac_cv_have_decl_environ=yes
ac_cv_have_decl_fprintf=yes
ac_cv_have_decl_getc_unlocked=yes
ac_cv_have_decl_getenv=yes
ac_cv_have_decl_sbrk=yes
ac_cv_have_decl_snprintf=yes
ac_cv_have_decl_stpcpy=yes
ac_cv_have_decl_strstr=yes
ac_cv_have_decl_vsnprintf=yes
ac_cv_header_dlfcn_h=yes
ac_cv_header_fcntl_h=yes
ac_cv_header_iconv_h=yes
ac_cv_header_inttypes_h=yes
ac_cv_header_limits_h=yes
ac_cv_header_memory_h=yes
ac_cv_header_minix_config_h=no
ac_cv_header_stdc=yes
ac_cv_header_stdint_h=yes
ac_cv_header_stdlib_h=yes
ac_cv_header_string_h=yes
ac_cv_header_strings_h=yes
ac_cv_header_sys_file_h=yes
ac_cv_header_sys_param_h=yes
ac_cv_header_sys_stat_h=yes
ac_cv_header_sys_types_h=yes
ac_cv_header_sys_wait_h=yes
ac_cv_header_unistd_h=yes
ac_cv_header_zlib_h=yes
ac_cv_host=x86_64-unknown-linux-gnu
ac_cv_lib_lex=
ac_cv_objext=o
ac_cv_path_EGREP='/bin/grep -E'
ac_cv_path_FGREP='/bin/grep -F'
ac_cv_path_GMSGFMT=/usr/bin/msgfmt
ac_cv_path_GREP=/bin/grep
ac_cv_path_MSGFMT=/usr/bin/msgfmt
ac_cv_path_MSGMERGE=/usr/bin/msgmerge
ac_cv_path_SED=/bin/sed
ac_cv_path_XGETTEXT=/usr/bin/xgettext
ac_cv_path_mkdir=/bin/mkdir
ac_cv_prog_AR=/usr/bin/ar
ac_cv_prog_AWK=mawk
ac_cv_prog_CC=/usr/bin/gcc
ac_cv_prog_CPP='/usr/bin/gcc -E'
ac_cv_prog_LEX='/home/lsoave/Docker/TMP/buildroot-2013.05/output/build/host-binutils-2.21.1/missing flex'
ac_cv_prog_OBJDUMP=objdump
ac_cv_prog_RANLIB=ranlib
ac_cv_prog_YACC='/home/lsoave/Docker/TMP/buildroot-2013.05/output/build/host-binutils-2.21.1/missing bison -y'
ac_cv_prog_ac_ct_STRIP=strip
ac_cv_prog_cc_c89=
ac_cv_prog_cc_g=yes
ac_cv_prog_lex_root=lex.yy
ac_cv_prog_lex_yytext_pointer=yes
ac_cv_prog_make__usr_bin_make_set=yes
ac_cv_safe_to_define___extensions__=yes
ac_cv_search_frexp='none required'
ac_cv_search_strerror='none required'
ac_cv_search_zlibVersion=-lz
ac_cv_sys_file_offset_bits=no
ac_cv_sys_largefile_CC=no
ac_cv_target=x86_64-buildroot-linux-uclibc
ac_cv_working_alloca_h=yes
acl_cv_hardcode_direct=no
acl_cv_hardcode_libdir_flag_spec='${wl}-rpath ${wl}$libdir'
acl_cv_hardcode_libdir_separator=
acl_cv_hardcode_minus_L=no
acl_cv_libext=a
acl_cv_path_LD='/usr/bin/ld -m elf_x86_64'
acl_cv_prog_gnu_ld=yes
acl_cv_rpath=done
acl_cv_shlibext=so
acl_cv_wl=-Wl,
am_cv_CC_dependencies_compiler_type=gcc3
am_cv_func_iconv=yes
am_cv_lib_iconv=no
am_cv_proto_iconv='extern size_t iconv (iconv_t cd, char * *inbuf, size_t *inbytesleft, char * *outbuf, size_t *outbytesleft);'
am_cv_proto_iconv_arg1=
bu_cv_decl_getopt_unistd_h=yes
bu_cv_decl_time_t_time_h=yes
bu_cv_decl_time_t_types_h=yes
bu_cv_header_utime_h=yes
lt_cv_deplibs_check_method=pass_all
lt_cv_file_magic_cmd='$MAGIC_CMD'
lt_cv_file_magic_test_file=
lt_cv_ld_reload_flag=-r
lt_cv_nm_interface='BSD nm'
lt_cv_objdir=.libs
lt_cv_path_LD=/usr/bin/ld
lt_cv_path_NM=/usr/bin/nm
lt_cv_prog_compiler_c_o=yes
lt_cv_prog_compiler_pic_works=yes
lt_cv_prog_compiler_rtti_exceptions=no
lt_cv_prog_compiler_static_works=yes
lt_cv_prog_gnu_ld=yes
lt_cv_shlibpath_overrides_runpath=no
lt_cv_sys_global_symbol_pipe='sed -n -e '\''s/^.*[	 ]\([ABCDGIRSTW][ABCDGIRSTW]*\)[	 ][	 ]*\([_A-Za-z][_A-Za-z0-9]*\)$/\1 \2 \2/p'\'''
lt_cv_sys_global_symbol_to_c_name_address='sed -n -e '\''s/^: \([^ ]*\) $/  {\"\1\", (void *) 0},/p'\'' -e '\''s/^[ABCDGIRSTW]* \([^ ]*\) \([^ ]*\)$/  {"\2", (void *) \&\2},/p'\'''
lt_cv_sys_global_symbol_to_c_name_address_lib_prefix='sed -n -e '\''s/^: \([^ ]*\) $/  {\"\1\", (void *) 0},/p'\'' -e '\''s/^[ABCDGIRSTW]* \([^ ]*\) \(lib[^ ]*\)$/  {"\2", (void *) \&\2},/p'\'' -e '\''s/^[ABCDGIRSTW]* \([^ ]*\) \([^ ]*\)$/  {"lib\2", (void *) \&\2},/p'\'''
lt_cv_sys_global_symbol_to_cdecl='sed -n -e '\''s/^T .* \(.*\)$/extern int \1();/p'\'' -e '\''s/^[ABCDGIRSTW]* .* \(.*\)$/extern char \1;/p'\'''
lt_cv_sys_max_cmd_len=3458764513820540925

## ----------------- ##
## Output variables. ##
## ----------------- ##

ACLOCAL='${SHELL} /home/lsoave/Docker/TMP/buildroot-2013.05/output/build/host-binutils-2.21.1/missing --run aclocal-1.11'
ALLOCA=''
AMDEPBACKSLASH='\'
AMDEP_FALSE='#'
AMDEP_TRUE=''
AMTAR='${SHELL} /home/lsoave/Docker/TMP/buildroot-2013.05/output/build/host-binutils-2.21.1/missing --run tar'
AR='/usr/bin/ar'
AUTOCONF='${SHELL} /home/lsoave/Docker/TMP/buildroot-2013.05/output/build/host-binutils-2.21.1/missing --run autoconf'
AUTOHEADER='${SHELL} /home/lsoave/Docker/TMP/buildroot-2013.05/output/build/host-binutils-2.21.1/missing --run autoheader'
AUTOMAKE='${SHELL} /home/lsoave/Docker/TMP/buildroot-2013.05/output/build/host-binutils-2.21.1/missing --run automake-1.11'
AWK='mawk'
BUILD_DLLTOOL=''
BUILD_DLLWRAP=''
BUILD_INSTALL_MISC=''
BUILD_MISC=''
BUILD_NLMCONV=''
BUILD_SRCONV=''
BUILD_WINDMC=''
BUILD_WINDRES=''
CATALOGS=' bg.gmo da.gmo es.gmo fi.gmo fr.gmo id.gmo ja.gmo ro.gmo ru.gmo rw.gmo sk.gmo sv.gmo tr.gmo uk.gmo vi.gmo zh_CN.gmo zh_TW.gmo bg.gmo da.gmo es.gmo fi.gmo fr.gmo id.gmo ja.gmo ro.gmo ru.gmo rw.gmo sk.gmo sv.gmo tr.gmo uk.gmo vi.gmo zh_CN.gmo zh_TW.gmo'
CATOBJEXT='.gmo'
CC='/usr/bin/gcc'
CCDEPMODE='depmode=gcc3'
CC_FOR_BUILD='/usr/bin/gcc'
CFLAGS='-O2 -I/home/lsoave/Docker/TMP/buildroot-2013.05/output/host/usr/include'
CPP='/usr/bin/gcc -E'
CPPFLAGS=''
CYGPATH_W='echo'
DATADIRNAME='share'
DEFS='-DHAVE_CONFIG_H'
DEMANGLER_NAME='c++filt'
DEPDIR='.deps'
DLLTOOL_DEFS=' '
DSYMUTIL=''
DUMPBIN=''
ECHO_C=''
ECHO_N='-n'
ECHO_T=''
EGREP='/bin/grep -E'
EMULATION='vanilla'
EMULATION_VECTOR='bin_vanilla_emulation'
EXEEXT=''
EXEEXT_FOR_BUILD='$(EXEEXT)'
FGREP='/bin/grep -F'
GENCAT='gencat'
GENINSRC_NEVER_FALSE=''
GENINSRC_NEVER_TRUE='#'
GMSGFMT='/usr/bin/msgfmt'
GREP='/bin/grep'
HDEFINES=''
INCINTL=''
INSTALL_DATA='/usr/bin/install -c -m 644'
INSTALL_PROGRAM='/usr/bin/install -c'
INSTALL_SCRIPT='/usr/bin/install -c'
INSTALL_STRIP_PROGRAM='$(install_sh) -c -s'
INSTOBJEXT='.mo'
LD='/usr/bin/ld -m elf_x86_64'
LDFLAGS=' -L/home/lsoave/Docker/TMP/buildroot-2013.05/output/host/lib -L/home/lsoave/Docker/TMP/buildroot-2013.05/output/host/usr/lib -Wl,-rpath,/home/lsoave/Docker/TMP/buildroot-2013.05/output/host/usr/lib'
LEX='/home/lsoave/Docker/TMP/buildroot-2013.05/output/build/host-binutils-2.21.1/missing flex'
LEXLIB=''
LEX_OUTPUT_ROOT='lex.yy'
LIBICONV=''
LIBINTL=''
LIBINTL_DEP=''
LIBOBJS=''
LIBS='-lz '
LIBTOOL='$(SHELL) $(top_builddir)/libtool'
LIPO=''
LN_S='ln -s'
LTLIBICONV=''
LTLIBOBJS=''
MAINT='#'
MAINTAINER_MODE_FALSE=''
MAINTAINER_MODE_TRUE='#'
MAKEINFO='/home/lsoave/Docker/TMP/buildroot-2013.05/output/build/host-binutils-2.21.1/missing makeinfo --split-size=5000000'
MKDIR_P='/bin/mkdir -p'
MKINSTALLDIRS='$(top_builddir)/./../mkinstalldirs'
MSGFMT='/usr/bin/msgfmt'
MSGMERGE='/usr/bin/msgmerge'
NLMCONV_DEFS=''
NM='/usr/bin/nm'
NMEDIT=''
NO_WERROR=''
OBJDUMP='objdump'
OBJDUMP_DEFS=''
OBJEXT='o'
OTOOL64=''
OTOOL=''
PACKAGE='binutils'
PACKAGE_BUGREPORT=''
PACKAGE_NAME=''
PACKAGE_STRING=''
PACKAGE_TARNAME=''
PACKAGE_URL=''
PACKAGE_VERSION=''
PATH_SEPARATOR=':'
POSUB='po'
RANLIB='ranlib'
SED='/bin/sed'
SET_MAKE=''
SHELL='/bin/bash'
STRIP='strip'
USE_NLS='yes'
VERSION='2.21.1'
WARN_CFLAGS='-W -Wall -Wstrict-prototypes -Wmissing-prototypes -Wshadow'
XGETTEXT='/usr/bin/xgettext'
YACC='/home/lsoave/Docker/TMP/buildroot-2013.05/output/build/host-binutils-2.21.1/missing bison -y'
YFLAGS=''
ac_ct_CC=''
ac_ct_DUMPBIN=''
am__EXEEXT_FALSE=''
am__EXEEXT_TRUE='#'
am__fastdepCC_FALSE='#'
am__fastdepCC_TRUE=''
am__include='include'
am__isrc=''
am__leading_dot='.'
am__quote=''
am__tar='${AMTAR} chof - "$$tardir"'
am__untar='${AMTAR} xf -'
bindir='${exec_prefix}/bin'
build='x86_64-unknown-linux-gnu'
build_alias='x86_64-unknown-linux-gnu'
build_cpu='x86_64'
build_os='linux-gnu'
build_vendor='unknown'
datadir='${datarootdir}'
datarootdir='${prefix}/share'
docdir='${datarootdir}/doc/${PACKAGE}'
dvidir='${docdir}'
exec_prefix='${prefix}'
host='x86_64-unknown-linux-gnu'
host_alias='x86_64-unknown-linux-gnu'
host_cpu='x86_64'
host_os='linux-gnu'
host_vendor='unknown'
htmldir='${docdir}'
includedir='${prefix}/include'
infodir='${datarootdir}/info'
install_sh='${SHELL} /home/lsoave/Docker/TMP/buildroot-2013.05/output/build/host-binutils-2.21.1/install-sh'
libdir='${exec_prefix}/lib'
libexecdir='${exec_prefix}/libexec'
localedir='${datarootdir}/locale'
localstatedir='${prefix}/var'
mandir='${datarootdir}/man'
mkdir_p='/bin/mkdir -p'
oldincludedir='/usr/include'
pdfdir='${docdir}'
prefix='/home/lsoave/Docker/TMP/buildroot-2013.05/output/host/usr'
program_transform_name='s&^&x86_64-buildroot-linux-uclibc-&'
psdir='${docdir}'
sbindir='${exec_prefix}/sbin'
sharedstatedir='${prefix}/com'
sysconfdir='/home/lsoave/Docker/TMP/buildroot-2013.05/output/host/etc'
target='x86_64-buildroot-linux-uclibc'
target_alias='x86_64-buildroot-linux-uclibc'
target_cpu='x86_64'
target_os='linux-uclibc'
target_vendor='buildroot'

## ----------- ##
## confdefs.h. ##
## ----------- ##

/* confdefs.h */
#define PACKAGE_NAME ""
#define PACKAGE_TARNAME ""
#define PACKAGE_VERSION ""
#define PACKAGE_STRING ""
#define PACKAGE_BUGREPORT ""
#define PACKAGE_URL ""
#define PACKAGE "binutils"
#define VERSION "2.21.1"
#define STDC_HEADERS 1
#define HAVE_SYS_TYPES_H 1
#define HAVE_SYS_STAT_H 1
#define HAVE_STDLIB_H 1
#define HAVE_STRING_H 1
#define HAVE_MEMORY_H 1
#define HAVE_STRINGS_H 1
#define HAVE_INTTYPES_H 1
#define HAVE_STDINT_H 1
#define HAVE_UNISTD_H 1
#define __EXTENSIONS__ 1
#define _ALL_SOURCE 1
#define _GNU_SOURCE 1
#define _POSIX_PTHREAD_SEMANTICS 1
#define _TANDEM_SOURCE 1
#define HAVE_DLFCN_H 1
#define LT_OBJDIR ".libs/"
#define YYTEXT_POINTER 1
#define ENABLE_NLS 1
#define EXECUTABLE_SUFFIX ""
#define HAVE_STRING_H 1
#define HAVE_STRINGS_H 1
#define HAVE_STDLIB_H 1
#define HAVE_UNISTD_H 1
#define HAVE_FCNTL_H 1
#define HAVE_SYS_FILE_H 1
#define HAVE_LIMITS_H 1
#define HAVE_SYS_PARAM_H 1
#define HAVE_SYS_WAIT_H 1
#define HAVE_ALLOCA_H 1
#define HAVE_ALLOCA 1
#define HAVE_SBRK 1
#define HAVE_UTIMES 1
#define HAVE_GETC_UNLOCKED 1
#define HAVE_STRCOLL 1
#define HAVE_MKSTEMP 1
#define HAVE_MKDTEMP 1
#define HAVE_TIME_T_IN_TIME_H 1
#define HAVE_TIME_T_IN_TYPES_H 1
#define HAVE_DECL_GETOPT 1
#define HAVE_GOOD_UTIME_H 1
#define HAVE_DECL_FPRINTF 1
#define HAVE_DECL_STPCPY 1
#define HAVE_DECL_STRSTR 1
#define HAVE_DECL_SBRK 1
#define HAVE_DECL_GETENV 1
#define HAVE_DECL_ENVIRON 1
#define HAVE_DECL_GETC_UNLOCKED 1
#define HAVE_DECL_SNPRINTF 1
#define HAVE_DECL_VSNPRINTF 1
#define HAVE_ZLIB_H 1
#define HAVE_ICONV 1
#define ICONV_CONST 
#define TARGET "x86_64-buildroot-linux-uclibc"
#define TARGET_PREPENDS_UNDERSCORE 0

configure: exit 0
