This file contains any messages produced by compilers while
running configure, to aid debugging if configure makes a mistake.

It was created by mpc configure 1.0.1, which was
generated by GNU Autoconf 2.68.  Invocation command line was

  $ ./configure --prefix=/home/lsoave/Docker/TMP/buildroot-2013.05/output/host/usr --sysconfdir=/home/lsoave/Docker/TMP/buildroot-2013.05/output/host/etc --enable-shared --disable-static --disable-gtk-doc --disable-doc --disable-docs --disable-documentation --with-xmlto=no --with-fop=no

## --------- ##
## Platform. ##
## --------- ##

hostname = basenode
uname -m = x86_64
uname -r = 3.11.0-14-generic
uname -s = Linux
uname -v = #21-Ubuntu SMP Tue Nov 12 17:04:55 UTC 2013

/usr/bin/uname -p = unknown
/bin/uname -X     = unknown

/bin/arch              = unknown
/usr/bin/arch -k       = unknown
/usr/convex/getsysinfo = unknown
/usr/bin/hostinfo      = unknown
/bin/machine           = unknown
/usr/bin/oslevel       = unknown
/bin/universe          = unknown

PATH: /home/lsoave/Docker/TMP/buildroot-2013.05/output/host/bin
PATH: /home/lsoave/Docker/TMP/buildroot-2013.05/output/host/usr/bin
PATH: /usr/local/sbin
PATH: /usr/local/bin
PATH: /usr/sbin
PATH: /usr/bin
PATH: /sbin
PATH: /bin


## ----------- ##
## Core tests. ##
## ----------- ##

configure:2307: checking for a BSD-compatible install
configure:2375: result: /usr/bin/install -c
configure:2386: checking whether build environment is sane
configure:2436: result: yes
configure:2577: checking for a thread-safe mkdir -p
configure:2616: result: /bin/mkdir -p
configure:2629: checking for gawk
configure:2659: result: no
configure:2629: checking for mawk
configure:2645: found /usr/bin/mawk
configure:2656: result: mawk
configure:2667: checking whether make sets $(MAKE)
configure:2689: result: yes
configure:2770: checking whether to enable maintainer-specific portions of Makefiles
configure:2779: result: no
configure:2800: checking build system type
configure:2814: result: x86_64-unknown-linux-gnu
configure:2834: checking host system type
configure:2847: result: x86_64-unknown-linux-gnu
configure:3028: checking for grep that handles long lines and -e
configure:3086: result: /bin/grep
configure:3091: checking for egrep
configure:3153: result: /bin/grep -E
configure:3158: checking for a sed that does not truncate output
configure:3222: result: /bin/sed
configure:3328: checking for gcc
configure:3355: result: /usr/bin/gcc
configure:3584: checking for C compiler version
configure:3593: /usr/bin/gcc --version >&5
gcc (Ubuntu/Linaro 4.8.1-10ubuntu9) 4.8.1
Copyright (C) 2013 Free Software Foundation, Inc.
This is free software; see the source for copying conditions.  There is NO
warranty; not even for MERCHANTABILITY or FITNESS FOR A PARTICULAR PURPOSE.

configure:3604: $? = 0
configure:3593: /usr/bin/gcc -v >&5
Using built-in specs.
COLLECT_GCC=/usr/bin/gcc
COLLECT_LTO_WRAPPER=/usr/lib/gcc/x86_64-linux-gnu/4.8/lto-wrapper
Target: x86_64-linux-gnu
Configured with: ../src/configure -v --with-pkgversion='Ubuntu/Linaro 4.8.1-10ubuntu9' --with-bugurl=file:///usr/share/doc/gcc-4.8/README.Bugs --enable-languages=c,c++,java,go,d,fortran,objc,obj-c++ --prefix=/usr --program-suffix=-4.8 --enable-shared --enable-linker-build-id --libexecdir=/usr/lib --without-included-gettext --enable-threads=posix --with-gxx-include-dir=/usr/include/c++/4.8 --libdir=/usr/lib --enable-nls --with-sysroot=/ --enable-clocale=gnu --enable-libstdcxx-debug --enable-libstdcxx-time=yes --enable-gnu-unique-object --enable-plugin --with-system-zlib --disable-browser-plugin --enable-java-awt=gtk --enable-gtk-cairo --with-java-home=/usr/lib/jvm/java-1.5.0-gcj-4.8-amd64/jre --enable-java-home --with-jvm-root-dir=/usr/lib/jvm/java-1.5.0-gcj-4.8-amd64 --with-jvm-jar-dir=/usr/lib/jvm-exports/java-1.5.0-gcj-4.8-amd64 --with-arch-directory=amd64 --with-ecj-jar=/usr/share/java/eclipse-ecj.jar --enable-objc-gc --enable-multiarch --disable-werror --with-arch-32=i686 --with-abi=m64 --with-multilib-list=m32,m64,mx32 --with-tune=generic --enable-checking=release --build=x86_64-linux-gnu --host=x86_64-linux-gnu --target=x86_64-linux-gnu
Thread model: posix
gcc version 4.8.1 (Ubuntu/Linaro 4.8.1-10ubuntu9) 
configure:3604: $? = 0
configure:3593: /usr/bin/gcc -V >&5
gcc: error: unrecognized command line option '-V'
gcc: fatal error: no input files
compilation terminated.
configure:3604: $? = 4
configure:3593: /usr/bin/gcc -qversion >&5
gcc: error: unrecognized command line option '-qversion'
gcc: fatal error: no input files
compilation terminated.
configure:3604: $? = 4
configure:3624: checking whether the C compiler works
configure:3646: /usr/bin/gcc -O2 -I/home/lsoave/Docker/TMP/buildroot-2013.05/output/host/usr/include -I/home/lsoave/Docker/TMP/buildroot-2013.05/output/host/usr/include -L/home/lsoave/Docker/TMP/buildroot-2013.05/output/host/lib -L/home/lsoave/Docker/TMP/buildroot-2013.05/output/host/usr/lib -Wl,-rpath,/home/lsoave/Docker/TMP/buildroot-2013.05/output/host/usr/lib conftest.c  >&5
configure:3650: $? = 0
configure:3698: result: yes
configure:3701: checking for C compiler default output file name
configure:3703: result: a.out
configure:3709: checking for suffix of executables
configure:3716: /usr/bin/gcc -o conftest -O2 -I/home/lsoave/Docker/TMP/buildroot-2013.05/output/host/usr/include -I/home/lsoave/Docker/TMP/buildroot-2013.05/output/host/usr/include -L/home/lsoave/Docker/TMP/buildroot-2013.05/output/host/lib -L/home/lsoave/Docker/TMP/buildroot-2013.05/output/host/usr/lib -Wl,-rpath,/home/lsoave/Docker/TMP/buildroot-2013.05/output/host/usr/lib conftest.c  >&5
configure:3720: $? = 0
configure:3742: result: 
configure:3764: checking whether we are cross compiling
configure:3772: /usr/bin/gcc -o conftest -O2 -I/home/lsoave/Docker/TMP/buildroot-2013.05/output/host/usr/include -I/home/lsoave/Docker/TMP/buildroot-2013.05/output/host/usr/include -L/home/lsoave/Docker/TMP/buildroot-2013.05/output/host/lib -L/home/lsoave/Docker/TMP/buildroot-2013.05/output/host/usr/lib -Wl,-rpath,/home/lsoave/Docker/TMP/buildroot-2013.05/output/host/usr/lib conftest.c  >&5
configure:3776: $? = 0
configure:3783: ./conftest
configure:3787: $? = 0
configure:3802: result: no
configure:3807: checking for suffix of object files
configure:3829: /usr/bin/gcc -c -O2 -I/home/lsoave/Docker/TMP/buildroot-2013.05/output/host/usr/include -I/home/lsoave/Docker/TMP/buildroot-2013.05/output/host/usr/include conftest.c >&5
configure:3833: $? = 0
configure:3854: result: o
configure:3858: checking whether we are using the GNU C compiler
configure:3877: /usr/bin/gcc -c -O2 -I/home/lsoave/Docker/TMP/buildroot-2013.05/output/host/usr/include -I/home/lsoave/Docker/TMP/buildroot-2013.05/output/host/usr/include conftest.c >&5
configure:3877: $? = 0
configure:3886: result: yes
configure:3895: checking whether /usr/bin/gcc accepts -g
configure:3915: /usr/bin/gcc -c -g -I/home/lsoave/Docker/TMP/buildroot-2013.05/output/host/usr/include conftest.c >&5
configure:3915: $? = 0
configure:3956: result: yes
configure:3973: checking for /usr/bin/gcc option to accept ISO C89
configure:4037: /usr/bin/gcc  -c -O2 -I/home/lsoave/Docker/TMP/buildroot-2013.05/output/host/usr/include -I/home/lsoave/Docker/TMP/buildroot-2013.05/output/host/usr/include conftest.c >&5
configure:4037: $? = 0
configure:4050: result: none needed
configure:4081: checking for style of include used by make
configure:4109: result: GNU
configure:4135: checking dependency style of /usr/bin/gcc
configure:4246: result: gcc3
configure:4372: checking the archiver (/usr/bin/ar) interface
configure:4382: /usr/bin/gcc -c -O2 -I/home/lsoave/Docker/TMP/buildroot-2013.05/output/host/usr/include -I/home/lsoave/Docker/TMP/buildroot-2013.05/output/host/usr/include conftest.c >&5
configure:4382: $? = 0
configure:4384: /usr/bin/ar cru libconftest.a conftest.o >&5
configure:4387: $? = 0
configure:4410: result: ar
configure:4478: checking how to print strings
configure:4505: result: printf
configure:4526: checking for a sed that does not truncate output
configure:4590: result: /bin/sed
configure:4608: checking for fgrep
configure:4670: result: /bin/grep -F
configure:4705: checking for ld used by /usr/bin/gcc
configure:4772: result: /usr/bin/ld
configure:4779: checking if the linker (/usr/bin/ld) is GNU ld
configure:4794: result: yes
configure:4806: checking for BSD- or MS-compatible name lister (nm)
configure:4855: result: /usr/bin/nm
configure:4985: checking the name lister (/usr/bin/nm) interface
configure:4992: /usr/bin/gcc -c -O2 -I/home/lsoave/Docker/TMP/buildroot-2013.05/output/host/usr/include -I/home/lsoave/Docker/TMP/buildroot-2013.05/output/host/usr/include conftest.c >&5
configure:4995: /usr/bin/nm "conftest.o"
configure:4998: output
0000000000000000 B some_variable
configure:5005: result: BSD nm
configure:5008: checking whether ln -s works
configure:5012: result: yes
configure:5020: checking the maximum length of command line arguments
configure:5145: result: 3458764513820540925
configure:5162: checking whether the shell understands some XSI constructs
configure:5172: result: yes
configure:5176: checking whether the shell understands "+="
configure:5182: result: no
configure:5217: checking for /usr/bin/ld option to reload object files
configure:5224: result: -r
configure:5293: checking for objdump
configure:5309: found /usr/bin/objdump
configure:5320: result: objdump
configure:5352: checking how to recognize dependent libraries
configure:5554: result: pass_all
configure:5614: checking for ar
configure:5641: result: /usr/bin/ar
configure:5719: checking for strip
configure:5735: found /usr/bin/strip
configure:5746: result: strip
configure:5818: checking for ranlib
configure:5834: found /usr/bin/ranlib
configure:5845: result: ranlib
configure:5947: checking command to parse /usr/bin/nm output from /usr/bin/gcc object
configure:6065: /usr/bin/gcc -c -O2 -I/home/lsoave/Docker/TMP/buildroot-2013.05/output/host/usr/include -I/home/lsoave/Docker/TMP/buildroot-2013.05/output/host/usr/include conftest.c >&5
configure:6068: $? = 0
configure:6072: /usr/bin/nm conftest.o \| sed -n -e 's/^.*[ ]\([ABCDGIRSTW][ABCDGIRSTW]*\)[ ][ ]*\([_A-Za-z][_A-Za-z0-9]*\)$/  /p' \> conftest.nm
configure:6075: $? = 0
configure:6129: /usr/bin/gcc -o conftest -O2 -I/home/lsoave/Docker/TMP/buildroot-2013.05/output/host/usr/include -I/home/lsoave/Docker/TMP/buildroot-2013.05/output/host/usr/include -L/home/lsoave/Docker/TMP/buildroot-2013.05/output/host/lib -L/home/lsoave/Docker/TMP/buildroot-2013.05/output/host/usr/lib -Wl,-rpath,/home/lsoave/Docker/TMP/buildroot-2013.05/output/host/usr/lib conftest.c conftstm.o >&5
configure:6132: $? = 0
configure:6170: result: ok
configure:6265: /usr/bin/gcc -c -O2 -I/home/lsoave/Docker/TMP/buildroot-2013.05/output/host/usr/include -I/home/lsoave/Docker/TMP/buildroot-2013.05/output/host/usr/include conftest.c >&5
configure:6268: $? = 0
configure:7010: checking how to run the C preprocessor
configure:7080: result: /usr/bin/cpp
configure:7100: /usr/bin/cpp -I/home/lsoave/Docker/TMP/buildroot-2013.05/output/host/usr/include conftest.c
configure:7100: $? = 0
configure:7114: /usr/bin/cpp -I/home/lsoave/Docker/TMP/buildroot-2013.05/output/host/usr/include conftest.c
conftest.c:11:28: fatal error: ac_nonexistent.h: No such file or directory
 #include <ac_nonexistent.h>
                            ^
compilation terminated.
configure:7114: $? = 1
configure: failed program was:
| /* confdefs.h */
| #define PACKAGE_NAME "mpc"
| #define PACKAGE_TARNAME "mpc"
| #define PACKAGE_VERSION "1.0.1"
| #define PACKAGE_STRING "mpc 1.0.1"
| #define PACKAGE_BUGREPORT "mpc-discuss@lists.gforge.inria.fr"
| #define PACKAGE_URL ""
| #define PACKAGE "mpc"
| #define VERSION "1.0.1"
| /* end confdefs.h.  */
| #include <ac_nonexistent.h>
configure:7143: checking for ANSI C header files
configure:7163: /usr/bin/gcc -c -O2 -I/home/lsoave/Docker/TMP/buildroot-2013.05/output/host/usr/include -I/home/lsoave/Docker/TMP/buildroot-2013.05/output/host/usr/include conftest.c >&5
configure:7163: $? = 0
configure:7236: /usr/bin/gcc -o conftest -O2 -I/home/lsoave/Docker/TMP/buildroot-2013.05/output/host/usr/include -I/home/lsoave/Docker/TMP/buildroot-2013.05/output/host/usr/include -L/home/lsoave/Docker/TMP/buildroot-2013.05/output/host/lib -L/home/lsoave/Docker/TMP/buildroot-2013.05/output/host/usr/lib -Wl,-rpath,/home/lsoave/Docker/TMP/buildroot-2013.05/output/host/usr/lib conftest.c  >&5
configure:7236: $? = 0
configure:7236: ./conftest
configure:7236: $? = 0
configure:7247: result: yes
configure:7260: checking for sys/types.h
configure:7260: /usr/bin/gcc -c -O2 -I/home/lsoave/Docker/TMP/buildroot-2013.05/output/host/usr/include -I/home/lsoave/Docker/TMP/buildroot-2013.05/output/host/usr/include conftest.c >&5
configure:7260: $? = 0
configure:7260: result: yes
configure:7260: checking for sys/stat.h
configure:7260: /usr/bin/gcc -c -O2 -I/home/lsoave/Docker/TMP/buildroot-2013.05/output/host/usr/include -I/home/lsoave/Docker/TMP/buildroot-2013.05/output/host/usr/include conftest.c >&5
configure:7260: $? = 0
configure:7260: result: yes
configure:7260: checking for stdlib.h
configure:7260: /usr/bin/gcc -c -O2 -I/home/lsoave/Docker/TMP/buildroot-2013.05/output/host/usr/include -I/home/lsoave/Docker/TMP/buildroot-2013.05/output/host/usr/include conftest.c >&5
configure:7260: $? = 0
configure:7260: result: yes
configure:7260: checking for string.h
configure:7260: /usr/bin/gcc -c -O2 -I/home/lsoave/Docker/TMP/buildroot-2013.05/output/host/usr/include -I/home/lsoave/Docker/TMP/buildroot-2013.05/output/host/usr/include conftest.c >&5
configure:7260: $? = 0
configure:7260: result: yes
configure:7260: checking for memory.h
configure:7260: /usr/bin/gcc -c -O2 -I/home/lsoave/Docker/TMP/buildroot-2013.05/output/host/usr/include -I/home/lsoave/Docker/TMP/buildroot-2013.05/output/host/usr/include conftest.c >&5
configure:7260: $? = 0
configure:7260: result: yes
configure:7260: checking for strings.h
configure:7260: /usr/bin/gcc -c -O2 -I/home/lsoave/Docker/TMP/buildroot-2013.05/output/host/usr/include -I/home/lsoave/Docker/TMP/buildroot-2013.05/output/host/usr/include conftest.c >&5
configure:7260: $? = 0
configure:7260: result: yes
configure:7260: checking for inttypes.h
configure:7260: /usr/bin/gcc -c -O2 -I/home/lsoave/Docker/TMP/buildroot-2013.05/output/host/usr/include -I/home/lsoave/Docker/TMP/buildroot-2013.05/output/host/usr/include conftest.c >&5
configure:7260: $? = 0
configure:7260: result: yes
configure:7260: checking for stdint.h
configure:7260: /usr/bin/gcc -c -O2 -I/home/lsoave/Docker/TMP/buildroot-2013.05/output/host/usr/include -I/home/lsoave/Docker/TMP/buildroot-2013.05/output/host/usr/include conftest.c >&5
configure:7260: $? = 0
configure:7260: result: yes
configure:7260: checking for unistd.h
configure:7260: /usr/bin/gcc -c -O2 -I/home/lsoave/Docker/TMP/buildroot-2013.05/output/host/usr/include -I/home/lsoave/Docker/TMP/buildroot-2013.05/output/host/usr/include conftest.c >&5
configure:7260: $? = 0
configure:7260: result: yes
configure:7274: checking for dlfcn.h
configure:7274: /usr/bin/gcc -c -O2 -I/home/lsoave/Docker/TMP/buildroot-2013.05/output/host/usr/include -I/home/lsoave/Docker/TMP/buildroot-2013.05/output/host/usr/include conftest.c >&5
configure:7274: $? = 0
configure:7274: result: yes
configure:7461: checking for objdir
configure:7476: result: .libs
configure:7743: checking if /usr/bin/gcc supports -fno-rtti -fno-exceptions
configure:7761: /usr/bin/gcc -c -O2 -I/home/lsoave/Docker/TMP/buildroot-2013.05/output/host/usr/include -I/home/lsoave/Docker/TMP/buildroot-2013.05/output/host/usr/include -fno-rtti -fno-exceptions conftest.c >&5
cc1: warning: command line option '-fno-rtti' is valid for C++/ObjC++ but not for C [enabled by default]
configure:7765: $? = 0
configure:7778: result: no
configure:7798: checking for /usr/bin/gcc option to produce PIC
configure:8083: result: -fPIC -DPIC
configure:8095: checking if /usr/bin/gcc PIC flag -fPIC -DPIC works
configure:8113: /usr/bin/gcc -c -O2 -I/home/lsoave/Docker/TMP/buildroot-2013.05/output/host/usr/include -I/home/lsoave/Docker/TMP/buildroot-2013.05/output/host/usr/include -fPIC -DPIC -DPIC conftest.c >&5
configure:8117: $? = 0
configure:8130: result: yes
configure:8154: checking if /usr/bin/gcc static flag -static works
configure:8182: result: yes
configure:8197: checking if /usr/bin/gcc supports -c -o file.o
configure:8218: /usr/bin/gcc -c -O2 -I/home/lsoave/Docker/TMP/buildroot-2013.05/output/host/usr/include -I/home/lsoave/Docker/TMP/buildroot-2013.05/output/host/usr/include -o out/conftest2.o conftest.c >&5
configure:8222: $? = 0
configure:8244: result: yes
configure:8252: checking if /usr/bin/gcc supports -c -o file.o
configure:8299: result: yes
configure:8332: checking whether the /usr/bin/gcc linker (/usr/bin/ld -m elf_x86_64) supports shared libraries
configure:9407: result: yes
configure:9444: checking whether -lc should be explicitly linked in
configure:9452: /usr/bin/gcc -c -O2 -I/home/lsoave/Docker/TMP/buildroot-2013.05/output/host/usr/include -I/home/lsoave/Docker/TMP/buildroot-2013.05/output/host/usr/include conftest.c >&5
configure:9455: $? = 0
configure:9470: /usr/bin/gcc -shared conftest.o  -v -Wl,-soname -Wl,conftest -o conftest 2\>\&1 \| /bin/grep  -lc  \>/dev/null 2\>\&1
configure:9473: $? = 0
configure:9487: result: no
configure:9652: checking dynamic linker characteristics
configure:10107: /usr/bin/gcc -o conftest -O2 -I/home/lsoave/Docker/TMP/buildroot-2013.05/output/host/usr/include -I/home/lsoave/Docker/TMP/buildroot-2013.05/output/host/usr/include -L/home/lsoave/Docker/TMP/buildroot-2013.05/output/host/lib -L/home/lsoave/Docker/TMP/buildroot-2013.05/output/host/usr/lib -Wl,-rpath,/home/lsoave/Docker/TMP/buildroot-2013.05/output/host/usr/lib -Wl,-rpath -Wl,/foo conftest.c  >&5
configure:10107: $? = 0
configure:10329: result: GNU/Linux ld.so
configure:10436: checking how to hardcode library paths into programs
configure:10461: result: immediate
configure:11001: checking whether stripping libraries is possible
configure:11006: result: yes
configure:11041: checking if libtool supports shared libraries
configure:11043: result: yes
configure:11046: checking whether to build shared libraries
configure:11067: result: yes
configure:11070: checking whether to build static libraries
configure:11074: result: no
configure:11111: checking for gmp.h
configure:11119: /usr/bin/gcc -c -O2 -I/home/lsoave/Docker/TMP/buildroot-2013.05/output/host/usr/include -I/home/lsoave/Docker/TMP/buildroot-2013.05/output/host/usr/include conftest.c >&5
configure:11119: $? = 0
configure:11120: result: yes
configure:12139: checking for ANSI C header files
configure:12243: result: yes
configure:12254: checking locale.h usability
configure:12254: /usr/bin/gcc -c -O2 -I/home/lsoave/Docker/TMP/buildroot-2013.05/output/host/usr/include -I/home/lsoave/Docker/TMP/buildroot-2013.05/output/host/usr/include conftest.c >&5
configure:12254: $? = 0
configure:12254: result: yes
configure:12254: checking locale.h presence
configure:12254: /usr/bin/cpp -I/home/lsoave/Docker/TMP/buildroot-2013.05/output/host/usr/include conftest.c
configure:12254: $? = 0
configure:12254: result: yes
configure:12254: checking for locale.h
configure:12254: result: yes
configure:12254: checking for inttypes.h
configure:12254: result: yes
configure:12254: checking for stdint.h
configure:12254: result: yes
configure:12254: checking limits.h usability
configure:12254: /usr/bin/gcc -c -O2 -I/home/lsoave/Docker/TMP/buildroot-2013.05/output/host/usr/include -I/home/lsoave/Docker/TMP/buildroot-2013.05/output/host/usr/include conftest.c >&5
configure:12254: $? = 0
configure:12254: result: yes
configure:12254: checking limits.h presence
configure:12254: /usr/bin/cpp -I/home/lsoave/Docker/TMP/buildroot-2013.05/output/host/usr/include conftest.c
configure:12254: $? = 0
configure:12254: result: yes
configure:12254: checking for limits.h
configure:12254: result: yes
configure:12254: checking for unistd.h
configure:12254: result: yes
configure:12254: checking sys/time.h usability
configure:12254: /usr/bin/gcc -c -O2 -I/home/lsoave/Docker/TMP/buildroot-2013.05/output/host/usr/include -I/home/lsoave/Docker/TMP/buildroot-2013.05/output/host/usr/include conftest.c >&5
configure:12254: $? = 0
configure:12254: result: yes
configure:12254: checking sys/time.h presence
configure:12254: /usr/bin/cpp -I/home/lsoave/Docker/TMP/buildroot-2013.05/output/host/usr/include conftest.c
configure:12254: $? = 0
configure:12254: result: yes
configure:12254: checking for sys/time.h
configure:12254: result: yes
configure:12264: checking whether time.h and sys/time.h may both be included
configure:12284: /usr/bin/gcc -c -O2 -I/home/lsoave/Docker/TMP/buildroot-2013.05/output/host/usr/include -I/home/lsoave/Docker/TMP/buildroot-2013.05/output/host/usr/include conftest.c >&5
configure:12284: $? = 0
configure:12291: result: yes
configure:12300: checking complex.h usability
configure:12300: /usr/bin/gcc -c -O2 -I/home/lsoave/Docker/TMP/buildroot-2013.05/output/host/usr/include -I/home/lsoave/Docker/TMP/buildroot-2013.05/output/host/usr/include conftest.c >&5
configure:12300: $? = 0
configure:12300: result: yes
configure:12300: checking complex.h presence
configure:12300: /usr/bin/cpp -I/home/lsoave/Docker/TMP/buildroot-2013.05/output/host/usr/include conftest.c
configure:12300: $? = 0
configure:12300: result: yes
configure:12300: checking for complex.h
configure:12300: result: yes
configure:12305: checking for library containing creal
configure:12336: /usr/bin/gcc -o conftest -O2 -I/home/lsoave/Docker/TMP/buildroot-2013.05/output/host/usr/include -I/home/lsoave/Docker/TMP/buildroot-2013.05/output/host/usr/include -L/home/lsoave/Docker/TMP/buildroot-2013.05/output/host/lib -L/home/lsoave/Docker/TMP/buildroot-2013.05/output/host/usr/lib -Wl,-rpath,/home/lsoave/Docker/TMP/buildroot-2013.05/output/host/usr/lib conftest.c  >&5
conftest.c:38:6: warning: conflicting types for built-in function 'creal' [enabled by default]
 char creal ();
      ^
/tmp/ccpj4cMy.o: In function `main':
conftest.c:(.text.startup+0x7): undefined reference to `creal'
collect2: error: ld returned 1 exit status
configure:12336: $? = 1
configure: failed program was:
| /* confdefs.h */
| #define PACKAGE_NAME "mpc"
| #define PACKAGE_TARNAME "mpc"
| #define PACKAGE_VERSION "1.0.1"
| #define PACKAGE_STRING "mpc 1.0.1"
| #define PACKAGE_BUGREPORT "mpc-discuss@lists.gforge.inria.fr"
| #define PACKAGE_URL ""
| #define PACKAGE "mpc"
| #define VERSION "1.0.1"
| #define STDC_HEADERS 1
| #define HAVE_SYS_TYPES_H 1
| #define HAVE_SYS_STAT_H 1
| #define HAVE_STDLIB_H 1
| #define HAVE_STRING_H 1
| #define HAVE_MEMORY_H 1
| #define HAVE_STRINGS_H 1
| #define HAVE_INTTYPES_H 1
| #define HAVE_STDINT_H 1
| #define HAVE_UNISTD_H 1
| #define HAVE_DLFCN_H 1
| #define LT_OBJDIR ".libs/"
| #define STDC_HEADERS 1
| #define HAVE_LOCALE_H 1
| #define HAVE_INTTYPES_H 1
| #define HAVE_STDINT_H 1
| #define HAVE_LIMITS_H 1
| #define HAVE_UNISTD_H 1
| #define HAVE_SYS_TIME_H 1
| #define TIME_WITH_SYS_TIME 1
| /* end confdefs.h.  */
| 
| /* Override any GCC internal prototype to avoid an error.
|    Use char because int might match the return type of a GCC
|    builtin and then its argument prototype would still apply.  */
| #ifdef __cplusplus
| extern "C"
| #endif
| char creal ();
| int
| main ()
| {
| return creal ();
|   ;
|   return 0;
| }
configure:12336: /usr/bin/gcc -o conftest -O2 -I/home/lsoave/Docker/TMP/buildroot-2013.05/output/host/usr/include -I/home/lsoave/Docker/TMP/buildroot-2013.05/output/host/usr/include -L/home/lsoave/Docker/TMP/buildroot-2013.05/output/host/lib -L/home/lsoave/Docker/TMP/buildroot-2013.05/output/host/usr/lib -Wl,-rpath,/home/lsoave/Docker/TMP/buildroot-2013.05/output/host/usr/lib conftest.c -lm   >&5
conftest.c:38:6: warning: conflicting types for built-in function 'creal' [enabled by default]
 char creal ();
      ^
configure:12336: $? = 0
configure:12353: result: -lm
configure:12362: checking whether creal, cimag and I can be used
configure:12379: /usr/bin/gcc -o conftest -O2 -I/home/lsoave/Docker/TMP/buildroot-2013.05/output/host/usr/include -I/home/lsoave/Docker/TMP/buildroot-2013.05/output/host/usr/include -L/home/lsoave/Docker/TMP/buildroot-2013.05/output/host/lib -L/home/lsoave/Docker/TMP/buildroot-2013.05/output/host/usr/lib -Wl,-rpath,/home/lsoave/Docker/TMP/buildroot-2013.05/output/host/usr/lib conftest.c -lm  >&5
configure:12379: $? = 0
configure:12381: result: yes
configure:12404: checking for an ANSI C-conforming const
configure:12469: /usr/bin/gcc -c -O2 -I/home/lsoave/Docker/TMP/buildroot-2013.05/output/host/usr/include -I/home/lsoave/Docker/TMP/buildroot-2013.05/output/host/usr/include conftest.c >&5
configure:12469: $? = 0
configure:12476: result: yes
configure:12484: checking for size_t
configure:12484: /usr/bin/gcc -c -O2 -I/home/lsoave/Docker/TMP/buildroot-2013.05/output/host/usr/include -I/home/lsoave/Docker/TMP/buildroot-2013.05/output/host/usr/include conftest.c >&5
configure:12484: $? = 0
configure:12484: /usr/bin/gcc -c -O2 -I/home/lsoave/Docker/TMP/buildroot-2013.05/output/host/usr/include -I/home/lsoave/Docker/TMP/buildroot-2013.05/output/host/usr/include conftest.c >&5
conftest.c: In function 'main':
conftest.c:68:21: error: expected expression before ')' token
 if (sizeof ((size_t)))
                     ^
configure:12484: $? = 1
configure: failed program was:
| /* confdefs.h */
| #define PACKAGE_NAME "mpc"
| #define PACKAGE_TARNAME "mpc"
| #define PACKAGE_VERSION "1.0.1"
| #define PACKAGE_STRING "mpc 1.0.1"
| #define PACKAGE_BUGREPORT "mpc-discuss@lists.gforge.inria.fr"
| #define PACKAGE_URL ""
| #define PACKAGE "mpc"
| #define VERSION "1.0.1"
| #define STDC_HEADERS 1
| #define HAVE_SYS_TYPES_H 1
| #define HAVE_SYS_STAT_H 1
| #define HAVE_STDLIB_H 1
| #define HAVE_STRING_H 1
| #define HAVE_MEMORY_H 1
| #define HAVE_STRINGS_H 1
| #define HAVE_INTTYPES_H 1
| #define HAVE_STDINT_H 1
| #define HAVE_UNISTD_H 1
| #define HAVE_DLFCN_H 1
| #define LT_OBJDIR ".libs/"
| #define STDC_HEADERS 1
| #define HAVE_LOCALE_H 1
| #define HAVE_INTTYPES_H 1
| #define HAVE_STDINT_H 1
| #define HAVE_LIMITS_H 1
| #define HAVE_UNISTD_H 1
| #define HAVE_SYS_TIME_H 1
| #define TIME_WITH_SYS_TIME 1
| #define HAVE_COMPLEX_H 1
| /* end confdefs.h.  */
| #include <stdio.h>
| #ifdef HAVE_SYS_TYPES_H
| # include <sys/types.h>
| #endif
| #ifdef HAVE_SYS_STAT_H
| # include <sys/stat.h>
| #endif
| #ifdef STDC_HEADERS
| # include <stdlib.h>
| # include <stddef.h>
| #else
| # ifdef HAVE_STDLIB_H
| #  include <stdlib.h>
| # endif
| #endif
| #ifdef HAVE_STRING_H
| # if !defined STDC_HEADERS && defined HAVE_MEMORY_H
| #  include <memory.h>
| # endif
| # include <string.h>
| #endif
| #ifdef HAVE_STRINGS_H
| # include <strings.h>
| #endif
| #ifdef HAVE_INTTYPES_H
| # include <inttypes.h>
| #endif
| #ifdef HAVE_STDINT_H
| # include <stdint.h>
| #endif
| #ifdef HAVE_UNISTD_H
| # include <unistd.h>
| #endif
| int
| main ()
| {
| if (sizeof ((size_t)))
| 	    return 0;
|   ;
|   return 0;
| }
configure:12484: result: yes
configure:12500: checking for gettimeofday
configure:12500: /usr/bin/gcc -o conftest -O2 -I/home/lsoave/Docker/TMP/buildroot-2013.05/output/host/usr/include -I/home/lsoave/Docker/TMP/buildroot-2013.05/output/host/usr/include -L/home/lsoave/Docker/TMP/buildroot-2013.05/output/host/lib -L/home/lsoave/Docker/TMP/buildroot-2013.05/output/host/usr/lib -Wl,-rpath,/home/lsoave/Docker/TMP/buildroot-2013.05/output/host/usr/lib conftest.c -lm  >&5
configure:12500: $? = 0
configure:12500: result: yes
configure:12500: checking for localeconv
configure:12500: /usr/bin/gcc -o conftest -O2 -I/home/lsoave/Docker/TMP/buildroot-2013.05/output/host/usr/include -I/home/lsoave/Docker/TMP/buildroot-2013.05/output/host/usr/include -L/home/lsoave/Docker/TMP/buildroot-2013.05/output/host/lib -L/home/lsoave/Docker/TMP/buildroot-2013.05/output/host/usr/lib -Wl,-rpath,/home/lsoave/Docker/TMP/buildroot-2013.05/output/host/usr/lib conftest.c -lm  >&5
configure:12500: $? = 0
configure:12500: result: yes
configure:12500: checking for setlocale
configure:12500: /usr/bin/gcc -o conftest -O2 -I/home/lsoave/Docker/TMP/buildroot-2013.05/output/host/usr/include -I/home/lsoave/Docker/TMP/buildroot-2013.05/output/host/usr/include -L/home/lsoave/Docker/TMP/buildroot-2013.05/output/host/lib -L/home/lsoave/Docker/TMP/buildroot-2013.05/output/host/usr/lib -Wl,-rpath,/home/lsoave/Docker/TMP/buildroot-2013.05/output/host/usr/lib conftest.c -lm  >&5
configure:12500: $? = 0
configure:12500: result: yes
configure:12512: checking for dup
configure:12512: /usr/bin/gcc -o conftest -O2 -I/home/lsoave/Docker/TMP/buildroot-2013.05/output/host/usr/include -I/home/lsoave/Docker/TMP/buildroot-2013.05/output/host/usr/include -L/home/lsoave/Docker/TMP/buildroot-2013.05/output/host/lib -L/home/lsoave/Docker/TMP/buildroot-2013.05/output/host/usr/lib -Wl,-rpath,/home/lsoave/Docker/TMP/buildroot-2013.05/output/host/usr/lib conftest.c -lm  >&5
configure:12512: $? = 0
configure:12512: result: yes
configure:12512: checking for dup2
configure:12512: /usr/bin/gcc -o conftest -O2 -I/home/lsoave/Docker/TMP/buildroot-2013.05/output/host/usr/include -I/home/lsoave/Docker/TMP/buildroot-2013.05/output/host/usr/include -L/home/lsoave/Docker/TMP/buildroot-2013.05/output/host/lib -L/home/lsoave/Docker/TMP/buildroot-2013.05/output/host/usr/lib -Wl,-rpath,/home/lsoave/Docker/TMP/buildroot-2013.05/output/host/usr/lib conftest.c -lm  >&5
configure:12512: $? = 0
configure:12512: result: yes
configure:12526: checking for __gmpz_init in -lgmp
configure:12551: /usr/bin/gcc -o conftest -O2 -I/home/lsoave/Docker/TMP/buildroot-2013.05/output/host/usr/include -I/home/lsoave/Docker/TMP/buildroot-2013.05/output/host/usr/include -L/home/lsoave/Docker/TMP/buildroot-2013.05/output/host/lib -L/home/lsoave/Docker/TMP/buildroot-2013.05/output/host/usr/lib -Wl,-rpath,/home/lsoave/Docker/TMP/buildroot-2013.05/output/host/usr/lib conftest.c -lgmp  -lm  >&5
configure:12551: $? = 0
configure:12560: result: yes
configure:12569: checking for MPFR
configure:12584: /usr/bin/gcc -o conftest -O2 -I/home/lsoave/Docker/TMP/buildroot-2013.05/output/host/usr/include -I/home/lsoave/Docker/TMP/buildroot-2013.05/output/host/usr/include -L/home/lsoave/Docker/TMP/buildroot-2013.05/output/host/lib -L/home/lsoave/Docker/TMP/buildroot-2013.05/output/host/usr/lib -Wl,-rpath,/home/lsoave/Docker/TMP/buildroot-2013.05/output/host/usr/lib conftest.c -lmpfr -lgmp -lm  >&5
configure:12584: $? = 0
configure:12585: result: yes
configure:12603: checking for recent GMP
configure:12615: /usr/bin/gcc -c -O2 -I/home/lsoave/Docker/TMP/buildroot-2013.05/output/host/usr/include -I/home/lsoave/Docker/TMP/buildroot-2013.05/output/host/usr/include conftest.c >&5
configure:12615: $? = 0
configure:12616: result: yes
configure:12630: checking for recent MPFR
configure:12642: /usr/bin/gcc -c -O2 -I/home/lsoave/Docker/TMP/buildroot-2013.05/output/host/usr/include -I/home/lsoave/Docker/TMP/buildroot-2013.05/output/host/usr/include conftest.c >&5
configure:12642: $? = 0
configure:12643: result: yes
configure:13166: checking if gcc accepts -dumpversion option
configure:13191: cat conftest.c 1>&5
int main()
{
	return 0;
}
configure:13194: $? = 0
configure:13198: /usr/bin/gcc  -dumpversion -c conftest.c 1>&5
4.8
configure:13201: $? = 0
configure:13204: result: yes
configure:13231: checking gcc version
configure:13245: result: 4.8
configure:13460: creating ./config.status

## ---------------------- ##
## Running config.status. ##
## ---------------------- ##

This file was extended by mpc config.status 1.0.1, which was
generated by GNU Autoconf 2.68.  Invocation command line was

  CONFIG_FILES    = 
  CONFIG_HEADERS  = 
  CONFIG_LINKS    = 
  CONFIG_COMMANDS = 
  $ ./config.status 

on basenode

config.status:14691: creating Makefile
config.status:14691: creating src/Makefile
config.status:14691: creating tests/Makefile
config.status:14691: creating doc/Makefile
config.status:14691: creating config.h
config.status:14918: executing depfiles commands
config.status:14918: executing libtool commands
configure:15700: WARNING: unrecognized options: --disable-gtk-doc, --disable-doc, --disable-docs, --disable-documentation, --with-xmlto, --with-fop

## ---------------- ##
## Cache variables. ##
## ---------------- ##

ac_cv_build='x86_64-unknown-linux-gnu'
ac_cv_c_compiler_gnu='yes'
ac_cv_c_const='yes'
ac_cv_env_CC_set='set'
ac_cv_env_CC_value='/usr/bin/gcc'
ac_cv_env_CFLAGS_set='set'
ac_cv_env_CFLAGS_value='-O2 -I/home/lsoave/Docker/TMP/buildroot-2013.05/output/host/usr/include'
ac_cv_env_CPPFLAGS_set='set'
ac_cv_env_CPPFLAGS_value='-I/home/lsoave/Docker/TMP/buildroot-2013.05/output/host/usr/include'
ac_cv_env_CPP_set='set'
ac_cv_env_CPP_value='/usr/bin/cpp'
ac_cv_env_LDFLAGS_set='set'
ac_cv_env_LDFLAGS_value='-L/home/lsoave/Docker/TMP/buildroot-2013.05/output/host/lib -L/home/lsoave/Docker/TMP/buildroot-2013.05/output/host/usr/lib -Wl,-rpath,/home/lsoave/Docker/TMP/buildroot-2013.05/output/host/usr/lib'
ac_cv_env_LIBS_set=''
ac_cv_env_LIBS_value=''
ac_cv_env_build_alias_set=''
ac_cv_env_build_alias_value=''
ac_cv_env_host_alias_set=''
ac_cv_env_host_alias_value=''
ac_cv_env_target_alias_set=''
ac_cv_env_target_alias_value=''
ac_cv_func_dup2='yes'
ac_cv_func_dup='yes'
ac_cv_func_gettimeofday='yes'
ac_cv_func_localeconv='yes'
ac_cv_func_setlocale='yes'
ac_cv_header_complex_h='yes'
ac_cv_header_dlfcn_h='yes'
ac_cv_header_inttypes_h='yes'
ac_cv_header_limits_h='yes'
ac_cv_header_locale_h='yes'
ac_cv_header_memory_h='yes'
ac_cv_header_stdc='yes'
ac_cv_header_stdint_h='yes'
ac_cv_header_stdlib_h='yes'
ac_cv_header_string_h='yes'
ac_cv_header_strings_h='yes'
ac_cv_header_sys_stat_h='yes'
ac_cv_header_sys_time_h='yes'
ac_cv_header_sys_types_h='yes'
ac_cv_header_time='yes'
ac_cv_header_unistd_h='yes'
ac_cv_host='x86_64-unknown-linux-gnu'
ac_cv_lib_gmp___gmpz_init='yes'
ac_cv_objext='o'
ac_cv_path_EGREP='/bin/grep -E'
ac_cv_path_FGREP='/bin/grep -F'
ac_cv_path_GREP='/bin/grep'
ac_cv_path_SED='/bin/sed'
ac_cv_path_install='/usr/bin/install -c'
ac_cv_path_mkdir='/bin/mkdir'
ac_cv_prog_AWK='mawk'
ac_cv_prog_CPP='/usr/bin/cpp'
ac_cv_prog_ac_ct_AR='/usr/bin/ar'
ac_cv_prog_ac_ct_CC='/usr/bin/gcc'
ac_cv_prog_ac_ct_OBJDUMP='objdump'
ac_cv_prog_ac_ct_RANLIB='ranlib'
ac_cv_prog_ac_ct_STRIP='strip'
ac_cv_prog_cc_c89=''
ac_cv_prog_cc_g='yes'
ac_cv_prog_make_make_set='yes'
ac_cv_search_creal='-lm'
ac_cv_type_size_t='yes'
am_cv_CC_dependencies_compiler_type='gcc3'
am_cv_ar_interface='ar'
ax_cv_gcc_version='4.8'
lt_cv_archive_cmds_need_lc='no'
lt_cv_deplibs_check_method='pass_all'
lt_cv_file_magic_cmd='$MAGIC_CMD'
lt_cv_file_magic_test_file=''
lt_cv_ld_reload_flag='-r'
lt_cv_nm_interface='BSD nm'
lt_cv_objdir='.libs'
lt_cv_path_LD='/usr/bin/ld'
lt_cv_path_NM='/usr/bin/nm'
lt_cv_prog_compiler_c_o='yes'
lt_cv_prog_compiler_pic_works='yes'
lt_cv_prog_compiler_rtti_exceptions='no'
lt_cv_prog_compiler_static_works='yes'
lt_cv_prog_gnu_ld='yes'
lt_cv_shlibpath_overrides_runpath='no'
lt_cv_sys_global_symbol_pipe='sed -n -e '"'"'s/^.*[	 ]\([ABCDGIRSTW][ABCDGIRSTW]*\)[	 ][	 ]*\([_A-Za-z][_A-Za-z0-9]*\)$/\1 \2 \2/p'"'"
lt_cv_sys_global_symbol_to_c_name_address='sed -n -e '"'"'s/^: \([^ ]*\) $/  {\"\1\", (void *) 0},/p'"'"' -e '"'"'s/^[ABCDGIRSTW]* \([^ ]*\) \([^ ]*\)$/  {"\2", (void *) \&\2},/p'"'"
lt_cv_sys_global_symbol_to_c_name_address_lib_prefix='sed -n -e '"'"'s/^: \([^ ]*\) $/  {\"\1\", (void *) 0},/p'"'"' -e '"'"'s/^[ABCDGIRSTW]* \([^ ]*\) \(lib[^ ]*\)$/  {"\2", (void *) \&\2},/p'"'"' -e '"'"'s/^[ABCDGIRSTW]* \([^ ]*\) \([^ ]*\)$/  {"lib\2", (void *) \&\2},/p'"'"
lt_cv_sys_global_symbol_to_cdecl='sed -n -e '"'"'s/^T .* \(.*\)$/extern int \1();/p'"'"' -e '"'"'s/^[ABCDGIRSTW]* .* \(.*\)$/extern char \1;/p'"'"
lt_cv_sys_max_cmd_len='3458764513820540925'

## ----------------- ##
## Output variables. ##
## ----------------- ##

ACLOCAL='${SHELL} /home/lsoave/Docker/TMP/buildroot-2013.05/output/build/host-mpc-1.0.1/missing --run aclocal-1.11'
AMDEPBACKSLASH='\'
AMDEP_FALSE='#'
AMDEP_TRUE=''
AMTAR='$${TAR-tar}'
AR='/usr/bin/ar'
AS='/usr/bin/as'
AUTOCONF='${SHELL} /home/lsoave/Docker/TMP/buildroot-2013.05/output/build/host-mpc-1.0.1/missing --run autoconf'
AUTOHEADER='${SHELL} /home/lsoave/Docker/TMP/buildroot-2013.05/output/build/host-mpc-1.0.1/missing --run autoheader'
AUTOMAKE='${SHELL} /home/lsoave/Docker/TMP/buildroot-2013.05/output/build/host-mpc-1.0.1/missing --run automake-1.11'
AWK='mawk'
CC='/usr/bin/gcc'
CCDEPMODE='depmode=gcc3'
CFLAGS='-O2 -I/home/lsoave/Docker/TMP/buildroot-2013.05/output/host/usr/include'
CPP='/usr/bin/cpp'
CPPFLAGS='-I/home/lsoave/Docker/TMP/buildroot-2013.05/output/host/usr/include'
CYGPATH_W='echo'
DEFS='-DHAVE_CONFIG_H'
DEPDIR='.deps'
DLLTOOL='dlltool'
DSYMUTIL=''
DUMPBIN=''
ECHO_C=''
ECHO_N='-n'
ECHO_T=''
EGREP='/bin/grep -E'
EXEEXT=''
FGREP='/bin/grep -F'
GCC_VERSION='4.8'
GREP='/bin/grep'
HASSVNVERSION=''
INSTALL_DATA='${INSTALL} -m 644'
INSTALL_PROGRAM='${INSTALL}'
INSTALL_SCRIPT='${INSTALL}'
INSTALL_STRIP_PROGRAM='$(install_sh) -c -s'
LD='/usr/bin/ld -m elf_x86_64'
LDFLAGS='-L/home/lsoave/Docker/TMP/buildroot-2013.05/output/host/lib -L/home/lsoave/Docker/TMP/buildroot-2013.05/output/host/usr/lib -Wl,-rpath,/home/lsoave/Docker/TMP/buildroot-2013.05/output/host/usr/lib'
LIBOBJS=''
LIBS='-lmpfr -lgmp -lm '
LIBTOOL='$(SHELL) $(top_builddir)/libtool'
LIPO=''
LN_S='ln -s'
LTLIBOBJS=''
MAINT='#'
MAINTAINER_MODE_FALSE=''
MAINTAINER_MODE_TRUE='#'
MAKEINFO='${SHELL} /home/lsoave/Docker/TMP/buildroot-2013.05/output/build/host-mpc-1.0.1/missing --run makeinfo'
MKDIR_P='/bin/mkdir -p'
MPC_LDFLAGS=''
MPC_LOG_H=''
NM='/usr/bin/nm'
NMEDIT=''
OBJDUMP='objdump'
OBJEXT='o'
OTOOL64=''
OTOOL=''
PACKAGE='mpc'
PACKAGE_BUGREPORT='mpc-discuss@lists.gforge.inria.fr'
PACKAGE_NAME='mpc'
PACKAGE_STRING='mpc 1.0.1'
PACKAGE_TARNAME='mpc'
PACKAGE_URL=''
PACKAGE_VERSION='1.0.1'
PATH_SEPARATOR=':'
RANLIB='ranlib'
SED='/bin/sed'
SET_MAKE=''
SHELL='/bin/bash'
STRIP='strip'
SVNVERSION=''
VALGRIND=''
VERSION='1.0.1'
ac_ct_AR='/usr/bin/ar'
ac_ct_CC='/usr/bin/gcc'
ac_ct_DUMPBIN=''
am__EXEEXT_FALSE=''
am__EXEEXT_TRUE='#'
am__fastdepCC_FALSE='#'
am__fastdepCC_TRUE=''
am__include='include'
am__isrc=''
am__leading_dot='.'
am__nodep='_no'
am__quote=''
am__tar='$${TAR-tar} chof - "$$tardir"'
am__untar='$${TAR-tar} xf -'
bindir='${exec_prefix}/bin'
build='x86_64-unknown-linux-gnu'
build_alias=''
build_cpu='x86_64'
build_os='linux-gnu'
build_vendor='unknown'
datadir='${datarootdir}'
datarootdir='${prefix}/share'
docdir='${datarootdir}/doc/${PACKAGE_TARNAME}'
dvidir='${docdir}'
exec_prefix='${prefix}'
host='x86_64-unknown-linux-gnu'
host_alias=''
host_cpu='x86_64'
host_os='linux-gnu'
host_vendor='unknown'
htmldir='${docdir}'
includedir='${prefix}/include'
infodir='${datarootdir}/info'
install_sh='${SHELL} /home/lsoave/Docker/TMP/buildroot-2013.05/output/build/host-mpc-1.0.1/install-sh'
libdir='${exec_prefix}/lib'
libexecdir='${exec_prefix}/libexec'
localedir='${datarootdir}/locale'
localstatedir='${prefix}/var'
mandir='${datarootdir}/man'
mkdir_p='/bin/mkdir -p'
oldincludedir='/usr/include'
pdfdir='${docdir}'
prefix='/home/lsoave/Docker/TMP/buildroot-2013.05/output/host/usr'
program_transform_name='s,x,x,'
psdir='${docdir}'
sbindir='${exec_prefix}/sbin'
sharedstatedir='${prefix}/com'
sysconfdir='/home/lsoave/Docker/TMP/buildroot-2013.05/output/host/etc'
target_alias=''

## ----------- ##
## confdefs.h. ##
## ----------- ##

/* confdefs.h */
#define PACKAGE_NAME "mpc"
#define PACKAGE_TARNAME "mpc"
#define PACKAGE_VERSION "1.0.1"
#define PACKAGE_STRING "mpc 1.0.1"
#define PACKAGE_BUGREPORT "mpc-discuss@lists.gforge.inria.fr"
#define PACKAGE_URL ""
#define PACKAGE "mpc"
#define VERSION "1.0.1"
#define STDC_HEADERS 1
#define HAVE_SYS_TYPES_H 1
#define HAVE_SYS_STAT_H 1
#define HAVE_STDLIB_H 1
#define HAVE_STRING_H 1
#define HAVE_MEMORY_H 1
#define HAVE_STRINGS_H 1
#define HAVE_INTTYPES_H 1
#define HAVE_STDINT_H 1
#define HAVE_UNISTD_H 1
#define HAVE_DLFCN_H 1
#define LT_OBJDIR ".libs/"
#define STDC_HEADERS 1
#define HAVE_LOCALE_H 1
#define HAVE_INTTYPES_H 1
#define HAVE_STDINT_H 1
#define HAVE_LIMITS_H 1
#define HAVE_UNISTD_H 1
#define HAVE_SYS_TIME_H 1
#define TIME_WITH_SYS_TIME 1
#define HAVE_COMPLEX_H 1
#define HAVE_GETTIMEOFDAY 1
#define HAVE_LOCALECONV 1
#define HAVE_SETLOCALE 1
#define HAVE_DUP 1
#define HAVE_DUP2 1
#define MPC_GCC "yes"
#define MPC_CC "/usr/bin/gcc"
#define MPC_GCC_VERSION "4.8"

configure: exit 0
