This file contains any messages produced by compilers while
running configure, to aid debugging if configure makes a mistake.

It was created by configure, which was
generated by GNU Autoconf 2.64.  Invocation command line was

  $ ./configure --prefix=/home/lsoave/Docker/TMP/buildroot-2013.05/output/host/usr --sysconfdir=/home/lsoave/Docker/TMP/buildroot-2013.05/output/host/etc --enable-shared --disable-static --disable-gtk-doc --disable-doc --disable-docs --disable-documentation --with-xmlto=no --with-fop=no --disable-multilib --disable-werror --target=x86_64-buildroot-linux-uclibc --disable-shared --enable-static --with-sysroot=/home/lsoave/Docker/TMP/buildroot-2013.05/output/host/usr/x86_64-buildroot-linux-uclibc/sysroot

## --------- ##
## Platform. ##
## --------- ##

hostname = basenode
uname -m = x86_64
uname -r = 3.11.0-14-generic
uname -s = Linux
uname -v = #21-Ubuntu SMP Tue Nov 12 17:04:55 UTC 2013

/usr/bin/uname -p = unknown
/bin/uname -X     = unknown

/bin/arch              = unknown
/usr/bin/arch -k       = unknown
/usr/convex/getsysinfo = unknown
/usr/bin/hostinfo      = unknown
/bin/machine           = unknown
/usr/bin/oslevel       = unknown
/bin/universe          = unknown

PATH: /home/lsoave/Docker/TMP/buildroot-2013.05/output/host/bin
PATH: /home/lsoave/Docker/TMP/buildroot-2013.05/output/host/usr/bin
PATH: /usr/local/sbin
PATH: /usr/local/bin
PATH: /usr/sbin
PATH: /usr/bin
PATH: /sbin
PATH: /bin


## ----------- ##
## Core tests. ##
## ----------- ##

configure:2197: checking build system type
configure:2211: result: x86_64-unknown-linux-gnu
configure:2258: checking host system type
configure:2271: result: x86_64-unknown-linux-gnu
configure:2291: checking target system type
configure:2304: result: x86_64-buildroot-linux-uclibc
configure:2358: checking for a BSD-compatible install
configure:2426: result: /usr/bin/install -c
configure:2437: checking whether ln works
configure:2459: result: yes
configure:2463: checking whether ln -s works
configure:2467: result: yes
configure:2474: checking for a sed that does not truncate output
configure:2538: result: /bin/sed
configure:2547: checking for gawk
configure:2577: result: no
configure:2547: checking for mawk
configure:2563: found /usr/bin/mawk
configure:2574: result: mawk
configure:3858: checking for gcc
configure:3885: result: /usr/bin/gcc
configure:4114: checking for C compiler version
configure:4123: /usr/bin/gcc --version >&5
gcc (Ubuntu/Linaro 4.8.1-10ubuntu9) 4.8.1
Copyright (C) 2013 Free Software Foundation, Inc.
This is free software; see the source for copying conditions.  There is NO
warranty; not even for MERCHANTABILITY or FITNESS FOR A PARTICULAR PURPOSE.

configure:4134: $? = 0
configure:4123: /usr/bin/gcc -v >&5
Using built-in specs.
COLLECT_GCC=/usr/bin/gcc
COLLECT_LTO_WRAPPER=/usr/lib/gcc/x86_64-linux-gnu/4.8/lto-wrapper
Target: x86_64-linux-gnu
Configured with: ../src/configure -v --with-pkgversion='Ubuntu/Linaro 4.8.1-10ubuntu9' --with-bugurl=file:///usr/share/doc/gcc-4.8/README.Bugs --enable-languages=c,c++,java,go,d,fortran,objc,obj-c++ --prefix=/usr --program-suffix=-4.8 --enable-shared --enable-linker-build-id --libexecdir=/usr/lib --without-included-gettext --enable-threads=posix --with-gxx-include-dir=/usr/include/c++/4.8 --libdir=/usr/lib --enable-nls --with-sysroot=/ --enable-clocale=gnu --enable-libstdcxx-debug --enable-libstdcxx-time=yes --enable-gnu-unique-object --enable-plugin --with-system-zlib --disable-browser-plugin --enable-java-awt=gtk --enable-gtk-cairo --with-java-home=/usr/lib/jvm/java-1.5.0-gcj-4.8-amd64/jre --enable-java-home --with-jvm-root-dir=/usr/lib/jvm/java-1.5.0-gcj-4.8-amd64 --with-jvm-jar-dir=/usr/lib/jvm-exports/java-1.5.0-gcj-4.8-amd64 --with-arch-directory=amd64 --with-ecj-jar=/usr/share/java/eclipse-ecj.jar --enable-objc-gc --enable-multiarch --disable-werror --with-arch-32=i686 --with-abi=m64 --with-multilib-list=m32,m64,mx32 --with-tune=generic --enable-checking=release --build=x86_64-linux-gnu --host=x86_64-linux-gnu --target=x86_64-linux-gnu
Thread model: posix
gcc version 4.8.1 (Ubuntu/Linaro 4.8.1-10ubuntu9) 
configure:4134: $? = 0
configure:4123: /usr/bin/gcc -V >&5
gcc: error: unrecognized command line option '-V'
gcc: fatal error: no input files
compilation terminated.
configure:4134: $? = 4
configure:4123: /usr/bin/gcc -qversion >&5
gcc: error: unrecognized command line option '-qversion'
gcc: fatal error: no input files
compilation terminated.
configure:4134: $? = 4
configure:4154: checking for C compiler default output file name
configure:4176: /usr/bin/gcc -O2 -I/home/lsoave/Docker/TMP/buildroot-2013.05/output/host/usr/include -I/home/lsoave/Docker/TMP/buildroot-2013.05/output/host/usr/include -L/home/lsoave/Docker/TMP/buildroot-2013.05/output/host/lib -L/home/lsoave/Docker/TMP/buildroot-2013.05/output/host/usr/lib -Wl,-rpath,/home/lsoave/Docker/TMP/buildroot-2013.05/output/host/usr/lib conftest.c  >&5
configure:4180: $? = 0
configure:4217: result: a.out
configure:4233: checking whether the C compiler works
configure:4242: ./a.out
configure:4246: $? = 0
configure:4261: result: yes
configure:4268: checking whether we are cross compiling
configure:4270: result: no
configure:4273: checking for suffix of executables
configure:4280: /usr/bin/gcc -o conftest -O2 -I/home/lsoave/Docker/TMP/buildroot-2013.05/output/host/usr/include -I/home/lsoave/Docker/TMP/buildroot-2013.05/output/host/usr/include -L/home/lsoave/Docker/TMP/buildroot-2013.05/output/host/lib -L/home/lsoave/Docker/TMP/buildroot-2013.05/output/host/usr/lib -Wl,-rpath,/home/lsoave/Docker/TMP/buildroot-2013.05/output/host/usr/lib conftest.c  >&5
configure:4284: $? = 0
configure:4306: result: 
configure:4312: checking for suffix of object files
configure:4334: /usr/bin/gcc -c -O2 -I/home/lsoave/Docker/TMP/buildroot-2013.05/output/host/usr/include -I/home/lsoave/Docker/TMP/buildroot-2013.05/output/host/usr/include conftest.c >&5
configure:4338: $? = 0
configure:4359: result: o
configure:4363: checking whether we are using the GNU C compiler
configure:4382: /usr/bin/gcc -c -O2 -I/home/lsoave/Docker/TMP/buildroot-2013.05/output/host/usr/include -I/home/lsoave/Docker/TMP/buildroot-2013.05/output/host/usr/include conftest.c >&5
configure:4382: $? = 0
configure:4391: result: yes
configure:4400: checking whether /usr/bin/gcc accepts -g
configure:4420: /usr/bin/gcc -c -g -I/home/lsoave/Docker/TMP/buildroot-2013.05/output/host/usr/include conftest.c >&5
configure:4420: $? = 0
configure:4461: result: yes
configure:4478: checking for /usr/bin/gcc option to accept ISO C89
configure:4542: /usr/bin/gcc  -c -O2 -I/home/lsoave/Docker/TMP/buildroot-2013.05/output/host/usr/include -I/home/lsoave/Docker/TMP/buildroot-2013.05/output/host/usr/include conftest.c >&5
configure:4542: $? = 0
configure:4555: result: none needed
configure:4687: checking for C++ compiler version
configure:4696: /usr/bin/g++ --version >&5
g++ (Ubuntu/Linaro 4.8.1-10ubuntu9) 4.8.1
Copyright (C) 2013 Free Software Foundation, Inc.
This is free software; see the source for copying conditions.  There is NO
warranty; not even for MERCHANTABILITY or FITNESS FOR A PARTICULAR PURPOSE.

configure:4707: $? = 0
configure:4696: /usr/bin/g++ -v >&5
Using built-in specs.
COLLECT_GCC=/usr/bin/g++
COLLECT_LTO_WRAPPER=/usr/lib/gcc/x86_64-linux-gnu/4.8/lto-wrapper
Target: x86_64-linux-gnu
Configured with: ../src/configure -v --with-pkgversion='Ubuntu/Linaro 4.8.1-10ubuntu9' --with-bugurl=file:///usr/share/doc/gcc-4.8/README.Bugs --enable-languages=c,c++,java,go,d,fortran,objc,obj-c++ --prefix=/usr --program-suffix=-4.8 --enable-shared --enable-linker-build-id --libexecdir=/usr/lib --without-included-gettext --enable-threads=posix --with-gxx-include-dir=/usr/include/c++/4.8 --libdir=/usr/lib --enable-nls --with-sysroot=/ --enable-clocale=gnu --enable-libstdcxx-debug --enable-libstdcxx-time=yes --enable-gnu-unique-object --enable-plugin --with-system-zlib --disable-browser-plugin --enable-java-awt=gtk --enable-gtk-cairo --with-java-home=/usr/lib/jvm/java-1.5.0-gcj-4.8-amd64/jre --enable-java-home --with-jvm-root-dir=/usr/lib/jvm/java-1.5.0-gcj-4.8-amd64 --with-jvm-jar-dir=/usr/lib/jvm-exports/java-1.5.0-gcj-4.8-amd64 --with-arch-directory=amd64 --with-ecj-jar=/usr/share/java/eclipse-ecj.jar --enable-objc-gc --enable-multiarch --disable-werror --with-arch-32=i686 --with-abi=m64 --with-multilib-list=m32,m64,mx32 --with-tune=generic --enable-checking=release --build=x86_64-linux-gnu --host=x86_64-linux-gnu --target=x86_64-linux-gnu
Thread model: posix
gcc version 4.8.1 (Ubuntu/Linaro 4.8.1-10ubuntu9) 
configure:4707: $? = 0
configure:4696: /usr/bin/g++ -V >&5
g++: error: unrecognized command line option '-V'
g++: fatal error: no input files
compilation terminated.
configure:4707: $? = 4
configure:4696: /usr/bin/g++ -qversion >&5
g++: error: unrecognized command line option '-qversion'
g++: fatal error: no input files
compilation terminated.
configure:4707: $? = 4
configure:4711: checking whether we are using the GNU C++ compiler
configure:4730: /usr/bin/g++ -c -O2 -I/home/lsoave/Docker/TMP/buildroot-2013.05/output/host/usr/include -I/home/lsoave/Docker/TMP/buildroot-2013.05/output/host/usr/include conftest.cpp >&5
configure:4730: $? = 0
configure:4739: result: yes
configure:4748: checking whether /usr/bin/g++ accepts -g
configure:4768: /usr/bin/g++ -c -g -I/home/lsoave/Docker/TMP/buildroot-2013.05/output/host/usr/include conftest.cpp >&5
configure:4768: $? = 0
configure:4809: result: yes
configure:4898: checking for gnatbind
configure:4928: result: no
configure:4990: checking for gnatmake
configure:5020: result: no
configure:5039: checking whether compiler driver understands Ada
configure:5062: result: no
configure:5071: checking how to compare bootstrapped objects
configure:5096: result: cmp --ignore-initial=16 $$f1 $$f2
configure:5112: checking for objdir
configure:5127: result: .libs
configure:5658: checking for version 0.10 (or later revision) of PPL
configure:5675: /usr/bin/gcc -c -O2 -I/home/lsoave/Docker/TMP/buildroot-2013.05/output/host/usr/include   -I/home/lsoave/Docker/TMP/buildroot-2013.05/output/host/usr/include conftest.c >&5
conftest.c:10:19: fatal error: ppl_c.h: No such file or directory
 #include "ppl_c.h"
                   ^
compilation terminated.
configure:5675: $? = 1
configure: failed program was:
| /* confdefs.h */
| #define PACKAGE_NAME ""
| #define PACKAGE_TARNAME ""
| #define PACKAGE_VERSION ""
| #define PACKAGE_STRING ""
| #define PACKAGE_BUGREPORT ""
| #define PACKAGE_URL ""
| #define LT_OBJDIR ".libs/"
| /* end confdefs.h.  */
| #include "ppl_c.h"
| int
| main ()
| {
| 
|   #if PPL_VERSION_MAJOR != 0 || PPL_VERSION_MINOR < 10
|   choke me
|   #endif
| 
|   ;
|   return 0;
| }
configure:5679: result: no
configure:6838: checking for default BUILD_CONFIG
configure:6870: result: 
configure:7317: checking for bison
configure:7347: result: no
configure:7317: checking for byacc
configure:7347: result: no
configure:7317: checking for yacc
configure:7347: result: no
configure:7365: checking for bison
configure:7395: result: no
configure:7412: checking for gm4
configure:7442: result: no
configure:7412: checking for gnum4
configure:7442: result: no
configure:7412: checking for m4
configure:7428: found /home/lsoave/Docker/TMP/buildroot-2013.05/output/host/usr/bin/m4
configure:7439: result: m4
configure:7459: checking for flex
configure:7489: result: no
configure:7459: checking for lex
configure:7489: result: no
configure:7507: checking for flex
configure:7537: result: no
configure:7554: checking for makeinfo
configure:7584: result: no
configure:7615: checking for expect
configure:7645: result: no
configure:7664: checking for runtest
configure:7694: result: no
configure:7728: checking for ar
configure:7755: result: /usr/bin/ar
configure:7869: checking for as
configure:7896: result: /usr/bin/as
configure:8091: checking for dlltool
configure:8121: result: no
configure:8151: checking for ld
configure:8178: result: /usr/bin/ld
configure:8373: checking for lipo
configure:8403: result: no
configure:8433: checking for nm
configure:8460: result: /usr/bin/nm
configure:8655: checking for ranlib
configure:8671: found /usr/bin/ranlib
configure:8682: result: ranlib
configure:8791: checking for strip
configure:8807: found /usr/bin/strip
configure:8818: result: strip
configure:8927: checking for windres
configure:8957: result: no
configure:9068: checking for windmc
configure:9098: result: no
configure:9209: checking for objcopy
configure:9225: found /usr/bin/objcopy
configure:9236: result: objcopy
configure:9350: checking for objdump
configure:9366: found /usr/bin/objdump
configure:9377: result: objdump
configure:9491: checking for x86_64-buildroot-linux-uclibc-cc
configure:9521: result: no
configure:9491: checking for x86_64-buildroot-linux-uclibc-gcc
configure:9521: result: no
configure:9652: checking for x86_64-buildroot-linux-uclibc-c++
configure:9682: result: no
configure:9652: checking for x86_64-buildroot-linux-uclibc-g++
configure:9682: result: no
configure:9652: checking for x86_64-buildroot-linux-uclibc-cxx
configure:9682: result: no
configure:9652: checking for x86_64-buildroot-linux-uclibc-gxx
configure:9682: result: no
configure:9813: checking for x86_64-buildroot-linux-uclibc-gcc
configure:9843: result: no
configure:9969: checking for x86_64-buildroot-linux-uclibc-gcj
configure:9999: result: no
configure:10130: checking for x86_64-buildroot-linux-uclibc-gfortran
configure:10160: result: no
configure:10371: checking for x86_64-buildroot-linux-uclibc-ar
configure:10401: result: no
configure:10601: checking for x86_64-buildroot-linux-uclibc-as
configure:10631: result: no
configure:10831: checking for x86_64-buildroot-linux-uclibc-dlltool
configure:10861: result: no
configure:11061: checking for x86_64-buildroot-linux-uclibc-ld
configure:11091: result: no
configure:11291: checking for x86_64-buildroot-linux-uclibc-lipo
configure:11321: result: no
configure:11521: checking for x86_64-buildroot-linux-uclibc-nm
configure:11551: result: no
configure:11751: checking for x86_64-buildroot-linux-uclibc-objdump
configure:11781: result: no
configure:11981: checking for x86_64-buildroot-linux-uclibc-ranlib
configure:12011: result: no
configure:12211: checking for x86_64-buildroot-linux-uclibc-strip
configure:12241: result: no
configure:12441: checking for x86_64-buildroot-linux-uclibc-windres
configure:12471: result: no
configure:12671: checking for x86_64-buildroot-linux-uclibc-windmc
configure:12701: result: no
configure:12768: checking where to find the target ar
configure:12791: result: just compiled
configure:12810: checking where to find the target as
configure:12833: result: just compiled
configure:12852: checking where to find the target cc
configure:12889: result: pre-installed
configure:12894: checking where to find the target c++
configure:12934: result: pre-installed
configure:12939: checking where to find the target c++ for libstdc++
configure:12979: result: pre-installed
configure:12984: checking where to find the target dlltool
configure:13007: result: just compiled
configure:13026: checking where to find the target gcc
configure:13063: result: pre-installed
configure:13068: checking where to find the target gcj
configure:13108: result: pre-installed
configure:13113: checking where to find the target gfortran
configure:13153: result: pre-installed
configure:13158: checking where to find the target ld
configure:13181: result: just compiled
configure:13200: checking where to find the target lipo
configure:13226: result: pre-installed
configure:13231: checking where to find the target nm
configure:13254: result: just compiled
configure:13273: checking where to find the target objdump
configure:13296: result: just compiled
configure:13315: checking where to find the target ranlib
configure:13338: result: just compiled
configure:13357: checking where to find the target strip
configure:13380: result: just compiled
configure:13399: checking where to find the target windres
configure:13422: result: just compiled
configure:13441: checking where to find the target windmc
configure:13464: result: just compiled
configure:13511: checking whether to enable maintainer-specific portions of Makefiles
configure:13520: result: no
configure:13553: checking whether -fkeep-inline-functions is supported
configure:13572: /usr/bin/gcc -c -O2 -I/home/lsoave/Docker/TMP/buildroot-2013.05/output/host/usr/include -fkeep-inline-functions -I/home/lsoave/Docker/TMP/buildroot-2013.05/output/host/usr/include conftest.c >&5
configure:13572: $? = 0
configure:13573: result: yes
configure:13770: creating ./config.status

## ---------------------- ##
## Running config.status. ##
## ---------------------- ##

This file was extended by config.status, which was
generated by GNU Autoconf 2.64.  Invocation command line was

  CONFIG_FILES    = 
  CONFIG_HEADERS  = 
  CONFIG_LINKS    = 
  CONFIG_COMMANDS = 
  $ ./config.status 

on basenode

config.status:14611: creating Makefile

## ---------------- ##
## Cache variables. ##
## ---------------- ##

ac_cv_build='x86_64-unknown-linux-gnu'
ac_cv_c_compiler_gnu='yes'
ac_cv_cxx_compiler_gnu='yes'
ac_cv_env_AR_FOR_TARGET_set=''
ac_cv_env_AR_FOR_TARGET_value=''
ac_cv_env_AR_set='set'
ac_cv_env_AR_value='/usr/bin/ar'
ac_cv_env_AS_FOR_TARGET_set=''
ac_cv_env_AS_FOR_TARGET_value=''
ac_cv_env_AS_set='set'
ac_cv_env_AS_value='/usr/bin/as'
ac_cv_env_CCC_set=''
ac_cv_env_CCC_value=''
ac_cv_env_CC_FOR_TARGET_set=''
ac_cv_env_CC_FOR_TARGET_value=''
ac_cv_env_CC_set='set'
ac_cv_env_CC_value='/usr/bin/gcc'
ac_cv_env_CFLAGS_set='set'
ac_cv_env_CFLAGS_value='-O2 -I/home/lsoave/Docker/TMP/buildroot-2013.05/output/host/usr/include'
ac_cv_env_CPPFLAGS_set='set'
ac_cv_env_CPPFLAGS_value='-I/home/lsoave/Docker/TMP/buildroot-2013.05/output/host/usr/include'
ac_cv_env_CXXFLAGS_set='set'
ac_cv_env_CXXFLAGS_value='-O2 -I/home/lsoave/Docker/TMP/buildroot-2013.05/output/host/usr/include'
ac_cv_env_CXX_FOR_TARGET_set=''
ac_cv_env_CXX_FOR_TARGET_value=''
ac_cv_env_CXX_set='set'
ac_cv_env_CXX_value='/usr/bin/g++'
ac_cv_env_DLLTOOL_FOR_TARGET_set=''
ac_cv_env_DLLTOOL_FOR_TARGET_value=''
ac_cv_env_DLLTOOL_set=''
ac_cv_env_DLLTOOL_value=''
ac_cv_env_GCC_FOR_TARGET_set=''
ac_cv_env_GCC_FOR_TARGET_value=''
ac_cv_env_GCJ_FOR_TARGET_set=''
ac_cv_env_GCJ_FOR_TARGET_value=''
ac_cv_env_GFORTRAN_FOR_TARGET_set=''
ac_cv_env_GFORTRAN_FOR_TARGET_value=''
ac_cv_env_LDFLAGS_set='set'
ac_cv_env_LDFLAGS_value='-L/home/lsoave/Docker/TMP/buildroot-2013.05/output/host/lib -L/home/lsoave/Docker/TMP/buildroot-2013.05/output/host/usr/lib -Wl,-rpath,/home/lsoave/Docker/TMP/buildroot-2013.05/output/host/usr/lib'
ac_cv_env_LD_FOR_TARGET_set=''
ac_cv_env_LD_FOR_TARGET_value=''
ac_cv_env_LD_set='set'
ac_cv_env_LD_value='/usr/bin/ld'
ac_cv_env_LIBS_set=''
ac_cv_env_LIBS_value=''
ac_cv_env_LIPO_FOR_TARGET_set=''
ac_cv_env_LIPO_FOR_TARGET_value=''
ac_cv_env_LIPO_set=''
ac_cv_env_LIPO_value=''
ac_cv_env_NM_FOR_TARGET_set=''
ac_cv_env_NM_FOR_TARGET_value=''
ac_cv_env_NM_set='set'
ac_cv_env_NM_value='/usr/bin/nm'
ac_cv_env_OBJCOPY_set=''
ac_cv_env_OBJCOPY_value=''
ac_cv_env_OBJDUMP_FOR_TARGET_set=''
ac_cv_env_OBJDUMP_FOR_TARGET_value=''
ac_cv_env_OBJDUMP_set=''
ac_cv_env_OBJDUMP_value=''
ac_cv_env_RANLIB_FOR_TARGET_set=''
ac_cv_env_RANLIB_FOR_TARGET_value=''
ac_cv_env_RANLIB_set=''
ac_cv_env_RANLIB_value=''
ac_cv_env_STRIP_FOR_TARGET_set=''
ac_cv_env_STRIP_FOR_TARGET_value=''
ac_cv_env_STRIP_set=''
ac_cv_env_STRIP_value=''
ac_cv_env_WINDMC_FOR_TARGET_set=''
ac_cv_env_WINDMC_FOR_TARGET_value=''
ac_cv_env_WINDMC_set=''
ac_cv_env_WINDMC_value=''
ac_cv_env_WINDRES_FOR_TARGET_set=''
ac_cv_env_WINDRES_FOR_TARGET_value=''
ac_cv_env_WINDRES_set=''
ac_cv_env_WINDRES_value=''
ac_cv_env_build_alias_set=''
ac_cv_env_build_alias_value=''
ac_cv_env_build_configargs_set=''
ac_cv_env_build_configargs_value=''
ac_cv_env_host_alias_set=''
ac_cv_env_host_alias_value=''
ac_cv_env_host_configargs_set=''
ac_cv_env_host_configargs_value=''
ac_cv_env_target_alias_set='set'
ac_cv_env_target_alias_value='x86_64-buildroot-linux-uclibc'
ac_cv_env_target_configargs_set=''
ac_cv_env_target_configargs_value=''
ac_cv_host='x86_64-unknown-linux-gnu'
ac_cv_objext='o'
ac_cv_path_SED='/bin/sed'
ac_cv_path_install='/usr/bin/install -c'
ac_cv_prog_AR='/usr/bin/ar'
ac_cv_prog_AS='/usr/bin/as'
ac_cv_prog_AWK='mawk'
ac_cv_prog_LD='/usr/bin/ld'
ac_cv_prog_M4='m4'
ac_cv_prog_NM='/usr/bin/nm'
ac_cv_prog_OBJCOPY='objcopy'
ac_cv_prog_OBJDUMP='objdump'
ac_cv_prog_RANLIB='ranlib'
ac_cv_prog_STRIP='strip'
ac_cv_prog_ac_ct_CC='/usr/bin/gcc'
ac_cv_prog_cc_c89=''
ac_cv_prog_cc_g='yes'
ac_cv_prog_cxx_g='yes'
ac_cv_target='x86_64-buildroot-linux-uclibc'
acx_cv_cc_gcc_supports_ada='no'
acx_cv_prog_LN='ln'
gcc_cv_prog_cmp_skip='cmp --ignore-initial=16 $$f1 $$f2'
gcc_cv_tool_dirs=''
gcc_cv_tool_prefix='/home/lsoave/Docker/TMP/buildroot-2013.05/output/host/usr'
lt_cv_objdir='.libs'

## ----------------- ##
## Output variables. ##
## ----------------- ##

AR='/usr/bin/ar'
AR_FOR_BUILD='$(AR)'
AR_FOR_TARGET='$$r/$(HOST_SUBDIR)/binutils/ar'
AS='/usr/bin/as'
AS_FOR_BUILD='$(AS)'
AS_FOR_TARGET='$$r/$(HOST_SUBDIR)/gas/as-new'
AWK='mawk'
BISON='/home/lsoave/Docker/TMP/buildroot-2013.05/output/build/host-binutils-2.21.1/missing bison'
BUILD_CONFIG=''
CC='/usr/bin/gcc'
CC_FOR_BUILD='$(CC)'
CC_FOR_TARGET='x86_64-buildroot-linux-uclibc-cc'
CFLAGS='-O2 -I/home/lsoave/Docker/TMP/buildroot-2013.05/output/host/usr/include'
CFLAGS_FOR_BUILD='-O2 -I/home/lsoave/Docker/TMP/buildroot-2013.05/output/host/usr/include'
CFLAGS_FOR_TARGET='-g -O2 -I/home/lsoave/Docker/TMP/buildroot-2013.05/output/host/usr/include'
COMPILER_AS_FOR_TARGET='$(AS_FOR_TARGET)'
COMPILER_LD_FOR_TARGET='$(LD_FOR_TARGET)'
COMPILER_NM_FOR_TARGET='$(NM_FOR_TARGET)'
CONFIGURE_GDB_TK=''
CPPFLAGS='-I/home/lsoave/Docker/TMP/buildroot-2013.05/output/host/usr/include'
CXX='/usr/bin/g++'
CXXFLAGS='-O2 -I/home/lsoave/Docker/TMP/buildroot-2013.05/output/host/usr/include'
CXXFLAGS_FOR_BUILD='-O2 -I/home/lsoave/Docker/TMP/buildroot-2013.05/output/host/usr/include'
CXXFLAGS_FOR_TARGET='-g -O2 -I/home/lsoave/Docker/TMP/buildroot-2013.05/output/host/usr/include'
CXX_FOR_BUILD='$(CXX)'
CXX_FOR_TARGET='x86_64-buildroot-linux-uclibc-c++'
DEBUG_PREFIX_CFLAGS_FOR_TARGET=''
DEFS='-DPACKAGE_NAME=\"\" -DPACKAGE_TARNAME=\"\" -DPACKAGE_VERSION=\"\" -DPACKAGE_STRING=\"\" -DPACKAGE_BUGREPORT=\"\" -DPACKAGE_URL=\"\" -DLT_OBJDIR=\".libs/\"'
DLLTOOL='dlltool'
DLLTOOL_FOR_BUILD='$(DLLTOOL)'
DLLTOOL_FOR_TARGET='$$r/$(HOST_SUBDIR)/binutils/dlltool'
ECHO_C=''
ECHO_N='-n'
ECHO_T=''
EXEEXT=''
EXPECT='expect'
FLAGS_FOR_TARGET=' -L$$r/$(HOST_SUBDIR)/ld'
FLEX='/home/lsoave/Docker/TMP/buildroot-2013.05/output/build/host-binutils-2.21.1/missing flex'
GCC_FOR_TARGET='x86_64-buildroot-linux-uclibc-gcc'
GCC_SHLIB_SUBDIR=''
GCJ_FOR_BUILD='$(GCJ)'
GCJ_FOR_TARGET='x86_64-buildroot-linux-uclibc-gcj'
GDB_TK=''
GFORTRAN_FOR_BUILD='$(GFORTRAN)'
GFORTRAN_FOR_TARGET='x86_64-buildroot-linux-uclibc-gfortran'
GNATBIND='no'
GNATMAKE='no'
INSTALL_DATA='${INSTALL} -m 644'
INSTALL_GDB_TK=''
INSTALL_PROGRAM='${INSTALL}'
INSTALL_SCRIPT='${INSTALL}'
LD='/usr/bin/ld'
LDFLAGS='-L/home/lsoave/Docker/TMP/buildroot-2013.05/output/host/lib -L/home/lsoave/Docker/TMP/buildroot-2013.05/output/host/usr/lib -Wl,-rpath,/home/lsoave/Docker/TMP/buildroot-2013.05/output/host/usr/lib'
LDFLAGS_FOR_BUILD='-L/home/lsoave/Docker/TMP/buildroot-2013.05/output/host/lib -L/home/lsoave/Docker/TMP/buildroot-2013.05/output/host/usr/lib -Wl,-rpath,/home/lsoave/Docker/TMP/buildroot-2013.05/output/host/usr/lib'
LD_FOR_BUILD='$(LD)'
LD_FOR_TARGET='$$r/$(HOST_SUBDIR)/ld/ld-new'
LEX='/home/lsoave/Docker/TMP/buildroot-2013.05/output/build/host-binutils-2.21.1/missing flex'
LIBOBJS=''
LIBS=''
LIPO='lipo'
LIPO_FOR_TARGET='x86_64-buildroot-linux-uclibc-lipo'
LN='ln'
LN_S='ln -s'
LTLIBOBJS=''
M4='m4'
MAINT='#'
MAINTAINER_MODE_FALSE=''
MAINTAINER_MODE_TRUE='#'
MAKEINFO='/home/lsoave/Docker/TMP/buildroot-2013.05/output/build/host-binutils-2.21.1/missing makeinfo'
NM='/usr/bin/nm'
NM_FOR_BUILD='$(NM)'
NM_FOR_TARGET='$$r/$(HOST_SUBDIR)/binutils/nm-new'
OBJCOPY='objcopy'
OBJDUMP='objdump'
OBJDUMP_FOR_TARGET='$$r/$(HOST_SUBDIR)/binutils/objdump'
OBJEXT='o'
PACKAGE_BUGREPORT=''
PACKAGE_NAME=''
PACKAGE_STRING=''
PACKAGE_TARNAME=''
PACKAGE_URL=''
PACKAGE_VERSION=''
PATH_SEPARATOR=':'
RANLIB='ranlib'
RANLIB_FOR_BUILD='$(RANLIB)'
RANLIB_FOR_TARGET='$$r/$(HOST_SUBDIR)/binutils/ranlib'
RAW_CXX_FOR_TARGET='x86_64-buildroot-linux-uclibc-c++'
RPATH_ENVVAR='LD_LIBRARY_PATH'
RUNTEST='runtest'
SED='/bin/sed'
SHELL='/bin/bash'
STRIP='strip'
STRIP_FOR_TARGET='$$r/$(HOST_SUBDIR)/binutils/strip'
SYSROOT_CFLAGS_FOR_TARGET=''
TOPLEVEL_CONFIGURE_ARGUMENTS='./configure --prefix=/home/lsoave/Docker/TMP/buildroot-2013.05/output/host/usr --sysconfdir=/home/lsoave/Docker/TMP/buildroot-2013.05/output/host/etc --enable-shared --disable-static --disable-gtk-doc --disable-doc --disable-docs --disable-documentation --with-xmlto=no --with-fop=no --disable-multilib --disable-werror --target=x86_64-buildroot-linux-uclibc --disable-shared --enable-static --with-sysroot=/home/lsoave/Docker/TMP/buildroot-2013.05/output/host/usr/x86_64-buildroot-linux-uclibc/sysroot'
WINDMC='windmc'
WINDMC_FOR_BUILD='$(WINDMC)'
WINDMC_FOR_TARGET='$$r/$(HOST_SUBDIR)/binutils/windmc'
WINDRES='windres'
WINDRES_FOR_BUILD='$(WINDRES)'
WINDRES_FOR_TARGET='$$r/$(HOST_SUBDIR)/binutils/windres'
YACC='/home/lsoave/Docker/TMP/buildroot-2013.05/output/build/host-binutils-2.21.1/missing bison -y'
ac_ct_CC='/usr/bin/gcc'
ac_ct_CXX=''
bindir='${exec_prefix}/bin'
build='x86_64-unknown-linux-gnu'
build_alias=''
build_configargs=' --cache-file=../config.cache '\''--prefix=/home/lsoave/Docker/TMP/buildroot-2013.05/output/host/usr'\'' '\''--sysconfdir=/home/lsoave/Docker/TMP/buildroot-2013.05/output/host/etc'\'' '\''--enable-shared'\'' '\''--disable-static'\'' '\''--disable-gtk-doc'\'' '\''--disable-doc'\'' '\''--disable-docs'\'' '\''--disable-documentation'\'' '\''--with-xmlto=no'\'' '\''--with-fop=no'\'' '\''--disable-multilib'\'' '\''--disable-werror'\'' '\''--disable-shared'\'' '\''--enable-static'\'' '\''--with-sysroot=/home/lsoave/Docker/TMP/buildroot-2013.05/output/host/usr/x86_64-buildroot-linux-uclibc/sysroot'\'' --program-transform-name='\''s&^&x86_64-buildroot-linux-uclibc-&'\'' --disable-option-checking'
build_configdirs=' libiberty'
build_cpu='x86_64'
build_libsubdir='build-x86_64-unknown-linux-gnu'
build_noncanonical='x86_64-unknown-linux-gnu'
build_os='linux-gnu'
build_subdir='build-x86_64-unknown-linux-gnu'
build_tooldir='${exec_prefix}/x86_64-buildroot-linux-uclibc'
build_vendor='unknown'
clooginc=''
clooglibs=''
compare_exclusions='gcc/cc*-checksum$(objext) | gcc/ada/*tools/*'
config_shell='/bin/bash'
configdirs=' intl libiberty opcodes bfd binutils gas ld gprof etc'
datadir='${datarootdir}'
datarootdir='${prefix}/share'
do_compare='cmp --ignore-initial=16 $$f1 $$f2'
docdir='${datarootdir}/doc/${PACKAGE}'
dvidir='${docdir}'
exec_prefix='${prefix}'
extra_host_libiberty_configure_flags=''
extra_mpc_gmp_configure_flags=''
extra_mpc_mpfr_configure_flags=''
extra_mpfr_configure_flags=''
gmpinc=''
gmplibs='-lmpc -lmpfr -lgmp'
host='x86_64-unknown-linux-gnu'
host_alias=''
host_configargs=' --cache-file=./config.cache  --with-gnu-as --with-gnu-ld --with-system-zlib '\''--prefix=/home/lsoave/Docker/TMP/buildroot-2013.05/output/host/usr'\'' '\''--sysconfdir=/home/lsoave/Docker/TMP/buildroot-2013.05/output/host/etc'\'' '\''--enable-shared'\'' '\''--disable-static'\'' '\''--disable-gtk-doc'\'' '\''--disable-doc'\'' '\''--disable-docs'\'' '\''--disable-documentation'\'' '\''--with-xmlto=no'\'' '\''--with-fop=no'\'' '\''--disable-multilib'\'' '\''--disable-werror'\'' '\''--disable-shared'\'' '\''--enable-static'\'' '\''--with-sysroot=/home/lsoave/Docker/TMP/buildroot-2013.05/output/host/usr/x86_64-buildroot-linux-uclibc/sysroot'\'' --program-transform-name='\''s&^&x86_64-buildroot-linux-uclibc-&'\'' --disable-option-checking'
host_cpu='x86_64'
host_noncanonical='x86_64-unknown-linux-gnu'
host_os='linux-gnu'
host_subdir='.'
host_vendor='unknown'
htmldir='${docdir}'
includedir='${prefix}/include'
infodir='${datarootdir}/info'
libdir='${exec_prefix}/lib'
libexecdir='${exec_prefix}/libexec'
localedir='${datarootdir}/locale'
localstatedir='${prefix}/var'
mandir='${datarootdir}/man'
oldincludedir='/usr/include'
pdfdir='${docdir}'
poststage1_ldflags=''
poststage1_libs=''
pplinc=''
ppllibs=''
prefix='/home/lsoave/Docker/TMP/buildroot-2013.05/output/host/usr'
program_transform_name='s&^&x86_64-buildroot-linux-uclibc-&'
psdir='${docdir}'
sbindir='${exec_prefix}/sbin'
sharedstatedir='${prefix}/com'
stage1_cflags='-g -fkeep-inline-functions'
stage1_checking='--enable-checking=yes,types'
stage1_languages=',c,'
stage1_ldflags=''
stage1_libs=''
stage2_werror_flag=''
sysconfdir='/home/lsoave/Docker/TMP/buildroot-2013.05/output/host/etc'
target='x86_64-buildroot-linux-uclibc'
target_alias='x86_64-buildroot-linux-uclibc'
target_configargs='--cache-file=./config.cache --with-cross-host=x86_64-unknown-linux-gnu  '\''--prefix=/home/lsoave/Docker/TMP/buildroot-2013.05/output/host/usr'\'' '\''--sysconfdir=/home/lsoave/Docker/TMP/buildroot-2013.05/output/host/etc'\'' '\''--enable-shared'\'' '\''--disable-static'\'' '\''--disable-gtk-doc'\'' '\''--disable-doc'\'' '\''--disable-docs'\'' '\''--disable-documentation'\'' '\''--with-xmlto=no'\'' '\''--with-fop=no'\'' '\''--disable-multilib'\'' '\''--disable-werror'\'' '\''--disable-shared'\'' '\''--enable-static'\'' '\''--with-sysroot=/home/lsoave/Docker/TMP/buildroot-2013.05/output/host/usr/x86_64-buildroot-linux-uclibc/sysroot'\'' --program-transform-name='\''s&^&x86_64-buildroot-linux-uclibc-&'\'' --disable-option-checking'
target_configdirs=''
target_cpu='x86_64'
target_noncanonical='x86_64-buildroot-linux-uclibc'
target_os='linux-uclibc'
target_subdir='x86_64-buildroot-linux-uclibc'
target_vendor='buildroot'
tooldir='${exec_prefix}/x86_64-buildroot-linux-uclibc'

## ------------------- ##
## File substitutions. ##
## ------------------- ##

alphaieee_frag='/dev/null'
host_makefile_frag='/dev/null'
ospace_frag='/dev/null'
serialization_dependencies='serdep.tmp'
target_makefile_frag='./config/mt-gnu'

## ----------- ##
## confdefs.h. ##
## ----------- ##

/* confdefs.h */
#define PACKAGE_NAME ""
#define PACKAGE_TARNAME ""
#define PACKAGE_VERSION ""
#define PACKAGE_STRING ""
#define PACKAGE_BUGREPORT ""
#define PACKAGE_URL ""
#define LT_OBJDIR ".libs/"

configure: exit 0
